mkdir: cannot create directory 'new_results': File exists
Thu Jun 15 21:32:13 CEST 2023
EarleyParser invoked with arguments [-in, data/eval_subset_100.txt.txt, -grammar, grammars/1.0_petrov.grammar, -out, new_results/eval_subset_100.txt, -verbose, 1, -thread, 32]
In grammar file = grammars/1.0_petrov.grammar
# Root symbol = ROOT
# Objectives = surprisal,stringprob
# isSparse = false
# isLogProb = true
# isScaling = false
# decodeOpt = 
# verbose opt = 1
# Num threads = 32
# Filter length = 0
# ioOpt = 
# maxIteration = 0
# Input file =data/eval_subset_100.txt.txt
! Main: error loading input file data/eval_subset_100.txt.txt
java.io.FileNotFoundException: data/eval_subset_100.txt.txt (No such file or directory)
srun: error: tcn518: task 0: Exited with exit code 1
srun: launch/slurm: _step_signal: Terminating StepId=2921830.0
Thu Jun 15 21:32:17 CEST 2023
cp: cannot stat '/scratch-local/jumelet.2921830/earleyx/new_results/*': No such file or directory

JOB STATISTICS
==============
Job ID: 2921830
Cluster: snellius
User/Group: jumelet/jumelet
State: FAILED (exit code 1)
Nodes: 1
Cores per node: 32
CPU Utilized: 00:00:01
CPU Efficiency: 0.22% of 00:07:28 core-walltime
Job Wall-clock time: 00:00:14
Memory Utilized: 1.50 MB
Memory Efficiency: 0.01% of 16.00 GB
