mkdir: cannot create directory 'new_results': File exists
Thu Jun 15 17:25:43 CEST 2023
EarleyParser invoked with arguments [-in, data/petrov_mini.txt, -grammar, grammars/1.0_petrov.grammar, -out, new_results/petrov_mini, -verbose, 1, -thread, 32]
In grammar file = grammars/1.0_petrov.grammar
# Root symbol = ROOT
# Objectives = surprisal,stringprob
# isSparse = false
# isLogProb = true
# isScaling = false
# decodeOpt = 
# verbose opt = 1
# Num threads = 32
# Filter length = 0
# ioOpt = 
# maxIteration = 0
# Input file =data/petrov_mini.txt
[the, , ointment, and, saluted, throughout, magnificent, It, heard, cripple, .]
# Need to parse 2
# LeftWildcard Edge Space

## Parsing rule data ...  (10000)  (20000)  (30000)  (40000)  (50000)  (60000)  (70000)  (80000)  (90000)  (100000)  (110000)  (120000)  (130000)  (140000)  (150000)  (170000)  (180000)  (190000)  (210000)  (220000)  (240000)  (250000)  (260000)  (270000)  (280000)  (290000)  (300000)  (310000)  (320000)  (330000)  (360000)  (370000)  (380000)  (390000)  (400000)  (410000)  (420000)  (430000)  (440000)  (450000)  (460000)  (470000)  (480000)  (490000)  (500000)  (520000)  (530000)  (540000)  (560000)  (570000)  (580000)  (590000)  (600000)  (610000)  (620000)  (630000)  (640000)  (650000)  (660000)  (680000)  (690000)  (710000)  (720000)  (730000)  (740000)  (750000)  (760000)  (770000)  (780000)  (790000)  (800000)  (810000)  (820000)  (830000)  (840000)  (850000)  (860000)  (870000)  (880000)  (900000)  (910000)  (920000)  (930000)  (940000)  (950000)  (960000)  (970000)  (990000)  (1000000)  (1010000)  (1020000)  (1030000)  (1040000)  (1060000)  (1070000)  (1080000)  (1090000)  (1100000)  (1140000)  (1150000)  (1160000)  (1170000)  (1180000)  (1190000)  (1200000)  (1210000)  (1220000)  (1230000)  (1240000)  (1260000)  (1280000)  (1290000)  (1300000)  (1320000)  (1330000)  (1340000)  (1350000)  (1360000)  (1370000)  (1380000)  (1390000)  (1400000)  (1410000)  (1420000)  (1430000)  (1440000)  (1450000)  (1460000)  (1470000)  (1480000)  (1490000)  (1510000)  (1520000)  (1530000)  (1540000)  (1550000)  (1560000)  (1570000)  (1590000)  (1600000)  (1610000)  (1620000)  (1630000)  (1640000)  (1650000)  (1660000)  (1670000)  (1680000)  (1690000)  (1700000)  (1710000)  (1720000)  (1730000)  (1740000)  (1750000)  (1760000)  (1770000)  (1780000)  (1790000)  (1800000)  (1810000)  (1830000)  (1840000)  (1870000)  (1880000)  (1890000)  (1900000)  (1910000)  (1920000)  (1940000)  (1950000)  (1960000)  (1970000)  (1980000)  (1990000)  (2010000)  (2020000)  (2030000)  (2040000)  (2050000)  (2060000)  (2070000)  (2080000)  (2090000)  (2100000)  (2110000)  (2120000)  (2140000)  (2150000)  (2170000)  (2180000)  (2190000)  (2200000)  (2210000)  (2220000)  (2230000)  (2240000)  (2250000)  (2270000)  (2290000)  (2300000)  (2310000)  (2320000)  (2330000)  (2340000)  (2350000)  (2360000)  (2370000)  (2380000)  (2390000)  (2400000)  (2410000)  (2420000)  (2430000)  (2440000)  (2450000)  (2480000)  (2490000)  (2500000)  (2510000)  (160000)  (340000)  (510000)  (550000)  (670000)  (700000)  (980000)  (1050000)  (1110000)  (1250000)  (1270000)  (1310000)  (1500000)  (1580000)  (1820000)  (1850000)  (1860000)  (1930000)  (2000000)  (2130000)  (2160000)  (2260000)  (2470000) 
# ruleSet 198533
Num rules = 0, num fragment rules = 0 (num multiple terminal rules = 0). Tag index size = 720, word index size = 54493. done [13.8 sec].

## Setting up edge space ...  (10000)  (20000)  (30000)  (40000)  (50000)  (60000)  (70000)  (80000)  (90000)  (100000)  (110000)  (120000)  (130000)  (140000)  (150000)  (160000)  (170000)  (180000)  (190000) Num rules=197923, state space size=225636. done [0.4 sec].

### Learning grammar ... 

# Construct left-corner relation matrix 311 x 311
 (10000)  (20000)  (30000)  (40000)  (50000)  (60000)  (70000)  (80000)  (90000)  (100000) Done! Num rules processed =108460 Time elapsed: 145 ms

# Building left-corner closure matrix...
  num rows=311, num non-zero rows=305
 (10)  (20)  (30)  (40)  (50)  (60)  (70)  (80)  (90)  (100)  (110)  (120)  (130)  (140)  (150)  (160)  (170)  (180)  (190)  (200)  (210)  (220)  (230)  (240)  (250)  (260)  (270)  (280)  (290)  (300) Done=! Time elapsed: 1477 ms

# Construct unit-production relation matrix 720 x 720
 (100)  (200)  (300)  (400)  (500)  (600)  (700)  (800)  (900)  (1000)  (1100)  (1200)  (1300)  (1400)  (1500)  (1600)  (1700)  (1800)  (1900)  (2000)  (2100)  (2200)  (2300)  (2400)  (2500)  (2600)  (2700)  (2800)  (2900)  (3000)  (3100)  (3200)  (3300)  (3400)  (3500)  (3600)  (3700)  (3800)  (3900)  (4000)  (4100)  (4200)  (4300)  (4400)  (4500)  (4600)  (4700)  (4800)  (4900)  (5000)  (5100)  (5200)  (5300)  (5400)  (5500)  (5600)  (5700)  (5800)  (5900)  (6000)  (6100)  (6200)  (6300)  (6400)  (6500)  (6600)  (6700)  (6800)  (6900)  (7000)  (7100)  (7200)  (7300)  (7400)  (7500)  (7600)  (7700)  (7800)  (7900)  (8000)  (8100)  (8200)  (8300)  (8400)  (8500)  (8600)  (8700)  (8800)  (8900)  (9000)  (9100)  (9200)  (9300)  (9400)  (9500)  (9600)  (9700)  (9800)  (9900) Done! Num unary rules=9988 Time elapsed: 35 ms

# Building unary closure matrix...
  num rows=720, num non-zero rows=158
 (10)  (20)  (30)  (40)  (50)  (60)  (70)  (80)  (90)  (100)  (110)  (120)  (130)  (140)  (150) Done=! Time elapsed: 1412 ms

# Processing extended rules ... ... Num extended rules=0, tag index size =720, word index size = 54493 done [0.0 sec].

## Constructing predictions ... 197923 ...  (10000)  (20000)  (30000)  (40000)  (50000)  (60000)  (70000)  (80000)  (90000)  (100000)  (110000)  (120000)  (130000)  (140000)  (150000)  (160000)  (170000)  (180000)  (190000) # Constructing complete predictions ...
224916
 (0)  (10000)  (20000)  (30000)  (40000)  (50000)  (60000)  (70000)  (80000)  (90000)  (100000)  (110000)  (120000)  (130000)  (140000)  (150000)  (160000)  (170000)  (180000)  (190000)  (200000)  (210000)  (220000) Done! Total predictions=54468309, num nonterminals with predictions=307 done [6.1 sec].

## Constructing completions ...  (0)  (10000)  (20000)  (30000)  (40000)  (50000)  (60000)  (70000)  (80000)  (90000)  (100000)  (110000)  (120000)  (130000)  (140000)  (150000)  (160000)  (170000)  (180000)  (190000)  (200000)  (210000)  (220000) Done with completion Time elapsed: 207491 ms
! Done building grammar. Time elapsed: 0 ms
# EarleyParserDense
# EarleyParserDense
# EarleyParserDense
# EarleyParserDense
# EarleyParserDense
# EarleyParserDense
# EarleyParserDense
# EarleyParserDense
# EarleyParserDense
# EarleyParserDense
# EarleyParserDense
# EarleyParserDense
# EarleyParserDense
# EarleyParserDense
# EarleyParserDense
# EarleyParserDense
# EarleyParserDense
# EarleyParserDense
# EarleyParserDense
# EarleyParserDense
# EarleyParserDense
# EarleyParserDense
# EarleyParserDense
# EarleyParserDense
# EarleyParserDense
# EarleyParserDense
# EarleyParserDense
# EarleyParserDense
# EarleyParserDense
# EarleyParserDense
# EarleyParserDense
# EarleyParserDense
## Parsing sent 0: [It, saluted, and, heard, the, magnificent, cripple, throughout, the, ointment, .]
## Parsing sent 1: []
# 1	,  numTags=0
# 1	It,  numTags=1
# Scanning [0, 1]: PRP_0->[It] : 0.11991514116399998
# , finished chartComplete Time elapsed: 99 ms
# , finished chartPredict Time elapsed: 2 ms
[]
prefix: 0.0
surprisal: Infinity
Finished parsing sentence 1. []. Num words = 1, negLogProb=Infinity. Time elapsed: 54 ms
! Failed to parse sentence 1. # It, finished chartComplete Time elapsed: 65 ms
# It, finished chartPredict Time elapsed: 17930 ms
[It]
prefix: 0.02442154583186469
surprisal: 3.7122895104248967
stringprob: 3.554076750471734E-10
# 2	saluted,  numTags=70
# Scanning [1, 2]: JJ_30->[saluted] : 5.862885200000001E-5
# Scanning [1, 2]: VBN_23->[saluted] : 8.851485E-6
# Scanning [1, 2]: JJ_22->[saluted] : 4.404940000000002E-7
# Scanning [1, 2]: JJ_20->[saluted] : 4.485029999999997E-7
# Scanning [1, 2]: NN_25->[saluted] : 7.173240000000006E-7
# Scanning [1, 2]: JJ_27->[saluted] : 5.299670000000002E-7
# Scanning [1, 2]: NN_18->[saluted] : 7.113560000000004E-7
# Scanning [1, 2]: VBD_19->[saluted] : 1.7244208999999988E-5
# Scanning [1, 2]: NN_11->[saluted] : 3.438754399999999E-5
# Scanning [1, 2]: NN_22->[saluted] : 7.247579999999996E-7
# Scanning [1, 2]: NN_2->[saluted] : 3.027290000000001E-7
# Scanning [1, 2]: VBD_8->[saluted] : 2.1847386500000005E-4
# Scanning [1, 2]: NN_28->[saluted] : 7.644950000000007E-7
# Scanning [1, 2]: JJ_21->[saluted] : 4.5395200000000007E-7
# Scanning [1, 2]: VBD_12->[saluted] : 7.642174299999996E-5
# Scanning [1, 2]: NN_10->[saluted] : 4.0895700000000027E-7
# Scanning [1, 2]: NN_14->[saluted] : 5.480910000000004E-7
# Scanning [1, 2]: NN_15->[saluted] : 7.362599999999999E-7
# Scanning [1, 2]: VBD_9->[saluted] : 2.111514600000001E-5
# Scanning [1, 2]: NN_26->[saluted] : 7.254309999999999E-7
# Scanning [1, 2]: VBN_21->[saluted] : 5.88187031E-4
# Scanning [1, 2]: NN_12->[saluted] : 3.810489999999997E-7
# Scanning [1, 2]: NN_9->[saluted] : 1.805488000000001E-6
# Scanning [1, 2]: NN_4->[saluted] : 3.069510000000002E-7
# Scanning [1, 2]: NN_23->[saluted] : 7.041380000000005E-7
# Scanning [1, 2]: VBD_21->[saluted] : 5.773438100000005E-5
# Scanning [1, 2]: VBD_13->[saluted] : 4.972618399999998E-5
# Scanning [1, 2]: JJ_25->[saluted] : 4.826280000000001E-7
# Scanning [1, 2]: VBD_16->[saluted] : 9.220499580000003E-4
# Scanning [1, 2]: NN_6->[saluted] : 3.339439999999999E-7
# Scanning [1, 2]: VBD_7->[saluted] : 2.1777643000000007E-5
# Scanning [1, 2]: NN_0->[saluted] : 3.0794799999999995E-7
# Scanning [1, 2]: NN_1->[saluted] : 3.050159999999999E-7
# Scanning [1, 2]: JJ_19->[saluted] : 4.4881600000000007E-7
# Scanning [1, 2]: VBN_18->[saluted] : 8.191676999999997E-6
# Scanning [1, 2]: VBD_17->[saluted] : 2.5365966999999984E-5
# Scanning [1, 2]: JJ_28->[saluted] : 4.631219999999996E-7
# Scanning [1, 2]: VBN_16->[saluted] : 8.187865999999997E-6
# Scanning [1, 2]: JJ_18->[saluted] : 4.416779999999999E-7
# Scanning [1, 2]: VBN_17->[saluted] : 8.207778999999999E-6
# Scanning [1, 2]: VBN_20->[saluted] : 8.364937000000003E-6
# Scanning [1, 2]: VBN_19->[saluted] : 8.220779999999996E-6
# Scanning [1, 2]: NN_27->[saluted] : 7.317270000000006E-7
# Scanning [1, 2]: VBD_14->[saluted] : 4.7484433900000015E-4
# Scanning [1, 2]: NN_3->[saluted] : 2.988289999999999E-7
# Scanning [1, 2]: NN_8->[saluted] : 4.140619999999998E-7
# Scanning [1, 2]: JJ_16->[saluted] : 4.4297999999999985E-7
# Scanning [1, 2]: VBD_18->[saluted] : 1.2465930100000007E-4
# Scanning [1, 2]: JJ_29->[saluted] : 4.5526999999999976E-7
# Scanning [1, 2]: NN_24->[saluted] : 7.174890000000007E-7
# Scanning [1, 2]: VBD_20->[saluted] : 1.831120400000001E-5
# Scanning [1, 2]: JJ_17->[saluted] : 4.4291999999999984E-7
# Scanning [1, 2]: VBN_22->[saluted] : 8.489185000000006E-6
# Scanning [1, 2]: JJ_26->[saluted] : 5.221399999999999E-7
# Scanning [1, 2]: NN_7->[saluted] : 3.2376000000000025E-7
# Scanning [1, 2]: NN_5->[saluted] : 3.35453E-7
# Scanning [1, 2]: NN_19->[saluted] : 7.314520000000004E-7
# Scanning [1, 2]: VBN_15->[saluted] : 8.38634E-6
# Scanning [1, 2]: NN_20->[saluted] : 8.108491000000005E-5
# Scanning [1, 2]: JJ_24->[saluted] : 4.741389999999997E-7
# Scanning [1, 2]: NN_17->[saluted] : 7.306440000000002E-7
# Scanning [1, 2]: NN_21->[saluted] : 7.150910000000004E-7
# Scanning [1, 2]: NN_13->[saluted] : 3.0232399999999976E-7
# Scanning [1, 2]: VBD_22->[saluted] : 1.9469513999999992E-5
# Scanning [1, 2]: VBD_11->[saluted] : 2.570084559999999E-4
# Scanning [1, 2]: VBD_10->[saluted] : 7.929470099999994E-5
# Scanning [1, 2]: VBD_15->[saluted] : 8.872641600000004E-5
# Scanning [1, 2]: NN_16->[saluted] : 7.11945E-7
# Scanning [1, 2]: JJ_23->[saluted] : 4.420390000000003E-7
# Scanning [1, 2]: JJ_31->[saluted] : 4.748629999999998E-7
# saluted, finished chartComplete Time elapsed: 1504 ms
# saluted, finished chartPredict Time elapsed: 60166 ms
[It, saluted]
prefix: 1.1850430247827763E-6
surprisal: 9.93344196577783
stringprob: 2.7655211309279874E-11
# 3	and,  numTags=64
# Scanning [2, 3]: VB_15->[and] : 2.516497200000001E-4
# Scanning [2, 3]: NNP_12->[and] : 7.003874900000003E-5
# Scanning [2, 3]: NNP_2->[and] : 1.1504687200000004E-4
# Scanning [2, 3]: NNP_28->[and] : 3.88644631E-4
# Scanning [2, 3]: NNP_25->[and] : 1.4155430100000008E-4
# Scanning [2, 3]: CC_0->[and] : 0.009098489511
# Scanning [2, 3]: NNP_4->[and] : 0.0016392367720000005
# Scanning [2, 3]: NNP_23->[and] : 1.5681391899999994E-4
# Scanning [2, 3]: NNP_21->[and] : 0.001437314194
# Scanning [2, 3]: CC_3->[and] : 0.847928842165
# Scanning [2, 3]: NNP_27->[and] : 4.66414141E-4
# Scanning [2, 3]: NNP_0->[and] : 1.2344641100000005E-4
# Scanning [2, 3]: NNP_7->[and] : 7.075011999999998E-5
# Scanning [2, 3]: NNP_29->[and] : 4.76197183E-4
# Scanning [2, 3]: NNP_16->[and] : 0.0032943128899999992
# Scanning [2, 3]: VB_2->[and] : 2.671550550000001E-4
# Scanning [2, 3]: NNP_20->[and] : 0.002117587464999999
# Scanning [2, 3]: VB_23->[and] : 0.0036908153380000005
# Scanning [2, 3]: NNP_17->[and] : 0.005225470485999999
# Scanning [2, 3]: NNP_19->[and] : 0.002080057682
# Scanning [2, 3]: NNP_15->[and] : 7.011129100000005E-5
# Scanning [2, 3]: VB_13->[and] : 2.2844032299999996E-4
# Scanning [2, 3]: VB_12->[and] : 1.9698367099999992E-4
# Scanning [2, 3]: VB_1->[and] : 3.2173266299999977E-4
# Scanning [2, 3]: NNP_11->[and] : 7.440024400000002E-5
# Scanning [2, 3]: VB_4->[and] : 2.032568600000001E-4
# Scanning [2, 3]: NNP_13->[and] : 7.033814599999999E-5
# Scanning [2, 3]: VB_21->[and] : 2.563959990000001E-4
# Scanning [2, 3]: NNP_1->[and] : 0.002897511481000001
# Scanning [2, 3]: VB_5->[and] : 1.76433704E-4
# Scanning [2, 3]: VB_16->[and] : 0.0012921495919999998
# Scanning [2, 3]: VB_7->[and] : 6.632317409999999E-4
# Scanning [2, 3]: NNP_22->[and] : 0.0014248199320000005
# Scanning [2, 3]: VB_20->[and] : 2.84104512E-4
# Scanning [2, 3]: VB_22->[and] : 7.982013110000001E-4
# Scanning [2, 3]: NNP_14->[and] : 8.116706600000001E-5
# Scanning [2, 3]: VB_19->[and] : 0.003197826253000001
# Scanning [2, 3]: VB_9->[and] : 2.5137428400000007E-4
# Scanning [2, 3]: CC_2->[and] : 0.008948665278000001
# Scanning [2, 3]: VB_27->[and] : 0.0061187152250000015
# Scanning [2, 3]: VB_8->[and] : 3.9657658E-4
# Scanning [2, 3]: CC_1->[and] : 9.710993850000004E-4
# Scanning [2, 3]: NNP_18->[and] : 2.1801672299999984E-4
# Scanning [2, 3]: NNP_8->[and] : 7.579882429999997E-4
# Scanning [2, 3]: NNP_10->[and] : 3.9315651599999997E-4
# Scanning [2, 3]: VB_10->[and] : 2.5344082900000017E-4
# Scanning [2, 3]: VB_11->[and] : 1.8830290800000006E-4
# Scanning [2, 3]: VB_0->[and] : 0.019615787703000005
# Scanning [2, 3]: NNP_5->[and] : 1.1322883300000005E-4
# Scanning [2, 3]: NNP_26->[and] : 1.5662467799999993E-4
# Scanning [2, 3]: CC_5->[and] : 0.918562520477
# Scanning [2, 3]: NNP_9->[and] : 7.287113499999996E-5
# Scanning [2, 3]: VB_24->[and] : 3.2776616499999983E-4
# Scanning [2, 3]: VB_18->[and] : 0.009746810681
# Scanning [2, 3]: VB_25->[and] : 2.998158229999998E-4
# Scanning [2, 3]: CC_4->[and] : 0.446717951583
# Scanning [2, 3]: VB_17->[and] : 4.8702588699999996E-4
# Scanning [2, 3]: NNP_3->[and] : 0.0035353386330000004
# Scanning [2, 3]: VB_3->[and] : 3.4071037200000007E-4
# Scanning [2, 3]: NNP_24->[and] : 7.422768699999998E-4
# Scanning [2, 3]: VB_6->[and] : 2.8389177600000013E-4
# Scanning [2, 3]: VB_26->[and] : 3.7283329700000005E-4
# Scanning [2, 3]: VB_14->[and] : 8.648234709999998E-4
# Scanning [2, 3]: NNP_6->[and] : 4.145551249999999E-4
# and, finished chartComplete Time elapsed: 10071 ms
# and, finished chartPredict Time elapsed: 73750 ms
[It, saluted, and]
prefix: 2.2534639495527588E-7
surprisal: 1.6598956092709296
stringprob: 5.835069406270824E-15
# 4	heard,  numTags=124
# Scanning [3, 4]: VBD_8->[heard] : 0.0020947367249999995
# Scanning [3, 4]: NN_22->[heard] : 3.003370000000001E-7
# Scanning [3, 4]: VBD_12->[heard] : 0.0035324506439999995
# Scanning [3, 4]: NNP_9->[heard] : 2.7892000000000025E-6
# Scanning [3, 4]: NN_28->[heard] : 3.00718E-7
# Scanning [3, 4]: NNP_5->[heard] : 2.793972999999999E-6
# Scanning [3, 4]: VBZ_11->[heard] : 7.528224000000005E-6
# Scanning [3, 4]: NNP_24->[heard] : 7.309258999999997E-6
# Scanning [3, 4]: JJ_12->[heard] : 4.3771699999999984E-7
# Scanning [3, 4]: VBZ_13->[heard] : 7.533194000000005E-6
# Scanning [3, 4]: VBD_1->[heard] : 2.5389037599999996E-4
# Scanning [3, 4]: CD_0->[heard] : 1.4413022000000006E-5
# Scanning [3, 4]: VBD_0->[heard] : 4.4641727499999983E-4
# Scanning [3, 4]: VBN_5->[heard] : 0.002292971193000001
# Scanning [3, 4]: VBD_19->[heard] : 9.631039570000003E-4
# Scanning [3, 4]: NN_25->[heard] : 3.218E-7
# Scanning [3, 4]: NN_18->[heard] : 3.0057699999999987E-7
# Scanning [3, 4]: VBN_2->[heard] : 9.679458289999997E-4
# Scanning [3, 4]: VBD_5->[heard] : 5.365675899999999E-4
# Scanning [3, 4]: JJ_4->[heard] : 5.969339999999999E-7
# Scanning [3, 4]: VBN_18->[heard] : 0.056205619392
# Scanning [3, 4]: VBZ_9->[heard] : 7.529070999999999E-6
# Scanning [3, 4]: NNP_1->[heard] : 2.904937999999998E-6
# Scanning [3, 4]: VBN_6->[heard] : 0.002840773591
# Scanning [3, 4]: JJ_15->[heard] : 4.2918399999999983E-7
# Scanning [3, 4]: JJ_5->[heard] : 4.184686599999998E-5
# Scanning [3, 4]: NNP_10->[heard] : 2.786085999999998E-6
# Scanning [3, 4]: JJ_6->[heard] : 4.292459999999999E-7
# Scanning [3, 4]: NNP_8->[heard] : 2.7919759999999978E-6
# Scanning [3, 4]: NN_26->[heard] : 3.004839999999998E-7
# Scanning [3, 4]: VBN_21->[heard] : 0.0016246517089999997
# Scanning [3, 4]: NN_23->[heard] : 3.080610000000002E-7
# Scanning [3, 4]: VBD_21->[heard] : 0.00113310292
# Scanning [3, 4]: NNP_18->[heard] : 7.356062000000006E-6
# Scanning [3, 4]: VBN_11->[heard] : 0.008364627909999997
# Scanning [3, 4]: VBD_20->[heard] : 9.616398299999997E-4
# Scanning [3, 4]: NN_24->[heard] : 3.509801900000002E-5
# Scanning [3, 4]: VBD_4->[heard] : 4.90774664E-4
# Scanning [3, 4]: NNP_20->[heard] : 7.317128000000005E-6
# Scanning [3, 4]: NNP_17->[heard] : 7.314218000000003E-6
# Scanning [3, 4]: VBN_10->[heard] : 9.562341179999998E-4
# Scanning [3, 4]: VBZ_14->[heard] : 7.525202999999995E-6
# Scanning [3, 4]: VBN_17->[heard] : 0.0029289476579999994
# Scanning [3, 4]: JJ_0->[heard] : 4.630800000000001E-7
# Scanning [3, 4]: CD_1->[heard] : 1.4390490000000012E-5
# Scanning [3, 4]: NN_27->[heard] : 3.0094499999999987E-7
# Scanning [3, 4]: VBZ_10->[heard] : 7.5339539999999985E-6
# Scanning [3, 4]: VBN_20->[heard] : 0.008320358190999997
# Scanning [3, 4]: JJ_2->[heard] : 4.290189999999997E-7
# Scanning [3, 4]: JJ_11->[heard] : 1.5886847999999996E-5
# Scanning [3, 4]: VBN_9->[heard] : 0.0023546219810000007
# Scanning [3, 4]: VBD_22->[heard] : 0.0011393297309999996
# Scanning [3, 4]: JJ_9->[heard] : 4.2825900000000024E-7
# Scanning [3, 4]: VBZ_18->[heard] : 7.520879000000006E-6
# Scanning [3, 4]: NNP_28->[heard] : 7.319634999999997E-6
# Scanning [3, 4]: NNP_12->[heard] : 2.789779999999998E-6
# Scanning [3, 4]: VBD_10->[heard] : 0.025774285283999998
# Scanning [3, 4]: VBD_15->[heard] : 0.0014494858740000001
# Scanning [3, 4]: NN_19->[heard] : 3.002970000000002E-7
# Scanning [3, 4]: NNP_29->[heard] : 7.306911000000001E-6
# Scanning [3, 4]: NN_20->[heard] : 3.002499999999999E-7
# Scanning [3, 4]: NNP_0->[heard] : 2.8542100000000025E-6
# Scanning [3, 4]: NNP_21->[heard] : 7.486338000000002E-6
# Scanning [3, 4]: NNP_27->[heard] : 7.317103999999996E-6
# Scanning [3, 4]: NN_21->[heard] : 3.003399999999999E-7
# Scanning [3, 4]: VBD_3->[heard] : 5.632688160000001E-4
# Scanning [3, 4]: VBD_6->[heard] : 0.011252415555000003
# Scanning [3, 4]: VBZ_12->[heard] : 7.5281989999999966E-6
# Scanning [3, 4]: NNP_26->[heard] : 7.308877000000004E-6
# Scanning [3, 4]: NN_15->[heard] : 3.0047499999999997E-7
# Scanning [3, 4]: VBD_9->[heard] : 0.017615349134000004
# Scanning [3, 4]: VBN_23->[heard] : 0.021229320846999997
# Scanning [3, 4]: NNP_6->[heard] : 2.9134600000000016E-6
# Scanning [3, 4]: VBN_8->[heard] : 0.06217705776900001
# Scanning [3, 4]: VBN_7->[heard] : 0.006794346662000001
# Scanning [3, 4]: NNP_3->[heard] : 3.204503999999998E-6
# Scanning [3, 4]: NNP_14->[heard] : 2.7970510000000004E-6
# Scanning [3, 4]: VBD_17->[heard] : 0.0026195612419999998
# Scanning [3, 4]: VBZ_19->[heard] : 6.771500090000004E-4
# Scanning [3, 4]: VBN_1->[heard] : 9.486496079999996E-4
# Scanning [3, 4]: NNP_22->[heard] : 8.575016530000003E-4
# Scanning [3, 4]: VBN_16->[heard] : 0.001776990252
# Scanning [3, 4]: JJ_13->[heard] : 4.389670000000001E-7
# Scanning [3, 4]: VBD_16->[heard] : 0.0015448399690000006
# Scanning [3, 4]: VBZ_17->[heard] : 7.529260000000004E-6
# Scanning [3, 4]: VBD_13->[heard] : 0.0017917180419999995
# Scanning [3, 4]: VBZ_15->[heard] : 7.5277169999999955E-6
# Scanning [3, 4]: VBD_7->[heard] : 0.008760216403999998
# Scanning [3, 4]: VBN_13->[heard] : 0.015286391103999998
# Scanning [3, 4]: JJ_8->[heard] : 4.285270000000002E-7
# Scanning [3, 4]: VBN_22->[heard] : 0.021811160811999998
# Scanning [3, 4]: CD_4->[heard] : 6.469661099999999E-4
# Scanning [3, 4]: NNP_19->[heard] : 7.322881999999999E-6
# Scanning [3, 4]: VBZ_16->[heard] : 7.529039000000006E-6
# Scanning [3, 4]: NNP_11->[heard] : 2.786513000000002E-6
# Scanning [3, 4]: JJ_7->[heard] : 4.285890000000001E-7
# Scanning [3, 4]: VBD_14->[heard] : 0.013878105205
# Scanning [3, 4]: NNP_13->[heard] : 2.7966390000000005E-6
# Scanning [3, 4]: JJ_14->[heard] : 4.320039999999998E-7
# Scanning [3, 4]: CD_5->[heard] : 1.5414899000000015E-5
# Scanning [3, 4]: VBN_19->[heard] : 0.002138749207000001
# Scanning [3, 4]: NNP_15->[heard] : 2.7941049999999987E-6
# Scanning [3, 4]: VBD_18->[heard] : 9.80368416E-4
# Scanning [3, 4]: VBD_2->[heard] : 2.544001400000002E-4
# Scanning [3, 4]: CD_2->[heard] : 1.4392532000000002E-5
# Scanning [3, 4]: VBN_12->[heard] : 0.003895564665000001
# Scanning [3, 4]: VBN_14->[heard] : 0.020629664802
# Scanning [3, 4]: CD_3->[heard] : 1.4394990000000011E-5
# Scanning [3, 4]: NNP_23->[heard] : 7.308433999999998E-6
# Scanning [3, 4]: VBD_11->[heard] : 0.036470812846999996
# Scanning [3, 4]: NNP_4->[heard] : 2.7957939999999994E-6
# Scanning [3, 4]: NNP_2->[heard] : 3.7627168399999994E-4
# Scanning [3, 4]: NNP_25->[heard] : 7.306638999999998E-6
# Scanning [3, 4]: NN_16->[heard] : 3.0028400000000004E-7
# Scanning [3, 4]: VBN_3->[heard] : 0.0010468981160000003
# Scanning [3, 4]: JJ_10->[heard] : 7.534700000000004E-7
# Scanning [3, 4]: VBN_15->[heard] : 0.0021825644000000007
# Scanning [3, 4]: VBN_4->[heard] : 0.001671622789
# Scanning [3, 4]: VBN_0->[heard] : 9.385246749999998E-4
# Scanning [3, 4]: NNP_16->[heard] : 7.372104E-6
# Scanning [3, 4]: JJ_3->[heard] : 4.355709999999999E-7
# Scanning [3, 4]: JJ_1->[heard] : 4.334720000000001E-7
# Scanning [3, 4]: NN_17->[heard] : 3.0031699999999995E-7
# Scanning [3, 4]: NNP_7->[heard] : 2.796343000000001E-6
# heard, finished chartComplete Time elapsed: 11091 ms
# heard, finished chartPredict Time elapsed: 106505 ms
[It, saluted, and, heard]
prefix: 7.037674390543469E-10
surprisal: 5.768946071124219
stringprob: 1.2499488155374567E-13
# 5	the,  numTags=106
# Scanning [4, 5]: DT_7->[the] : 0.005714083838000003
# Scanning [4, 5]: DT_16->[the] : 0.10913516401400002
# Scanning [4, 5]: NNP_14->[the] : 9.516246899999994E-5
# Scanning [4, 5]: NNP_22->[the] : 5.3569940000000025E-6
# Scanning [4, 5]: VBP_14->[the] : 1.1625738E-5
# Scanning [4, 5]: NN_9->[the] : 6.186935E-6
# Scanning [4, 5]: NN_4->[the] : 6.040957999999999E-6
# Scanning [4, 5]: DT_18->[the] : 0.887372311932
# Scanning [4, 5]: VBP_15->[the] : 1.1623440999999995E-5
# Scanning [4, 5]: JJ_13->[the] : 3.6979730000000007E-6
# Scanning [4, 5]: NN_0->[the] : 1.157011280000001E-4
# Scanning [4, 5]: JJ_8->[the] : 3.707441000000002E-6
# Scanning [4, 5]: NN_15->[the] : 4.510572399999998E-5
# Scanning [4, 5]: NNP_26->[the] : 5.345768000000002E-6
# Scanning [4, 5]: NN_10->[the] : 6.3153049999999964E-6
# Scanning [4, 5]: NNP_6->[the] : 6.8248506E-5
# Scanning [4, 5]: NNP_3->[the] : 0.0055346937300000025
# Scanning [4, 5]: DT_4->[the] : 0.007349926888000001
# Scanning [4, 5]: NNP_23->[the] : 7.070993999999998E-6
# Scanning [4, 5]: NNP_4->[the] : 5.814992800000003E-5
# Scanning [4, 5]: NN_13->[the] : 7.787228199999996E-5
# Scanning [4, 5]: JJ_10->[the] : 6.665629199999995E-5
# Scanning [4, 5]: VBP_10->[the] : 1.1625628000000006E-5
# Scanning [4, 5]: NN_16->[the] : 3.9605600000000017E-7
# Scanning [4, 5]: DT_0->[the] : 5.855501270000001E-4
# Scanning [4, 5]: NNP_2->[the] : 1.1683793300000006E-4
# Scanning [4, 5]: NNP_25->[the] : 5.341407999999996E-6
# Scanning [4, 5]: JJ_3->[the] : 5.335050000000003E-6
# Scanning [4, 5]: VBP_18->[the] : 1.1628916000000002E-5
# Scanning [4, 5]: JJ_1->[the] : 4.2494900000000016E-6
# Scanning [4, 5]: NN_5->[the] : 6.037062999999999E-6
# Scanning [4, 5]: VBP_13->[the] : 1.1627508999999996E-5
# Scanning [4, 5]: NNP_16->[the] : 5.368762999999997E-6
# Scanning [4, 5]: NN_17->[the] : 3.8643299999999977E-7
# Scanning [4, 5]: NNP_7->[the] : 7.60545406E-4
# Scanning [4, 5]: VBP_17->[the] : 1.1627276999999993E-5
# Scanning [4, 5]: DT_1->[the] : 5.335478369999998E-4
# Scanning [4, 5]: NNP_19->[the] : 5.350607000000002E-6
# Scanning [4, 5]: VBP_16->[the] : 0.0011510602429999997
# Scanning [4, 5]: NN_7->[the] : 5.764039119999998E-4
# Scanning [4, 5]: NNP_13->[the] : 5.4762028999999974E-5
# Scanning [4, 5]: JJ_14->[the] : 3.7031649999999996E-6
# Scanning [4, 5]: DT_10->[the] : 0.0026502804519999987
# Scanning [4, 5]: NNP_11->[the] : 5.8111756000000035E-5
# Scanning [4, 5]: JJ_7->[the] : 3.74000178E-4
# Scanning [4, 5]: DT_15->[the] : 0.047628499054
# Scanning [4, 5]: DT_14->[the] : 0.049645210137999995
# Scanning [4, 5]: DT_6->[the] : 5.557995030000002E-4
# Scanning [4, 5]: NNP_15->[the] : 5.9912780000000026E-5
# Scanning [4, 5]: VBP_8->[the] : 1.163604800000001E-5
# Scanning [4, 5]: JJ_4->[the] : 3.8125239999999976E-6
# Scanning [4, 5]: DT_13->[the] : 0.05096342154300001
# Scanning [4, 5]: JJ_15->[the] : 3.739968999999998E-6
# Scanning [4, 5]: NNP_1->[the] : 6.228231700000005E-5
# Scanning [4, 5]: NN_6->[the] : 6.0829529999999956E-6
# Scanning [4, 5]: NN_23->[the] : 4.011729999999999E-7
# Scanning [4, 5]: JJ_6->[the] : 1.2456492999999994E-5
# Scanning [4, 5]: JJ_5->[the] : 1.0150482000000005E-5
# Scanning [4, 5]: NNP_10->[the] : 2.3873744900000017E-4
# Scanning [4, 5]: NN_26->[the] : 3.857939999999998E-7
# Scanning [4, 5]: NNP_8->[the] : 5.5671889000000035E-5
# Scanning [4, 5]: NN_12->[the] : 6.0367169999999974E-6
# Scanning [4, 5]: NNP_18->[the] : 5.355417999999996E-6
# Scanning [4, 5]: NN_1->[the] : 6.0598230000000055E-6
# Scanning [4, 5]: NNP_9->[the] : 5.460017600000004E-5
# Scanning [4, 5]: NN_28->[the] : 3.85591E-7
# Scanning [4, 5]: DT_3->[the] : 0.010927327751999998
# Scanning [4, 5]: VBP_12->[the] : 1.1624490000000003E-5
# Scanning [4, 5]: NN_22->[the] : 3.875419999999999E-7
# Scanning [4, 5]: NN_2->[the] : 6.085485E-6
# Scanning [4, 5]: DT_5->[the] : 0.0015961957380000002
# Scanning [4, 5]: NN_14->[the] : 6.219560000000004E-6
# Scanning [4, 5]: NNP_5->[the] : 2.956008040000002E-4
# Scanning [4, 5]: JJ_12->[the] : 3.6994520000000015E-6
# Scanning [4, 5]: VBP_19->[the] : 1.162752900000001E-5
# Scanning [4, 5]: NNP_24->[the] : 9.281938000000006E-6
# Scanning [4, 5]: NN_11->[the] : 6.040311999999997E-6
# Scanning [4, 5]: NN_25->[the] : 3.8604899999999975E-7
# Scanning [4, 5]: NN_18->[the] : 3.856270000000003E-7
# Scanning [4, 5]: DT_9->[the] : 0.003511059038000001
# Scanning [4, 5]: JJ_9->[the] : 5.007838999999996E-6
# Scanning [4, 5]: NNP_12->[the] : 5.483515500000003E-5
# Scanning [4, 5]: NNP_28->[the] : 5.3482720000000036E-6
# Scanning [4, 5]: NN_20->[the] : 3.869E-7
# Scanning [4, 5]: VBP_11->[the] : 1.1623725999999996E-5
# Scanning [4, 5]: NN_19->[the] : 3.8684999999999984E-7
# Scanning [4, 5]: NNP_29->[the] : 5.342009999999997E-6
# Scanning [4, 5]: NN_21->[the] : 3.9171099999999993E-7
# Scanning [4, 5]: DT_8->[the] : 0.007707751607
# Scanning [4, 5]: NNP_21->[the] : 5.344361999999999E-6
# Scanning [4, 5]: NNP_27->[the] : 5.3464520000000025E-6
# Scanning [4, 5]: NNP_0->[the] : 5.63007144E-4
# Scanning [4, 5]: DT_12->[the] : 9.292277549999997E-4
# Scanning [4, 5]: VBP_9->[the] : 1.1629036E-5
# Scanning [4, 5]: NN_24->[the] : 3.863140000000003E-7
# Scanning [4, 5]: NNP_17->[the] : 6.195773479999999E-4
# Scanning [4, 5]: NNP_20->[the] : 5.346413000000001E-6
# Scanning [4, 5]: DT_11->[the] : 0.0010003015309999997
# Scanning [4, 5]: DT_2->[the] : 0.011673783914999998
# Scanning [4, 5]: JJ_0->[the] : 3.896855000000002E-6
# Scanning [4, 5]: NN_3->[the] : 6.037348999999995E-6
# Scanning [4, 5]: JJ_2->[the] : 4.692548700000002E-5
# Scanning [4, 5]: NN_27->[the] : 3.855770000000003E-7
# Scanning [4, 5]: DT_17->[the] : 0.818466582926
# Scanning [4, 5]: JJ_11->[the] : 3.795978000000003E-6
# Scanning [4, 5]: NN_8->[the] : 8.161098999999996E-6
# the, finished chartComplete Time elapsed: 18956 ms
# the, finished chartPredict Time elapsed: 144899 ms
[It, saluted, and, heard, the]
prefix: 8.50208080164801E-11
surprisal: 2.1135519326051515
stringprob: 9.234403536820471E-17
# 6	magnificent,  numTags=89
# Scanning [5, 6]: JJ_0->[magnificent] : 9.644199250000004E-4
# Scanning [5, 6]: NNP_13->[magnificent] : 1.7345280000000009E-6
# Scanning [5, 6]: VBG_17->[magnificent] : 1.9240710000000015E-6
# Scanning [5, 6]: JJ_14->[magnificent] : 3.959009600000001E-5
# Scanning [5, 6]: JJ_2->[magnificent] : 1.4535875299999992E-4
# Scanning [5, 6]: VBN_10->[magnificent] : 1.6394139999999988E-6
# Scanning [5, 6]: NNP_11->[magnificent] : 1.8034480000000004E-6
# Scanning [5, 6]: JJ_7->[magnificent] : 3.287887099999998E-5
# Scanning [5, 6]: VBN_9->[magnificent] : 3.307163000000002E-6
# Scanning [5, 6]: NNP_15->[magnificent] : 1.7345239999999993E-6
# Scanning [5, 6]: RB_8->[magnificent] : 4.764954200000002E-5
# Scanning [5, 6]: VBG_14->[magnificent] : 3.243591000000002E-6
# Scanning [5, 6]: JJ_11->[magnificent] : 4.914887579999999E-4
# Scanning [5, 6]: JJ_16->[magnificent] : 1.338391E-5
# Scanning [5, 6]: RB_7->[magnificent] : 1.9190616999999995E-5
# Scanning [5, 6]: JJ_17->[magnificent] : 1.3911521E-5
# Scanning [5, 6]: RB_2->[magnificent] : 5.69355E-7
# Scanning [5, 6]: VBN_11->[magnificent] : 1.6505680000000014E-6
# Scanning [5, 6]: JJ_29->[magnificent] : 2.8296096000000008E-5
# Scanning [5, 6]: UH_1->[magnificent] : 5.633252519999999E-4
# Scanning [5, 6]: RB_6->[magnificent] : 6.044239999999997E-7
# Scanning [5, 6]: RB_12->[magnificent] : 6.081139999999999E-7
# Scanning [5, 6]: JJ_26->[magnificent] : 1.3271669000000009E-5
# Scanning [5, 6]: JJ_3->[magnificent] : 1.8416470800000008E-4
# Scanning [5, 6]: RB_9->[magnificent] : 6.653710000000002E-7
# Scanning [5, 6]: JJ_1->[magnificent] : 6.373829529999998E-4
# Scanning [5, 6]: VBN_4->[magnificent] : 1.6410219999999998E-6
# Scanning [5, 6]: VBN_0->[magnificent] : 1.639039999999999E-6
# Scanning [5, 6]: VBG_23->[magnificent] : 1.9263820000000002E-6
# Scanning [5, 6]: VBG_15->[magnificent] : 2.2729900000000015E-6
# Scanning [5, 6]: NNP_7->[magnificent] : 1.734342999999999E-6
# Scanning [5, 6]: NNP_0->[magnificent] : 1.729657000000001E-6
# Scanning [5, 6]: JJ_24->[magnificent] : 2.859538260000002E-4
# Scanning [5, 6]: NNP_4->[magnificent] : 1.7340019999999997E-6
# Scanning [5, 6]: VBG_20->[magnificent] : 1.922386E-6
# Scanning [5, 6]: JJ_9->[magnificent] : 3.107245900000002E-5
# Scanning [5, 6]: VBN_12->[magnificent] : 1.665391999999999E-6
# Scanning [5, 6]: VBN_14->[magnificent] : 1.6993959999999992E-6
# Scanning [5, 6]: JJ_23->[magnificent] : 5.177402870000002E-4
# Scanning [5, 6]: JJ_31->[magnificent] : 1.330029199999999E-5
# Scanning [5, 6]: JJ_10->[magnificent] : 2.770215030000001E-4
# Scanning [5, 6]: VBN_3->[magnificent] : 1.640264000000001E-6
# Scanning [5, 6]: RB_5->[magnificent] : 6.118310000000001E-7
# Scanning [5, 6]: NNP_12->[magnificent] : 1.7302460000000004E-6
# Scanning [5, 6]: NNP_2->[magnificent] : 1.7319620000000012E-6
# Scanning [5, 6]: JJ_20->[magnificent] : 1.7450110999999987E-5
# Scanning [5, 6]: NNP_6->[magnificent] : 1.7348670000000009E-6
# Scanning [5, 6]: VBG_13->[magnificent] : 5.175467199999996E-5
# Scanning [5, 6]: VBG_16->[magnificent] : 2.465826699999998E-5
# Scanning [5, 6]: VBN_8->[magnificent] : 1.6692310000000011E-6
# Scanning [5, 6]: JJ_12->[magnificent] : 3.1937619800000004E-4
# Scanning [5, 6]: JJ_30->[magnificent] : 2.7534786999999994E-5
# Scanning [5, 6]: JJ_22->[magnificent] : 1.5883295999999997E-5
# Scanning [5, 6]: VBN_5->[magnificent] : 1.6463470000000007E-6
# Scanning [5, 6]: NNP_3->[magnificent] : 1.730844000000001E-6
# Scanning [5, 6]: JJ_27->[magnificent] : 1.6190349299999998E-4
# Scanning [5, 6]: VBG_19->[magnificent] : 9.892482900000001E-5
# Scanning [5, 6]: VBN_7->[magnificent] : 1.793798E-6
# Scanning [5, 6]: JJ_21->[magnificent] : 1.496260599999999E-5
# Scanning [5, 6]: NNP_9->[magnificent] : 1.8133780000000005E-6
# Scanning [5, 6]: RB_4->[magnificent] : 5.698429999999997E-7
# Scanning [5, 6]: VBG_18->[magnificent] : 1.923847E-6
# Scanning [5, 6]: RB_3->[magnificent] : 5.693240000000002E-7
# Scanning [5, 6]: RB_10->[magnificent] : 5.693579999999999E-7
# Scanning [5, 6]: RB_13->[magnificent] : 7.024800000000003E-7
# Scanning [5, 6]: NNP_5->[magnificent] : 1.7328650000000015E-6
# Scanning [5, 6]: RB_0->[magnificent] : 5.693659999999995E-7
# Scanning [5, 6]: JJ_25->[magnificent] : 1.9349766399999983E-4
# Scanning [5, 6]: JJ_6->[magnificent] : 4.7117705999999994E-5
# Scanning [5, 6]: JJ_5->[magnificent] : 9.854796599999995E-5
# Scanning [5, 6]: NNP_10->[magnificent] : 1.7861519999999993E-6
# Scanning [5, 6]: NNP_8->[magnificent] : 2.3345243500000015E-4
# Scanning [5, 6]: JJ_13->[magnificent] : 5.954606799999997E-5
# Scanning [5, 6]: VBN_13->[magnificent] : 1.6480120000000011E-6
# Scanning [5, 6]: VBG_21->[magnificent] : 1.9238250000000006E-6
# Scanning [5, 6]: JJ_8->[magnificent] : 3.5334708999999977E-5
# Scanning [5, 6]: RB_1->[magnificent] : 5.693159999999999E-7
# Scanning [5, 6]: RB_11->[magnificent] : 5.695420000000002E-7
# Scanning [5, 6]: JJ_28->[magnificent] : 3.91615831E-4
# Scanning [5, 6]: JJ_4->[magnificent] : 2.24166644E-4
# Scanning [5, 6]: VBN_2->[magnificent] : 1.6410379999999986E-6
# Scanning [5, 6]: JJ_19->[magnificent] : 2.1107390799999986E-4
# Scanning [5, 6]: VBG_22->[magnificent] : 1.9238569999999994E-6
# Scanning [5, 6]: NNP_14->[magnificent] : 1.8208469999999988E-6
# Scanning [5, 6]: JJ_15->[magnificent] : 7.392939629999998E-4
# Scanning [5, 6]: JJ_18->[magnificent] : 1.551710699999999E-5
# Scanning [5, 6]: VBN_1->[magnificent] : 1.6389339999999991E-6
# Scanning [5, 6]: NNP_1->[magnificent] : 1.7319270000000008E-6
# Scanning [5, 6]: VBN_6->[magnificent] : 2.0471624800000006E-4
# magnificent, finished chartComplete Time elapsed: 21129 ms
# magnificent, finished chartPredict Time elapsed: 170426 ms
[It, saluted, and, heard, the, magnificent]
prefix: 5.223330947582553E-15
surprisal: 9.697515994756657
stringprob: 3.0996997208800826E-19
# 7	cripple,  numTags=75
# Scanning [6, 7]: NN_27->[cripple] : 2.1970090000000016E-6
# Scanning [6, 7]: VB_4->[cripple] : 4.133049000000003E-6
# Scanning [6, 7]: NNP_13->[cripple] : 2.9114770000000013E-6
# Scanning [6, 7]: VB_1->[cripple] : 4.056208999999997E-6
# Scanning [6, 7]: NNP_11->[cripple] : 2.809230999999999E-6
# Scanning [6, 7]: VB_13->[cripple] : 4.368279999999998E-6
# Scanning [6, 7]: VB_12->[cripple] : 4.015437999999999E-6
# Scanning [6, 7]: JJ_16->[cripple] : 5.119469999999999E-7
# Scanning [6, 7]: VBP_8->[cripple] : 1.0280630000000002E-6
# Scanning [6, 7]: NNP_15->[cripple] : 2.884291999999998E-6
# Scanning [6, 7]: JJ_17->[cripple] : 5.193389999999999E-7
# Scanning [6, 7]: JJ_29->[cripple] : 1.1025200000000008E-6
# Scanning [6, 7]: NN_24->[cripple] : 2.1938549999999993E-6
# Scanning [6, 7]: VBP_9->[cripple] : 9.874544700000007E-5
# Scanning [6, 7]: VBP_16->[cripple] : 1.0060839999999993E-6
# Scanning [6, 7]: JJ_26->[cripple] : 5.512829999999999E-7
# Scanning [6, 7]: VB_2->[cripple] : 3.881107999999999E-6
# Scanning [6, 7]: VBP_18->[cripple] : 1.0079380000000008E-6
# Scanning [6, 7]: NN_20->[cripple] : 2.4206319999999994E-6
# Scanning [6, 7]: VBP_13->[cripple] : 1.0078359999999998E-6
# Scanning [6, 7]: NN_19->[cripple] : 2.3138530000000014E-6
# Scanning [6, 7]: VBP_11->[cripple] : 1.0061830000000006E-6
# Scanning [6, 7]: NNP_7->[cripple] : 3.304763E-6
# Scanning [6, 7]: NN_21->[cripple] : 4.7481389999999975E-5
# Scanning [6, 7]: NN_17->[cripple] : 4.5781408999999966E-5
# Scanning [6, 7]: JJ_24->[cripple] : 5.427519999999995E-7
# Scanning [6, 7]: VBP_17->[cripple] : 1.0056059999999993E-6
# Scanning [6, 7]: NNP_0->[cripple] : 2.820299999999998E-6
# Scanning [6, 7]: NNP_4->[cripple] : 2.9040359999999985E-6
# Scanning [6, 7]: NN_16->[cripple] : 5.933679999999998E-6
# Scanning [6, 7]: VBP_10->[cripple] : 1.0035600000000006E-6
# Scanning [6, 7]: JJ_31->[cripple] : 5.39305E-7
# Scanning [6, 7]: JJ_23->[cripple] : 5.108160000000003E-7
# Scanning [6, 7]: VB_15->[cripple] : 3.814226000000001E-6
# Scanning [6, 7]: NNP_2->[cripple] : 3.7511071999999995E-4
# Scanning [6, 7]: NNP_12->[cripple] : 2.8316270000000007E-6
# Scanning [6, 7]: NNP_6->[cripple] : 3.0076530000000015E-6
# Scanning [6, 7]: JJ_20->[cripple] : 5.17403E-7
# Scanning [6, 7]: VB_6->[cripple] : 3.8097029999999966E-6
# Scanning [6, 7]: VBP_19->[cripple] : 1.0070520000000002E-6
# Scanning [6, 7]: VB_3->[cripple] : 3.824147E-6
# Scanning [6, 7]: VB_14->[cripple] : 3.958937000000003E-6
# Scanning [6, 7]: JJ_22->[cripple] : 5.092720000000004E-7
# Scanning [6, 7]: JJ_30->[cripple] : 5.329389999999997E-7
# Scanning [6, 7]: NN_25->[cripple] : 2.277314E-6
# Scanning [6, 7]: JJ_27->[cripple] : 5.428569999999996E-7
# Scanning [6, 7]: NN_18->[cripple] : 2.7502969999999978E-6
# Scanning [6, 7]: NNP_3->[cripple] : 3.157767999999999E-6
# Scanning [6, 7]: NN_28->[cripple] : 2.159868999999999E-6
# Scanning [6, 7]: JJ_21->[cripple] : 5.235290000000003E-7
# Scanning [6, 7]: NNP_9->[cripple] : 2.830781999999999E-6
# Scanning [6, 7]: NN_22->[cripple] : 3.961196700000003E-5
# Scanning [6, 7]: VBP_12->[cripple] : 1.0048009999999993E-6
# Scanning [6, 7]: NN_15->[cripple] : 4.106755400000002E-5
# Scanning [6, 7]: NNP_5->[cripple] : 2.8826810000000005E-6
# Scanning [6, 7]: VB_11->[cripple] : 3.1827819399999995E-4
# Scanning [6, 7]: VB_0->[cripple] : 6.249732000000003E-6
# Scanning [6, 7]: NN_23->[cripple] : 2.3429560000000003E-6
# Scanning [6, 7]: JJ_25->[cripple] : 5.464059999999997E-7
# Scanning [6, 7]: NNP_8->[cripple] : 2.8769699999999997E-6
# Scanning [6, 7]: NN_26->[cripple] : 7.439526000000007E-5
# Scanning [6, 7]: VBP_15->[cripple] : 9.994879999999998E-7
# Scanning [6, 7]: NNP_10->[cripple] : 2.8000470000000005E-6
# Scanning [6, 7]: VB_10->[cripple] : 5.822380600000001E-5
# Scanning [6, 7]: VB_8->[cripple] : 1.2146501600000006E-4
# Scanning [6, 7]: VB_9->[cripple] : 2.2171471999999996E-5
# Scanning [6, 7]: JJ_28->[cripple] : 6.744689399999998E-5
# Scanning [6, 7]: NNP_14->[cripple] : 2.926824999999999E-6
# Scanning [6, 7]: JJ_19->[cripple] : 5.176119999999998E-7
# Scanning [6, 7]: JJ_18->[cripple] : 5.09316E-7
# Scanning [6, 7]: VB_7->[cripple] : 3.841622000000002E-6
# Scanning [6, 7]: NNP_22->[cripple] : 1.1478999999999994E-7
# Scanning [6, 7]: NNP_1->[cripple] : 2.9309480000000024E-6
# Scanning [6, 7]: VBP_14->[cripple] : 1.003198E-6
# Scanning [6, 7]: VB_5->[cripple] : 3.924589000000002E-6
# cripple, finished chartComplete Time elapsed: 30392 ms
# cripple, finished chartPredict Time elapsed: 171542 ms
[It, saluted, and, heard, the, magnificent, cripple]
prefix: 9.271521358919399E-20
surprisal: 10.939113293420803
stringprob: 1.0097049240570448E-22
# 8	throughout,  numTags=25
# Scanning [7, 8]: IN_24->[throughout] : 2.9204571000000023E-5
# Scanning [7, 8]: IN_21->[throughout] : 1.9483916E-5
# Scanning [7, 8]: IN_12->[throughout] : 1.9474826999999992E-5
# Scanning [7, 8]: IN_2->[throughout] : 9.285867799999999E-5
# Scanning [7, 8]: IN_5->[throughout] : 5.302373700000004E-5
# Scanning [7, 8]: IN_7->[throughout] : 3.605090900000003E-5
# Scanning [7, 8]: IN_15->[throughout] : 2.0431322999999998E-5
# Scanning [7, 8]: IN_13->[throughout] : 0.0016999313579999997
# Scanning [7, 8]: IN_6->[throughout] : 8.428172100000008E-5
# Scanning [7, 8]: IN_0->[throughout] : 0.0015779495680000005
# Scanning [7, 8]: IN_14->[throughout] : 3.837418099999998E-5
# Scanning [7, 8]: IN_1->[throughout] : 0.0011925499590000005
# Scanning [7, 8]: IN_23->[throughout] : 5.35675764E-4
# Scanning [7, 8]: IN_17->[throughout] : 1.9574868000000004E-5
# Scanning [7, 8]: IN_8->[throughout] : 4.109762600000001E-5
# Scanning [7, 8]: IN_20->[throughout] : 1.9805870000000008E-5
# Scanning [7, 8]: IN_3->[throughout] : 7.449954400000007E-5
# Scanning [7, 8]: IN_11->[throughout] : 1.9498609999999994E-5
# Scanning [7, 8]: IN_4->[throughout] : 4.6451619000000033E-5
# Scanning [7, 8]: IN_22->[throughout] : 1.9518905000000018E-5
# Scanning [7, 8]: IN_9->[throughout] : 4.864366800000001E-5
# Scanning [7, 8]: IN_18->[throughout] : 1.985059099999999E-5
# Scanning [7, 8]: IN_16->[throughout] : 5.1423169000000035E-5
# Scanning [7, 8]: IN_10->[throughout] : 4.358845099999996E-5
# Scanning [7, 8]: IN_19->[throughout] : 1.9492270000000008E-5
# throughout, finished chartComplete Time elapsed: 34615 ms
# throughout, finished chartPredict Time elapsed: 222177 ms
[It, saluted, and, heard, the, magnificent, cripple, throughout]
prefix: 2.561464073659184E-23
surprisal: 8.194123762692612
stringprob: 1.2216936084569127E-27
# 9	the,  numTags=106
# Scanning [8, 9]: DT_7->[the] : 0.005714083838000003
# Scanning [8, 9]: DT_16->[the] : 0.10913516401400002
# Scanning [8, 9]: NNP_14->[the] : 9.516246899999994E-5
# Scanning [8, 9]: NNP_22->[the] : 5.3569940000000025E-6
# Scanning [8, 9]: VBP_14->[the] : 1.1625738E-5
# Scanning [8, 9]: NN_9->[the] : 6.186935E-6
# Scanning [8, 9]: NN_4->[the] : 6.040957999999999E-6
# Scanning [8, 9]: DT_18->[the] : 0.887372311932
# Scanning [8, 9]: VBP_15->[the] : 1.1623440999999995E-5
# Scanning [8, 9]: JJ_13->[the] : 3.6979730000000007E-6
# Scanning [8, 9]: NN_0->[the] : 1.157011280000001E-4
# Scanning [8, 9]: JJ_8->[the] : 3.707441000000002E-6
# Scanning [8, 9]: NN_15->[the] : 4.510572399999998E-5
# Scanning [8, 9]: NNP_26->[the] : 5.345768000000002E-6
# Scanning [8, 9]: NN_10->[the] : 6.3153049999999964E-6
# Scanning [8, 9]: NNP_6->[the] : 6.8248506E-5
# Scanning [8, 9]: NNP_3->[the] : 0.0055346937300000025
# Scanning [8, 9]: DT_4->[the] : 0.007349926888000001
# Scanning [8, 9]: NNP_23->[the] : 7.070993999999998E-6
# Scanning [8, 9]: NNP_4->[the] : 5.814992800000003E-5
# Scanning [8, 9]: NN_13->[the] : 7.787228199999996E-5
# Scanning [8, 9]: JJ_10->[the] : 6.665629199999995E-5
# Scanning [8, 9]: VBP_10->[the] : 1.1625628000000006E-5
# Scanning [8, 9]: NN_16->[the] : 3.9605600000000017E-7
# Scanning [8, 9]: DT_0->[the] : 5.855501270000001E-4
# Scanning [8, 9]: NNP_2->[the] : 1.1683793300000006E-4
# Scanning [8, 9]: NNP_25->[the] : 5.341407999999996E-6
# Scanning [8, 9]: JJ_3->[the] : 5.335050000000003E-6
# Scanning [8, 9]: VBP_18->[the] : 1.1628916000000002E-5
# Scanning [8, 9]: JJ_1->[the] : 4.2494900000000016E-6
# Scanning [8, 9]: NN_5->[the] : 6.037062999999999E-6
# Scanning [8, 9]: VBP_13->[the] : 1.1627508999999996E-5
# Scanning [8, 9]: NNP_16->[the] : 5.368762999999997E-6
# Scanning [8, 9]: NN_17->[the] : 3.8643299999999977E-7
# Scanning [8, 9]: NNP_7->[the] : 7.60545406E-4
# Scanning [8, 9]: VBP_17->[the] : 1.1627276999999993E-5
# Scanning [8, 9]: DT_1->[the] : 5.335478369999998E-4
# Scanning [8, 9]: NNP_19->[the] : 5.350607000000002E-6
# Scanning [8, 9]: VBP_16->[the] : 0.0011510602429999997
# Scanning [8, 9]: NN_7->[the] : 5.764039119999998E-4
# Scanning [8, 9]: NNP_13->[the] : 5.4762028999999974E-5
# Scanning [8, 9]: JJ_14->[the] : 3.7031649999999996E-6
# Scanning [8, 9]: DT_10->[the] : 0.0026502804519999987
# Scanning [8, 9]: NNP_11->[the] : 5.8111756000000035E-5
# Scanning [8, 9]: JJ_7->[the] : 3.74000178E-4
# Scanning [8, 9]: DT_15->[the] : 0.047628499054
# Scanning [8, 9]: DT_14->[the] : 0.049645210137999995
# Scanning [8, 9]: DT_6->[the] : 5.557995030000002E-4
# Scanning [8, 9]: NNP_15->[the] : 5.9912780000000026E-5
# Scanning [8, 9]: VBP_8->[the] : 1.163604800000001E-5
# Scanning [8, 9]: JJ_4->[the] : 3.8125239999999976E-6
# Scanning [8, 9]: DT_13->[the] : 0.05096342154300001
# Scanning [8, 9]: JJ_15->[the] : 3.739968999999998E-6
# Scanning [8, 9]: NNP_1->[the] : 6.228231700000005E-5
# Scanning [8, 9]: NN_6->[the] : 6.0829529999999956E-6
# Scanning [8, 9]: NN_23->[the] : 4.011729999999999E-7
# Scanning [8, 9]: JJ_6->[the] : 1.2456492999999994E-5
# Scanning [8, 9]: JJ_5->[the] : 1.0150482000000005E-5
# Scanning [8, 9]: NNP_10->[the] : 2.3873744900000017E-4
# Scanning [8, 9]: NN_26->[the] : 3.857939999999998E-7
# Scanning [8, 9]: NNP_8->[the] : 5.5671889000000035E-5
# Scanning [8, 9]: NN_12->[the] : 6.0367169999999974E-6
# Scanning [8, 9]: NNP_18->[the] : 5.355417999999996E-6
# Scanning [8, 9]: NN_1->[the] : 6.0598230000000055E-6
# Scanning [8, 9]: NNP_9->[the] : 5.460017600000004E-5
# Scanning [8, 9]: NN_28->[the] : 3.85591E-7
# Scanning [8, 9]: DT_3->[the] : 0.010927327751999998
# Scanning [8, 9]: VBP_12->[the] : 1.1624490000000003E-5
# Scanning [8, 9]: NN_22->[the] : 3.875419999999999E-7
# Scanning [8, 9]: NN_2->[the] : 6.085485E-6
# Scanning [8, 9]: DT_5->[the] : 0.0015961957380000002
# Scanning [8, 9]: NN_14->[the] : 6.219560000000004E-6
# Scanning [8, 9]: NNP_5->[the] : 2.956008040000002E-4
# Scanning [8, 9]: JJ_12->[the] : 3.6994520000000015E-6
# Scanning [8, 9]: VBP_19->[the] : 1.162752900000001E-5
# Scanning [8, 9]: NNP_24->[the] : 9.281938000000006E-6
# Scanning [8, 9]: NN_11->[the] : 6.040311999999997E-6
# Scanning [8, 9]: NN_25->[the] : 3.8604899999999975E-7
# Scanning [8, 9]: NN_18->[the] : 3.856270000000003E-7
# Scanning [8, 9]: DT_9->[the] : 0.003511059038000001
# Scanning [8, 9]: JJ_9->[the] : 5.007838999999996E-6
# Scanning [8, 9]: NNP_12->[the] : 5.483515500000003E-5
# Scanning [8, 9]: NNP_28->[the] : 5.3482720000000036E-6
# Scanning [8, 9]: NN_20->[the] : 3.869E-7
# Scanning [8, 9]: VBP_11->[the] : 1.1623725999999996E-5
# Scanning [8, 9]: NN_19->[the] : 3.8684999999999984E-7
# Scanning [8, 9]: NNP_29->[the] : 5.342009999999997E-6
# Scanning [8, 9]: NN_21->[the] : 3.9171099999999993E-7
# Scanning [8, 9]: DT_8->[the] : 0.007707751607
# Scanning [8, 9]: NNP_21->[the] : 5.344361999999999E-6
# Scanning [8, 9]: NNP_27->[the] : 5.3464520000000025E-6
# Scanning [8, 9]: NNP_0->[the] : 5.63007144E-4
# Scanning [8, 9]: DT_12->[the] : 9.292277549999997E-4
# Scanning [8, 9]: VBP_9->[the] : 1.1629036E-5
# Scanning [8, 9]: NN_24->[the] : 3.863140000000003E-7
# Scanning [8, 9]: NNP_17->[the] : 6.195773479999999E-4
# Scanning [8, 9]: NNP_20->[the] : 5.346413000000001E-6
# Scanning [8, 9]: DT_11->[the] : 0.0010003015309999997
# Scanning [8, 9]: DT_2->[the] : 0.011673783914999998
# Scanning [8, 9]: JJ_0->[the] : 3.896855000000002E-6
# Scanning [8, 9]: NN_3->[the] : 6.037348999999995E-6
# Scanning [8, 9]: JJ_2->[the] : 4.692548700000002E-5
# Scanning [8, 9]: NN_27->[the] : 3.855770000000003E-7
# Scanning [8, 9]: DT_17->[the] : 0.818466582926
# Scanning [8, 9]: JJ_11->[the] : 3.795978000000003E-6
# Scanning [8, 9]: NN_8->[the] : 8.161098999999996E-6
# the, finished chartComplete Time elapsed: 49197 ms
# the, finished chartPredict Time elapsed: 246511 ms
[It, saluted, and, heard, the, magnificent, cripple, throughout, the]
prefix: 8.578120333642438E-24
surprisal: 1.093949277617682
stringprob: 2.018204068238806E-30
# 10	ointment,  numTags=29
# Scanning [9, 10]: NN_14->[ointment] : 1.2904113600000007E-4
# Scanning [9, 10]: NN_7->[ointment] : 2.322685E-6
# Scanning [9, 10]: NN_10->[ointment] : 4.276476999999999E-6
# Scanning [9, 10]: NN_15->[ointment] : 9.020879999999999E-7
# Scanning [9, 10]: NN_22->[ointment] : 1.1531476999999992E-5
# Scanning [9, 10]: NN_24->[ointment] : 1.532613999999999E-6
# Scanning [9, 10]: NN_2->[ointment] : 2.3115139999999985E-6
# Scanning [9, 10]: NN_28->[ointment] : 5.2052050000000035E-6
# Scanning [9, 10]: NN_8->[ointment] : 2.3529729999999996E-6
# Scanning [9, 10]: NN_11->[ointment] : 4.5510602000000044E-5
# Scanning [9, 10]: NN_25->[ointment] : 9.41356E-7
# Scanning [9, 10]: NN_18->[ointment] : 3.286436999999997E-6
# Scanning [9, 10]: NN_3->[ointment] : 2.3422750000000012E-6
# Scanning [9, 10]: NN_27->[ointment] : 6.066918799999996E-5
# Scanning [9, 10]: NN_16->[ointment] : 8.770810000000001E-7
# Scanning [9, 10]: NN_13->[ointment] : 7.151453700000006E-5
# Scanning [9, 10]: NN_21->[ointment] : 1.2962540000000006E-6
# Scanning [9, 10]: NN_17->[ointment] : 9.268769999999997E-7
# Scanning [9, 10]: NN_1->[ointment] : 2.2899080000000005E-6
# Scanning [9, 10]: NN_0->[ointment] : 2.355504E-6
# Scanning [9, 10]: NN_4->[ointment] : 2.326361999999999E-6
# Scanning [9, 10]: NN_19->[ointment] : 1.0312480000000007E-6
# Scanning [9, 10]: NN_9->[ointment] : 4.199203999999997E-6
# Scanning [9, 10]: NN_12->[ointment] : 3.259010799999998E-5
# Scanning [9, 10]: NN_5->[ointment] : 2.3431949999999982E-6
# Scanning [9, 10]: NN_26->[ointment] : 1.0235219999999992E-6
# Scanning [9, 10]: NN_20->[ointment] : 2.1504030999999998E-5
# Scanning [9, 10]: NN_6->[ointment] : 1.1570472999999998E-5
# Scanning [9, 10]: NN_23->[ointment] : 1.0614019999999993E-6
# ointment, finished chartComplete Time elapsed: 49715 ms
# ointment, finished chartPredict Time elapsed: 228354 ms
[It, saluted, and, heard, the, magnificent, cripple, throughout, the, ointment]
prefix: 2.43599213490512E-28
surprisal: 10.46920106499254
stringprob: 1.1215342124867299E-30
# 11	.,  numTags=27
# Scanning [10, 11]: VB_24->[.] : 4.2781699999999996E-6
# Scanning [10, 11]: VBZ_12->[.] : 1.0403673999999994E-5
# Scanning [10, 11]: VBZ_16->[.] : 9.146565859999996E-4
# Scanning [10, 11]: VBZ_11->[.] : 1.0403714999999994E-5
# Scanning [10, 11]: VB_23->[.] : 4.284670999999996E-6
# Scanning [10, 11]: VB_21->[.] : 4.2779749999999995E-6
# Scanning [10, 11]: VBZ_13->[.] : 1.0411361999999993E-5
# Scanning [10, 11]: VBZ_10->[.] : 1.0411620999999994E-5
# Scanning [10, 11]: VBZ_14->[.] : 1.0399634000000004E-5
# Scanning [10, 11]: VB_26->[.] : 4.277345000000001E-6
# Scanning [10, 11]: VB_17->[.] : 4.2775530000000035E-6
# Scanning [10, 11]: DOT_2->[.] : 0.05644724116600001
# Scanning [10, 11]: VB_25->[.] : 4.282991999999998E-6
# Scanning [10, 11]: VB_18->[.] : 4.23724481E-4
# Scanning [10, 11]: DOT_1->[.] : 0.098198269253
# Scanning [10, 11]: VBZ_19->[.] : 1.0398054999999993E-5
# Scanning [10, 11]: VBZ_9->[.] : 1.0397154000000004E-5
# Scanning [10, 11]: VB_19->[.] : 4.277498999999997E-6
# Scanning [10, 11]: VB_22->[.] : 4.2775749999999994E-6
# Scanning [10, 11]: VB_20->[.] : 4.277191999999998E-6
# Scanning [10, 11]: VB_16->[.] : 4.407467000000001E-6
# Scanning [10, 11]: VBZ_18->[.] : 1.0393573999999995E-5
# Scanning [10, 11]: VBZ_17->[.] : 3.217930599999999E-5
# Scanning [10, 11]: DOT_0->[.] : 0.997964348716
# Scanning [10, 11]: VBZ_15->[.] : 1.0403010999999999E-5
# Scanning [10, 11]: FW_0->[.] : 0.0025937589009999997
# Scanning [10, 11]: VB_27->[.] : 4.2805700000000014E-6
# ., finished chartComplete Time elapsed: 63155 ms
# ., finished chartPredict Time elapsed: 199330 ms
[It, saluted, and, heard, the, magnificent, cripple, throughout, the, ointment, .]
prefix: 2.0292572459626346E-28
surprisal: 0.18268428373821857
stringprob: 2.0289220255865656E-28
Finished parsing sentence 0. [It, saluted, and, heard, the, magnificent, cripple, throughout, the, ointment, .]. Num words = 11, negLogProb=63.76487797370017. Time elapsed: 1 ms
Thu Jun 15 18:01:52 CEST 2023

JOB STATISTICS
==============
Job ID: 2921791
Cluster: snellius
User/Group: jumelet/jumelet
State: COMPLETED (exit code 0)
Nodes: 1
Cores per node: 128
CPU Utilized: 00:35:58
CPU Efficiency: 0.77% of 3-05:28:32 core-walltime
Job Wall-clock time: 00:36:19
Memory Utilized: 4.19 GB
Memory Efficiency: 26.18% of 16.00 GB
