Thu Jun 15 14:12:08 CEST 2023
Error: A JNI error has occurred, please check your installation and try again
srun: error: tcn447: task 0: Exited with exit code 1
srun: launch/slurm: _step_signal: Terminating StepId=2919739.0
Exception in thread "main" java.lang.UnsupportedClassVersionError: parser/Main has been compiled by a more recent version of the Java Runtime (class file version 55.0), this version of the Java Runtime only recognizes class file versions up to 52.0
	at java.lang.ClassLoader.defineClass1(Native Method)
	at java.lang.ClassLoader.defineClass(ClassLoader.java:756)
	at java.security.SecureClassLoader.defineClass(SecureClassLoader.java:142)
	at java.net.URLClassLoader.defineClass(URLClassLoader.java:473)
	at java.net.URLClassLoader.access$100(URLClassLoader.java:74)
	at java.net.URLClassLoader$1.run(URLClassLoader.java:369)
	at java.net.URLClassLoader$1.run(URLClassLoader.java:363)
	at java.security.AccessController.doPrivileged(Native Method)
	at java.net.URLClassLoader.findClass(URLClassLoader.java:362)
	at java.lang.ClassLoader.loadClass(ClassLoader.java:418)
	at sun.misc.Launcher$AppClassLoader.loadClass(Launcher.java:352)
	at java.lang.ClassLoader.loadClass(ClassLoader.java:351)
	at sun.launcher.LauncherHelper.checkAndLoadMain(LauncherHelper.java:621)
Thu Jun 15 14:12:10 CEST 2023
cp: cannot stat '/scratch-local/jumelet.2919739/earleyx/new_results/*': No such file or directory

JOB STATISTICS
==============
Job ID: 2919739
Cluster: snellius
User/Group: jumelet/jumelet
State: RUNNING
Nodes: 1
Cores per node: 128
CPU Utilized: 00:00:00
CPU Efficiency: 0.00% of 00:25:36 core-walltime
Job Wall-clock time: 00:00:12
Memory Utilized: 0.00 MB (estimated maximum)
Memory Efficiency: 0.00% of 224.00 GB (1.75 GB/core)
WARNING: Efficiency statistics may be misleading for RUNNING jobs.
