mkdir: cannot create directory 'new_results': File exists
Fri Jun 16 12:01:31 CEST 2023
EarleyParser invoked with arguments [-in, data/eval_subset_100.txt, -grammar, grammars/1.0_petrov.grammar, -out, new_results/eval_subset_100, -verbose, 1, -thread, 32]
In grammar file = grammars/1.0_petrov.grammar
# Root symbol = ROOT
# Objectives = surprisal,stringprob
# isSparse = false
# isLogProb = true
# isScaling = false
# decodeOpt = 
# verbose opt = 1
# Num threads = 32
# Filter length = 0
# ioOpt = 
# maxIteration = 0
# Input file =data/eval_subset_100.txt
[``, been, Easy, year, Katherine, Much, Samantha, boys, your, without, building, shrugged, these, path, blacksmith, would, Simon, poor, because, ablaze, you, safely, sister, !, Maybe, sure, younger, impact, opportunity, *, ,, am, easy, ., Ruth, Here, B4, as, smiled, at, size, ;, much, pony, ?, wind, sweetly, deal, be, vantage, least, I, turn, Paul, eyes, The, rolling, As, At, extinction, grass, blocking, by, after, aggressive, close, hand, `, a, flanked, words, eating, the, tells, weird, touches, descent, lips, calling, unprecedented, Your, Yeah, eyed, returned, yours, freely, did, citizens, Again, ensconced, do, girls, down, She, leave, rare, tall, others, Circle, fantasy, need, finally, For, muttered, its, Do, upwards, onto, gone, she, never, ex, aside, Luis, acres, stared, some, tears, respecting, for, back, ride, watching, cheering, sheets, Scarlett, Stolz, duel, Rick, passed, just, live, responded, notice, over, six, go, agencies, Although, toyed, kept, room, taunted, with, there, sweat, Joey, he, very, slightly, smaller, focus, hope, bit, attempt, soon, relish, thanks, myth, heroes, grinned, struck, beside, spatial, He, if, similar, Everyone, shape, in, made, is, it, gravel, Some, driver, etc., contents, even, Aria, gave, Miriam, If, women, become, Finally, engaged, other, woman, brought, In, painted, payments, It, air, thinking, <apostrophe>ll, stream, too, have, climbed, everything, together, elegant, side, James, seemed, could, forward, knew, off, Considering, scaffold, disable, witch, Trinity, use, several, smile, that, earlier, Lights, find, Doors, me, intense, all, already, everyone, However, less, Amy, my, heart, friends, And, were, no, kissed, Any, around, running, head, and, of, troubled, met, heard, fight, direction, on, freaking, No, or, any, followed, suggested, Let, <apostrophe><apostrophe>, On, reason, silently, thought, about, Beth, buried, stood, danger, decided, beautiful, worked, extremely, Knightly, pounds, Then, let, boil, they, sandbar, Spartan, night, them, then, pack, each, horse, pointed, eye, waved, gently, Pox, Mess, circle, Bethany, shower, maybe, collapsed, another, killing, two, long, moment, serving, into, are, managed, taken, Under, where, stirred, demonstrating, situation, surprised, kids, But, necessary, slang, one, noticed, black, team, services, many, people, ..., closer, They, detectable, such, Calvin, Kitsune, dealer, closed, to, knelt, thing, Actually, Duncan, story, but, till, swung, had, gleaming, inside, mother, shook, late, There, This, has, up, Look, us, demeanor, smiling, suitcase, last, might, felt, this, whisk, look, Amanda, These, Now, know, Up, loudly, doing, away, figures, needed, amphibious, nearly, apron, banish, surroundings, house, we, life, shot, anything, sorceress, weapon, not, Michel, summoned, now, themselves, throughout, every, early, hours, green, wan, center, again, was, start, yet, We, Tuck, pair, mouth, what, Her, Every, ones, step, risk, time, Come, Blake, palm, fable, when, beyond, S??, humor, her, enter, case, softness, still, shuttled, overhead, bewildered, Captain, light, anyone, among, following, ladies, boss, artist, guard, our, confirmed, out, throwing, uniform, confess, fall, get, sentenced, <apostrophe>, dark, theme, protect, <apostrophe>s, grin, barrel, desire, spat, bigger, <apostrophe>m, continued, Doctor, <apostrophe>d, kill, clicked, lead, nice, lots, help, shirt, His, gasping, facility, uselessly, first, voice, small, <apostrophe>ve, door, before, sound, tell, Central, used, him, Cobras, his, only, should, few, goodnight, from, like, failed, towards, water, most, toilets, person, ample, n<apostrophe>t, job, here, their, radiant, relaxed, holding, can, alone, Gracie, said, unbelievable, rest, mocked, will, studied, ink, saw, groups, also, leans, really, spread, grimace, Convention, round, build, mean, edged, lectured, front, hurry, You]
# Need to parse 100
# LeftWildcard Edge Space

## Parsing rule data ...  (10000)  (20000)  (30000)  (40000)  (50000)  (60000)  (70000)  (80000)  (90000)  (100000)  (110000)  (120000)  (130000)  (140000)  (150000)  (170000)  (180000)  (190000)  (210000)  (220000)  (240000)  (250000)  (260000)  (270000)  (280000)  (290000)  (300000)  (310000)  (320000)  (330000)  (360000)  (370000)  (380000)  (390000)  (400000)  (410000)  (420000)  (430000)  (440000)  (450000)  (460000)  (470000)  (480000)  (490000)  (500000)  (520000)  (530000)  (540000)  (560000)  (570000)  (580000)  (590000)  (600000)  (610000)  (620000)  (630000)  (640000)  (650000)  (660000)  (680000)  (690000)  (710000)  (720000)  (730000)  (740000)  (750000)  (760000)  (770000)  (780000)  (790000)  (800000)  (810000)  (820000)  (830000)  (840000)  (850000)  (860000)  (870000)  (880000)  (900000)  (910000)  (920000)  (930000)  (940000)  (950000)  (960000)  (970000)  (990000)  (1000000)  (1010000)  (1020000)  (1030000)  (1040000)  (1060000)  (1070000)  (1080000)  (1090000)  (1100000)  (1140000)  (1150000)  (1160000)  (1170000)  (1180000)  (1190000)  (1200000)  (1210000)  (1220000)  (1230000)  (1240000)  (1260000)  (1280000)  (1290000)  (1300000)  (1320000)  (1330000)  (1340000)  (1350000)  (1360000)  (1370000)  (1380000)  (1390000)  (1400000)  (1410000)  (1420000)  (1430000)  (1440000)  (1450000)  (1460000)  (1470000)  (1480000)  (1490000)  (1510000)  (1520000)  (1530000)  (1540000)  (1550000)  (1560000)  (1570000)  (1590000)  (1600000)  (1610000)  (1620000)  (1630000)  (1640000)  (1650000)  (1660000)  (1670000)  (1680000)  (1690000)  (1700000)  (1710000)  (1720000)  (1730000)  (1740000)  (1750000)  (1760000)  (1770000)  (1780000)  (1790000)  (1800000)  (1810000)  (1830000)  (1840000)  (1870000)  (1880000)  (1890000)  (1900000)  (1910000)  (1920000)  (1940000)  (1950000)  (1960000)  (1970000)  (1980000)  (1990000)  (2010000)  (2020000)  (2030000)  (2040000)  (2050000)  (2060000)  (2070000)  (2080000)  (2090000)  (2100000)  (2110000)  (2120000)  (2140000)  (2150000)  (2170000)  (2180000)  (2190000)  (2200000)  (2210000)  (2220000)  (2230000)  (2240000)  (2250000)  (2270000)  (2290000)  (2300000)  (2310000)  (2320000)  (2330000)  (2340000)  (2350000)  (2360000)  (2370000)  (2380000)  (2390000)  (2400000)  (2410000)  (2420000)  (2430000)  (2440000)  (2450000)  (2480000)  (2490000)  (2500000)  (2510000)  (160000)  (200000)  (230000)  (340000)  (350000)  (510000)  (550000)  (670000)  (700000)  (890000)  (980000)  (1050000)  (1110000)  (1120000)  (1130000)  (1250000)  (1270000)  (1310000)  (1500000)  (1580000)  (1820000)  (1850000)  (1860000)  (1930000)  (2000000)  (2130000)  (2160000)  (2260000)  (2280000)  (2460000)  (2470000) 
# ruleSet 318763
Num rules = 0, num fragment rules = 0 (num multiple terminal rules = 0). Tag index size = 720, word index size = 54493. done [14.4 sec].

## Setting up edge space ...  (10000)  (20000)  (30000)  (40000)  (50000)  (60000)  (70000)  (80000)  (90000)  (100000)  (110000)  (120000)  (130000)  (140000)  (150000)  (160000)  (170000)  (180000)  (190000)  (200000)  (210000)  (220000)  (230000)  (240000)  (250000)  (260000)  (270000)  (280000) Num rules=284707, state space size=319812. done [0.6 sec].

### Learning grammar ... 

# Construct left-corner relation matrix 311 x 311
 (10000)  (20000)  (30000)  (40000)  (50000)  (60000)  (70000)  (80000)  (90000)  (100000)  (110000)  (120000)  (130000) Done! Num rules processed =131684 Time elapsed: 161 ms

# Building left-corner closure matrix...
  num rows=311, num non-zero rows=306
 (10)  (20)  (30)  (40)  (50)  (60)  (70)  (80)  (90)  (100)  (110)  (120)  (130)  (140)  (150)  (160)  (170)  (180)  (190)  (200)  (210)  (220)  (230)  (240)  (250)  (260)  (270)  (280)  (290)  (300) Done=! Time elapsed: 1535 ms

# Construct unit-production relation matrix 720 x 720
 (100)  (200)  (300)  (400)  (500)  (600)  (700)  (800)  (900)  (1000)  (1100)  (1200)  (1300)  (1400)  (1500)  (1600)  (1700)  (1800)  (1900)  (2000)  (2100)  (2200)  (2300)  (2400)  (2500)  (2600)  (2700)  (2800)  (2900)  (3000)  (3100)  (3200)  (3300)  (3400)  (3500)  (3600)  (3700)  (3800)  (3900)  (4000)  (4100)  (4200)  (4300)  (4400)  (4500)  (4600)  (4700)  (4800)  (4900)  (5000)  (5100)  (5200)  (5300)  (5400)  (5500)  (5600)  (5700)  (5800)  (5900)  (6000)  (6100)  (6200)  (6300)  (6400)  (6500)  (6600)  (6700)  (6800)  (6900)  (7000)  (7100)  (7200)  (7300)  (7400)  (7500)  (7600)  (7700)  (7800)  (7900)  (8000)  (8100)  (8200)  (8300)  (8400)  (8500)  (8600)  (8700)  (8800)  (8900)  (9000)  (9100)  (9200)  (9300)  (9400)  (9500)  (9600)  (9700)  (9800)  (9900)  (10000)  (10100)  (10200)  (10300)  (10400)  (10500)  (10600)  (10700)  (10800)  (10900)  (11000)  (11100)  (11200)  (11300)  (11400)  (11500)  (11600)  (11700)  (11800)  (11900)  (12000)  (12100)  (12200)  (12300)  (12400)  (12500)  (12600)  (12700)  (12800)  (12900)  (13000)  (13100)  (13200) Done! Num unary rules=13295 Time elapsed: 39 ms

# Building unary closure matrix...
  num rows=720, num non-zero rows=159
 (10)  (20)  (30)  (40)  (50)  (60)  (70)  (80)  (90)  (100)  (110)  (120)  (130)  (140)  (150) Done=! Time elapsed: 1575 ms

# Processing extended rules ... ... Num extended rules=0, tag index size =720, word index size = 54493 done [0.0 sec].

## Constructing predictions ... 284707 ...  (10000)  (20000)  (30000)  (40000)  (50000)  (60000)  (70000)  (80000)  (90000)  (100000)  (110000)  (120000)  (130000)  (140000)  (150000)  (160000)  (170000)  (180000)  (190000)  (200000)  (210000)  (220000)  (230000)  (240000)  (250000)  (260000)  (270000)  (280000) # Constructing complete predictions ...
319092
 (0)  (10000)  (20000)  (30000)  (40000)  (50000)  (60000)  (70000)  (80000)  (90000)  (100000)  (110000)  (120000)  (130000)  (140000)  (150000)  (160000)  (170000)  (180000)  (190000)  (200000)  (210000)  (220000)  (230000)  (240000)  (250000)  (260000)  (270000)  (280000)  (290000)  (300000)  (310000) Done! Total predictions=80582555, num nonterminals with predictions=309 done [7.4 sec].

## Constructing completions ...  (0)  (10000)  (20000)  (30000)  (40000)  (50000)  (60000)  (70000)  (80000)  (90000)  (100000)  (110000)  (120000)  (130000)  (140000)  (150000)  (160000)  (170000)  (180000)  (190000)  (200000)  (210000)  (220000)  (230000)  (240000)  (250000)  (260000)  (270000)  (280000)  (290000)  (300000)  (310000) Done with completion Time elapsed: 260592 ms
! Done building grammar. Time elapsed: 0 ms
# EarleyParserDense
# EarleyParserDense
# EarleyParserDense
# EarleyParserDense
# EarleyParserDense
# EarleyParserDense
# EarleyParserDense
# EarleyParserDense
# EarleyParserDense
# EarleyParserDense
# EarleyParserDense
# EarleyParserDense
# EarleyParserDense
# EarleyParserDense
# EarleyParserDense
# EarleyParserDense
# EarleyParserDense
# EarleyParserDense
# EarleyParserDense
# EarleyParserDense
# EarleyParserDense
# EarleyParserDense
# EarleyParserDense
# EarleyParserDense
# EarleyParserDense
# EarleyParserDense
# EarleyParserDense
# EarleyParserDense
# EarleyParserDense
# EarleyParserDense
# EarleyParserDense
# EarleyParserDense
## Parsing sent 0: [She, <apostrophe>d, get, to, whisk, earlier, at, the, back, .]
## Parsing sent 5: [The, overhead, of, any, impact, eyed, Blake, ,, troubled, by, danger, .]
## Parsing sent 31: [Then, it, was, then, be, ., <apostrophe>]
## Parsing sent 1: [The, horse, had, taken, in, weird, .]
## Parsing sent 2: [The, others, she, decided, to, do, that, person, stared, At, his, ample, of, James, edged, rolling, .]
## Parsing sent 3: [I, taunted, them, ;, I, seemed, .]
## Parsing sent 4: [Although, I, was, a, thanks, closer, ,, running, gently, clicked, with, humor, .]
## Parsing sent 30: [Aria, spread, her, hand, out, their, contents, ,, like, the, sentenced, shirt, from, the, moment, .]
## Parsing sent 29: [Every, following, woman, was, in, a, moment, eating, .]
## Parsing sent 28: [He, <apostrophe>m, uselessly, that, anything, around, the, late, barrel, was, maybe, killing, his, palm, the, door, away, .]
## Parsing sent 27: [Katherine, continued, ,, smiling, in, etc., or, holding, my, need, .]
## Parsing sent 26: [when, he, has, a, moment, from, the, Luis, Circle, ,, Bethany, has, a, similar, shot, <apostrophe><apostrophe>]
## Parsing sent 25: [``, several, calling, in, me, ,, she, said, .]
## Parsing sent 24: [`, Trinity, is, my, anyone, ,, Your, kids, ?, <apostrophe><apostrophe>]
## Parsing sent 23: [He, <apostrophe>ll, be, gleaming, agencies, by, everything, here, .]
## Parsing sent 22: [``, He, might, hurry, up, in, no, story, we, was, all, about, life, ,, Beth, !]
## Parsing sent 21: [Any, toilets, would, build, you, to, lead, I, inside, us, .]
## Parsing sent 20: [I, has, a, path, of, the, shape, of, gravel, ., <apostrophe><apostrophe>]
## Parsing sent 19: [And, he, <apostrophe>s, because, she, were, the, artist, .]
## Parsing sent 18: [She, would, not, tell, when, to, deal, at, two, .]
## Parsing sent 17: [Michel, had, such, a, scaffold, throughout, Let, <apostrophe>s, uniform, and, this, did, n<apostrophe>t, notice, .]
## Parsing sent 16: [him, followed, ..., and, waved, my, apron, for, women, .]
## Parsing sent 15: [``, Again, now, ,, <apostrophe><apostrophe>, another, tears, grinned, ,, and, responded, in, Amy, of, boil, .]
## Parsing sent 14: [I, made, the, sound, all, said, ,, ``, Actually, .]
## Parsing sent 13: [Lights, <apostrophe>ve, been, surprised, to, do, !, <apostrophe><apostrophe>]
## Parsing sent 12: [``, They, do, n<apostrophe>t, last, just, soon, .]
## Parsing sent 11: [She, returned, or, swung, heroes, over, the, only, night, .]
## Parsing sent 10: [``, However, ,, the, boss, mocked, .]
## Parsing sent 9: [but, we, hope, the, Kitsune, Central, ,, Doctor, tells, doing, .]
## Parsing sent 8: [``, He, to, deal, of, them, ,, has, failed, to, leave, yours, focus, !]
## Parsing sent 7: [He, pointed, her, pack, in, the, driver, or, felt, her, heart, .]
## Parsing sent 6: [You, do, n<apostrophe>t, like, the, smaller, team, ablaze, .]
# 1	I,  numTags=97
# 1	And,  numTags=29
# 1	Every,  numTags=129
# 1	``,  numTags=79
# 1	The,  numTags=49
# 1	He,  numTags=1
# 1	``,  numTags=79
# 1	`,  numTags=53
# 1	I,  numTags=97
# Scanning [0, 1]: NNP_14->[I] : 9.369643639999998E-4
# Scanning [0, 1]: VBG_22->[I] : 1.0495499999999998E-6
# Scanning [0, 1]: JJ_28->[I] : 6.55589E-7
# Scanning [0, 1]: NNP_22->[I] : 1.0411935000000007E-5
# Scanning [0, 1]: NN_4->[I] : 5.552279500000003E-5
# Scanning [0, 1]: NN_9->[I] : 6.340956999999997E-5
# Scanning [0, 1]: CD_6->[I] : 9.901715109999999E-4
# Scanning [0, 1]: NN_0->[I] : 1.988646860000001E-4
# Scanning [0, 1]: NN_10->[I] : 6.559865899999996E-5
# Scanning [0, 1]: NNP_26->[I] : 1.0297680000000007E-5
# Scanning [0, 1]: NN_15->[I] : 0.002061808657000001
# Scanning [0, 1]: VBG_16->[I] : 1.0500389999999997E-6
# Scanning [0, 1]: VBG_13->[I] : 1.0501739999999998E-6
# Scanning [0, 1]: NNP_6->[I] : 0.001365649648
# Scanning [0, 1]: NNP_3->[I] : 0.11395695874899998
# Scanning [0, 1]: NN_13->[I] : 7.659071179999997E-4
# Scanning [0, 1]: CD_3->[I] : 2.3741722000000007E-5
# Scanning [0, 1]: NNP_4->[I] : 0.0010214878849999997
# Scanning [0, 1]: VBG_20->[I] : 1.0487389999999994E-6
# Scanning [0, 1]: PRP_1->[I] : 0.195492935114
# Scanning [0, 1]: NNP_23->[I] : 2.279946400000001E-5
# Scanning [0, 1]: NNP_2->[I] : 0.0023311286429999996
# Scanning [0, 1]: NNP_25->[I] : 1.0304358000000004E-5
# Scanning [0, 1]: NN_16->[I] : 9.804850299999999E-5
# Scanning [0, 1]: JJ_23->[I] : 6.522689999999999E-7
# Scanning [0, 1]: NNP_16->[I] : 1.0310478000000004E-5
# Scanning [0, 1]: NN_5->[I] : 9.772917799999992E-5
# Scanning [0, 1]: NNP_7->[I] : 0.0028065616699999994
# Scanning [0, 1]: NN_17->[I] : 0.002364818081000001
# Scanning [0, 1]: JJ_29->[I] : 6.569809999999997E-7
# Scanning [0, 1]: CD_4->[I] : 1.6534049000000002E-5
# Scanning [0, 1]: NN_7->[I] : 0.0018963468520000006
# Scanning [0, 1]: JJ_26->[I] : 6.54406E-7
# Scanning [0, 1]: NNP_19->[I] : 1.0318277E-5
# Scanning [0, 1]: NNP_11->[I] : 9.433029389999999E-4
# Scanning [0, 1]: CD_5->[I] : 7.059323570000001E-4
# Scanning [0, 1]: NNP_13->[I] : 9.121395469999999E-4
# Scanning [0, 1]: JJ_16->[I] : 6.530760000000004E-7
# Scanning [0, 1]: VBG_14->[I] : 1.0502080000000006E-6
# Scanning [0, 1]: NNP_15->[I] : 9.183726709999999E-4
# Scanning [0, 1]: CD_2->[I] : 2.561963000000002E-5
# Scanning [0, 1]: JJ_19->[I] : 6.524820000000001E-7
# Scanning [0, 1]: NNP_1->[I] : 0.0011737126740000005
# Scanning [0, 1]: JJ_18->[I] : 6.525800000000005E-7
# Scanning [0, 1]: NNP_8->[I] : 0.0030515425459999987
# Scanning [0, 1]: NN_12->[I] : 9.615123000000005E-5
# Scanning [0, 1]: NN_26->[I] : 8.881459299999997E-5
# Scanning [0, 1]: NNP_10->[I] : 9.369935120000003E-4
# Scanning [0, 1]: NN_23->[I] : 1.0621604299999991E-4
# Scanning [0, 1]: JJ_25->[I] : 6.531629999999997E-7
# Scanning [0, 1]: NN_6->[I] : 4.573653300000001E-5
# Scanning [0, 1]: CD_7->[I] : 0.002826946071000001
# Scanning [0, 1]: NN_1->[I] : 5.209865399999996E-5
# Scanning [0, 1]: NNP_18->[I] : 1.032511900000001E-5
# Scanning [0, 1]: VBG_21->[I] : 1.0495320000000003E-6
# Scanning [0, 1]: NN_22->[I] : 2.313693430000002E-4
# Scanning [0, 1]: NN_2->[I] : 4.989508569999999E-4
# Scanning [0, 1]: VBG_18->[I] : 9.443437999999996E-5
# Scanning [0, 1]: NN_28->[I] : 1.1092350599999994E-4
# Scanning [0, 1]: JJ_21->[I] : 6.542260000000001E-7
# Scanning [0, 1]: NNP_9->[I] : 0.001748035241
# Scanning [0, 1]: NNP_5->[I] : 0.0025444234250000006
# Scanning [0, 1]: NN_14->[I] : 6.152191549999999E-4
# Scanning [0, 1]: NNP_24->[I] : 2.0676007600000008E-4
# Scanning [0, 1]: JJ_22->[I] : 6.522309999999999E-7
# Scanning [0, 1]: JJ_30->[I] : 8.808240499999993E-5
# Scanning [0, 1]: PRP_2->[I] : 0.024947588318
# Scanning [0, 1]: JJ_20->[I] : 6.526710000000003E-7
# Scanning [0, 1]: PRP_0->[I] : 0.3188829413989999
# Scanning [0, 1]: CD_0->[I] : 2.0706872999999986E-5
# Scanning [0, 1]: VBG_19->[I] : 1.064818E-6
# Scanning [0, 1]: NN_25->[I] : 9.548208600000001E-5
# Scanning [0, 1]: JJ_27->[I] : 6.532950000000005E-7
# Scanning [0, 1]: NN_18->[I] : 1.0114894999999996E-4
# Scanning [0, 1]: NN_11->[I] : 4.107565599999996E-5
# Scanning [0, 1]: NNP_28->[I] : 1.0312262999999993E-5
# Scanning [0, 1]: NNP_12->[I] : 9.098952010000003E-4
# Scanning [0, 1]: JJ_31->[I] : 6.572619999999995E-7
# Scanning [0, 1]: VBG_23->[I] : 1.0509460000000008E-6
# Scanning [0, 1]: VBG_15->[I] : 1.0494790000000001E-6
# Scanning [0, 1]: NNP_29->[I] : 1.0343612999999996E-5
# Scanning [0, 1]: NN_19->[I] : 0.0033056429329999986
# Scanning [0, 1]: NN_20->[I] : 1.29142229E-4
# Scanning [0, 1]: JJ_24->[I] : 6.530240000000004E-7
# Scanning [0, 1]: NNP_0->[I] : 9.842585119999997E-4
# Scanning [0, 1]: NNP_21->[I] : 1.0304574999999993E-5
# Scanning [0, 1]: NNP_27->[I] : 1.0308526999999998E-5
# Scanning [0, 1]: NN_21->[I] : 0.0023091871359999998
# Scanning [0, 1]: NN_24->[I] : 8.982808700000004E-5
# Scanning [0, 1]: JJ_17->[I] : 6.552970000000001E-7
# Scanning [0, 1]: NNP_20->[I] : 9.947619409999997E-4
# Scanning [0, 1]: NNP_17->[I] : 1.2276215999999997E-5
# Scanning [0, 1]: NN_27->[I] : 9.074720000000002E-5
# Scanning [0, 1]: NN_3->[I] : 9.362804760000004E-4
# Scanning [0, 1]: VBG_17->[I] : 1.0498579999999998E-6
# Scanning [0, 1]: CD_1->[I] : 2.6941049999999978E-5
# Scanning [0, 1]: NN_8->[I] : 4.090515300000001E-5
# 1	``,  numTags=79
# Scanning [0, 1]: VBG_10->[``] : 1.2144360000000005E-6
# Scanning [0, 1]: RB_11->[``] : 4.248254000000003E-6
# Scanning [0, 1]: RB_1->[``] : 4.248255999999997E-6
# Scanning [0, 1]: VBG_1->[``] : 1.2135570000000008E-6
# Scanning [0, 1]: VBG_9->[``] : 1.214355999999999E-6
# Scanning [0, 1]: JJ_8->[``] : 2.3467999999999998E-7
# Scanning [0, 1]: VBG_8->[``] : 1.3000871900000006E-4
# Scanning [0, 1]: NNP_18->[``] : 9.676526000000004E-6
# Scanning [0, 1]: JJ_13->[``] : 2.3465800000000006E-7
# Scanning [0, 1]: JJ_6->[``] : 2.3468899999999989E-7
# Scanning [0, 1]: JJ_5->[``] : 2.3497199999999992E-7
# Scanning [0, 1]: VBZ_15->[``] : 2.6215180000000016E-6
# Scanning [0, 1]: VBZ_17->[``] : 2.3513867899999983E-4
# Scanning [0, 1]: VBZ_3->[``] : 3.480008019999999E-4
# Scanning [0, 1]: NNP_22->[``] : 9.680674000000008E-6
# Scanning [0, 1]: JJ_15->[``] : 2.3468399999999983E-7
# Scanning [0, 1]: VBG_0->[``] : 1.214728999999999E-6
# Scanning [0, 1]: VBG_12->[``] : 1.2142349999999992E-6
# Scanning [0, 1]: VBZ_19->[``] : 2.612248999999999E-6
# Scanning [0, 1]: VBZ_9->[``] : 2.6117910000000014E-6
# Scanning [0, 1]: VBZ_1->[``] : 9.457583999999997E-6
# Scanning [0, 1]: JJ_4->[``] : 3.173604499999999E-5
# Scanning [0, 1]: VBZ_4->[``] : 5.313311E-6
# Scanning [0, 1]: VBG_11->[``] : 1.2176190000000003E-6
# Scanning [0, 1]: NNP_24->[``] : 9.972551599999991E-5
# Scanning [0, 1]: VBZ_13->[``] : 2.6147459999999984E-6
# Scanning [0, 1]: JJ_12->[``] : 2.347830000000001E-7
# Scanning [0, 1]: RB_10->[``] : 4.969871399999999E-4
# Scanning [0, 1]: RB_13->[``] : 4.270529999999998E-6
# Scanning [0, 1]: RB_0->[``] : 4.248323000000001E-6
# Scanning [0, 1]: RB_3->[``] : 4.248312E-6
# Scanning [0, 1]: NNP_26->[``] : 9.853626999999994E-6
# Scanning [0, 1]: VBZ_11->[``] : 2.622570999999998E-6
# Scanning [0, 1]: VBZ_8->[``] : 5.149288000000001E-6
# Scanning [0, 1]: VBG_3->[``] : 1.2145909999999995E-6
# Scanning [0, 1]: RB_4->[``] : 4.250563000000002E-6
# Scanning [0, 1]: VBG_6->[``] : 1.2145889999999993E-6
# Scanning [0, 1]: VBZ_12->[``] : 2.6129930000000002E-6
# Scanning [0, 1]: TICK_1->[``] : 0.998035216278
# Scanning [0, 1]: VBG_2->[``] : 1.2137900000000003E-6
# Scanning [0, 1]: VBG_4->[``] : 1.214699000000001E-6
# Scanning [0, 1]: NNP_21->[``] : 9.808736000000003E-6
# Scanning [0, 1]: NNP_27->[``] : 1.4239564000000012E-5
# Scanning [0, 1]: NNP_29->[``] : 1.5238280000000001E-5
# Scanning [0, 1]: VBZ_5->[``] : 5.050252000000003E-6
# Scanning [0, 1]: NNP_16->[``] : 9.674785999999998E-6
# Scanning [0, 1]: RB_9->[``] : 4.250010000000002E-6
# Scanning [0, 1]: JJ_1->[``] : 2.347409999999999E-7
# Scanning [0, 1]: JJ_3->[``] : 2.348249999999998E-7
# Scanning [0, 1]: RB_5->[``] : 4.248368000000001E-6
# Scanning [0, 1]: VBZ_18->[``] : 2.6120310000000016E-6
# Scanning [0, 1]: NNP_28->[``] : 1.0912231999999994E-5
# Scanning [0, 1]: NNP_25->[``] : 9.647013E-6
# Scanning [0, 1]: TICK_0->[``] : 0.31986610378900004
# Scanning [0, 1]: JJ_10->[``] : 2.3481299999999984E-7
# Scanning [0, 1]: VBG_7->[``] : 2.333120999999999E-6
# Scanning [0, 1]: JJ_9->[``] : 2.3460600000000008E-7
# Scanning [0, 1]: NNP_23->[``] : 3.065372799999998E-5
# Scanning [0, 1]: JJ_11->[``] : 2.3485099999999988E-7
# Scanning [0, 1]: RB_8->[``] : 4.248631000000002E-6
# Scanning [0, 1]: VBG_5->[``] : 1.2160079999999997E-6
# Scanning [0, 1]: JJ_7->[``] : 2.3470799999999993E-7
# Scanning [0, 1]: VBZ_14->[``] : 2.6150619999999983E-6
# Scanning [0, 1]: VBZ_10->[``] : 2.6153059999999995E-6
# Scanning [0, 1]: JJ_2->[``] : 2.3479199999999992E-7
# Scanning [0, 1]: JJ_0->[``] : 2.3940300000000023E-7
# Scanning [0, 1]: JJ_14->[``] : 2.345979999999999E-7
# Scanning [0, 1]: VBZ_6->[``] : 5.231800000000002E-6
# Scanning [0, 1]: NNP_20->[``] : 5.539567180000001E-4
# Scanning [0, 1]: RB_6->[``] : 4.249140999999999E-6
# Scanning [0, 1]: RB_12->[``] : 4.325001000000003E-6
# Scanning [0, 1]: VBZ_16->[``] : 2.6492079999999994E-6
# Scanning [0, 1]: VBZ_7->[``] : 5.032778E-6
# Scanning [0, 1]: NNP_17->[``] : 1.0665997999999995E-5
# Scanning [0, 1]: VBZ_2->[``] : 1.353401100000001E-5
# Scanning [0, 1]: NNP_19->[``] : 4.6224809700000006E-4
# Scanning [0, 1]: RB_2->[``] : 4.248306000000003E-6
# Scanning [0, 1]: VBZ_0->[``] : 5.209895999999997E-6
# Scanning [0, 1]: RB_7->[``] : 4.248617999999999E-6
# 1	Then,  numTags=115
# Scanning [0, 1]: RB_14->[Then] : 0.005996356253000001
# Scanning [0, 1]: VBZ_3->[Then] : 1.808880000000001E-7
# Scanning [0, 1]: VBG_0->[Then] : 0.002317667827
# Scanning [0, 1]: VB_19->[Then] : 3.052510200000002E-5
# Scanning [0, 1]: RB_18->[Then] : 0.589509791861
# Scanning [0, 1]: VB_22->[Then] : 2.875961999999998E-5
# Scanning [0, 1]: RB_22->[Then] : 0.005965187409999999
# Scanning [0, 1]: VBZ_9->[Then] : 1.6751850000000014E-6
# Scanning [0, 1]: VBZ_1->[Then] : 1.8061399999999987E-7
# Scanning [0, 1]: RB_24->[Then] : 0.005965296176000003
# Scanning [0, 1]: RB_1->[Then] : 4.2067468800000013E-4
# Scanning [0, 1]: VBG_10->[Then] : 2.208374799999998E-5
# Scanning [0, 1]: RB_11->[Then] : 4.705399670000001E-4
# Scanning [0, 1]: NNP_18->[Then] : 9.851443999999996E-6
# Scanning [0, 1]: VBG_21->[Then] : 2.637774999999999E-6
# Scanning [0, 1]: VBG_9->[Then] : 2.2081887999999993E-5
# Scanning [0, 1]: VBG_8->[Then] : 6.856718099999999E-5
# Scanning [0, 1]: VBD_21->[Then] : 1.8461699999999986E-7
# Scanning [0, 1]: RB_3->[Then] : 4.20678644E-4
# Scanning [0, 1]: RB_10->[Then] : 4.20701707E-4
# Scanning [0, 1]: RB_0->[Then] : 4.2210033899999985E-4
# Scanning [0, 1]: VBZ_8->[Then] : 1.8059899999999996E-7
# Scanning [0, 1]: RB_20->[Then] : 0.005970202115000002
# Scanning [0, 1]: VBZ_11->[Then] : 1.6762769999999987E-6
# Scanning [0, 1]: VBG_18->[Then] : 2.6376310000000023E-6
# Scanning [0, 1]: VBD_8->[Then] : 1.8467699999999993E-7
# Scanning [0, 1]: VBG_3->[Then] : 2.208682000000001E-5
# Scanning [0, 1]: VB_24->[Then] : 2.8084356E-5
# Scanning [0, 1]: VBD_12->[Then] : 1.8465400000000006E-7
# Scanning [0, 1]: VBG_6->[Then] : 2.2086909999999987E-5
# Scanning [0, 1]: VB_18->[Then] : 9.69658325E-4
# Scanning [0, 1]: VBG_19->[Then] : 2.6389839999999988E-6
# Scanning [0, 1]: VBD_19->[Then] : 1.8463000000000014E-7
# Scanning [0, 1]: VB_17->[Then] : 2.8088554000000025E-5
# Scanning [0, 1]: VB_26->[Then] : 2.8126523000000012E-5
# Scanning [0, 1]: NNP_24->[Then] : 9.935176000000002E-6
# Scanning [0, 1]: UH_0->[Then] : 5.362941199999997E-5
# Scanning [0, 1]: VBZ_13->[Then] : 1.677396E-6
# Scanning [0, 1]: RB_5->[Then] : 4.494206360000001E-4
# Scanning [0, 1]: VBZ_18->[Then] : 1.6746209999999993E-6
# Scanning [0, 1]: NNP_28->[Then] : 3.271947799999999E-5
# Scanning [0, 1]: VBD_10->[Then] : 1.8460799999999985E-7
# Scanning [0, 1]: VBD_15->[Then] : 2.4918201000000004E-5
# Scanning [0, 1]: VBD_22->[Then] : 1.8463799999999986E-7
# Scanning [0, 1]: RB_19->[Then] : 0.005965039871999998
# Scanning [0, 1]: NNP_21->[Then] : 9.832200000000006E-6
# Scanning [0, 1]: NNP_27->[Then] : 5.598185479999999E-4
# Scanning [0, 1]: NNP_29->[Then] : 1.4804312000000004E-5
# Scanning [0, 1]: VBZ_5->[Then] : 1.8061100000000008E-7
# Scanning [0, 1]: VBG_23->[Then] : 2.660599E-6
# Scanning [0, 1]: VBG_15->[Then] : 2.3714828200000016E-4
# Scanning [0, 1]: RB_9->[Then] : 5.125950239999998E-4
# Scanning [0, 1]: NNP_20->[Then] : 5.512684240000002E-4
# Scanning [0, 1]: RB_6->[Then] : 4.62364067E-4
# Scanning [0, 1]: VBZ_7->[Then] : 1.8059300000000014E-7
# Scanning [0, 1]: NNP_17->[Then] : 9.831682000000007E-6
# Scanning [0, 1]: VBD_20->[Then] : 1.8461699999999986E-7
# Scanning [0, 1]: RB_7->[Then] : 4.54588589E-4
# Scanning [0, 1]: RB_8->[Then] : 6.407201729999999E-4
# Scanning [0, 1]: VBZ_14->[Then] : 1.6755949999999991E-6
# Scanning [0, 1]: VBG_17->[Then] : 2.6380659999999993E-6
# Scanning [0, 1]: VBZ_6->[Then] : 1.3002618999999993E-5
# Scanning [0, 1]: VBZ_10->[Then] : 1.6775669999999998E-6
# Scanning [0, 1]: NNP_22->[Then] : 9.854847999999999E-6
# Scanning [0, 1]: VB_20->[Then] : 2.8108678999999983E-5
# Scanning [0, 1]: VB_16->[Then] : 2.820102100000002E-5
# Scanning [0, 1]: VBG_12->[Then] : 2.207903600000001E-5
# Scanning [0, 1]: VBG_22->[Then] : 2.6385980000000017E-6
# Scanning [0, 1]: VBZ_19->[Then] : 1.675317999999999E-6
# Scanning [0, 1]: VBD_17->[Then] : 1.8467600000000003E-7
# Scanning [0, 1]: VBD_7->[Then] : 1.8460000000000003E-7
# Scanning [0, 1]: VB_27->[Then] : 3.756608500000001E-5
# Scanning [0, 1]: VBG_1->[Then] : 2.2099021000000014E-5
# Scanning [0, 1]: VBZ_17->[Then] : 1.676508000000001E-6
# Scanning [0, 1]: VBD_13->[Then] : 1.8462899999999987E-7
# Scanning [0, 1]: VBD_16->[Then] : 1.8768399999999995E-7
# Scanning [0, 1]: VBZ_15->[Then] : 1.6761600000000014E-6
# Scanning [0, 1]: NNP_26->[Then] : 9.858643999999991E-6
# Scanning [0, 1]: RB_13->[Then] : 0.048429496876
# Scanning [0, 1]: VBD_9->[Then] : 1.8464100000000015E-7
# Scanning [0, 1]: RB_15->[Then] : 0.006771152201999999
# Scanning [0, 1]: RB_4->[Then] : 4.381788899999999E-4
# Scanning [0, 1]: RB_25->[Then] : 0.006103343231000001
# Scanning [0, 1]: WRB_1->[Then] : 1.20511649E-4
# Scanning [0, 1]: VBZ_12->[Then] : 1.6762689999999987E-6
# Scanning [0, 1]: VBZ_4->[Then] : 1.8111999999999984E-7
# Scanning [0, 1]: RB_17->[Then] : 0.005966673412000002
# Scanning [0, 1]: VBG_11->[Then] : 2.210147399999999E-5
# Scanning [0, 1]: RB_16->[Then] : 0.006011877167999999
# Scanning [0, 1]: VB_25->[Then] : 2.8092162000000025E-5
# Scanning [0, 1]: VBG_13->[Then] : 2.6403220000000006E-6
# Scanning [0, 1]: VBG_16->[Then] : 2.842023000000001E-6
# Scanning [0, 1]: NNP_25->[Then] : 9.821554999999994E-6
# Scanning [0, 1]: VBG_7->[Then] : 4.326898199999999E-5
# Scanning [0, 1]: NNP_23->[Then] : 9.935922999999994E-6
# Scanning [0, 1]: VBD_11->[Then] : 1.84644E-7
# Scanning [0, 1]: RB_23->[Then] : 0.005970789723000002
# Scanning [0, 1]: VBG_20->[Then] : 2.6357860000000003E-6
# Scanning [0, 1]: VBG_2->[Then] : 2.2165329000000002E-5
# Scanning [0, 1]: VBG_4->[Then] : 2.2086718000000013E-5
# Scanning [0, 1]: NNP_16->[Then] : 9.833931999999995E-6
# Scanning [0, 1]: VB_23->[Then] : 0.0018296084509999994
# Scanning [0, 1]: RB_12->[Then] : 7.530729699999998E-4
# Scanning [0, 1]: UH_1->[Then] : 0.0011213609290000003
# Scanning [0, 1]: VBZ_2->[Then] : 1.810109999999999E-7
# Scanning [0, 1]: NNP_19->[Then] : 3.122532099999997E-5
# Scanning [0, 1]: VBZ_16->[Then] : 1.5087763399999999E-4
# Scanning [0, 1]: RB_2->[Then] : 4.2174181299999984E-4
# Scanning [0, 1]: VBZ_0->[Then] : 1.8059899999999996E-7
# Scanning [0, 1]: VBD_18->[Then] : 1.8483199999999992E-7
# Scanning [0, 1]: VBG_14->[Then] : 2.6469830000000013E-6
# Scanning [0, 1]: VBG_5->[Then] : 2.2101370999999992E-5
# Scanning [0, 1]: RB_21->[Then] : 0.005969578722
# Scanning [0, 1]: VBD_14->[Then] : 1.8464900000000013E-7
# Scanning [0, 1]: VB_21->[Then] : 2.813355800000002E-5
# Scanning [0, 1]: VB_18->[`] : 5.239320000000004E-6
# Scanning [0, 1]: VB_17->[`] : 5.192070000000001E-6
# Scanning [0, 1]: VB_25->[`] : 5.191964999999998E-6
# Scanning [0, 1]: NNP_24->[`] : 2.8138780000000022E-6
# Scanning [0, 1]: VB_26->[`] : 5.192128999999999E-6
# Scanning [0, 1]: VBZ_13->[`] : 6.276035999999996E-6
# Scanning [0, 1]: RB_13->[`] : 1.9432360000000018E-5
# Scanning [0, 1]: RB_0->[`] : 9.978122999999991E-6
# Scanning [0, 1]: RB_10->[`] : 4.954469519999999E-4
# Scanning [0, 1]: NNP_26->[`] : 2.8010069999999995E-6
# Scanning [0, 1]: RB_3->[`] : 9.978096999999994E-6
# Scanning [0, 1]: VBZ_11->[`] : 5.4949190000000025E-6
# Scanning [0, 1]: RB_4->[`] : 9.983368999999995E-6
# Scanning [0, 1]: VB_24->[`] : 5.192149000000001E-6
# Scanning [0, 1]: VBZ_12->[`] : 5.505701999999998E-6
# Scanning [0, 1]: TICK_1->[`] : 0.0019647837219999996
# Scanning [0, 1]: RB_11->[`] : 9.977960999999992E-6
# Scanning [0, 1]: VB_27->[`] : 5.195954E-6
# Scanning [0, 1]: RB_1->[`] : 9.977966999999996E-6
# Scanning [0, 1]: NNP_18->[`] : 2.804024000000002E-6
# Scanning [0, 1]: VBZ_15->[`] : 5.610720000000004E-6
# Scanning [0, 1]: VBZ_17->[`] : 5.4956759999999965E-6
# Scanning [0, 1]: VB_16->[`] : 5.191966000000001E-6
# Scanning [0, 1]: VB_20->[`] : 5.1919259999999954E-6
# Scanning [0, 1]: NNP_22->[`] : 2.8050770000000026E-6
# Scanning [0, 1]: VB_22->[`] : 5.410542999999998E-6
# Scanning [0, 1]: VB_19->[`] : 5.586584000000003E-6
# Scanning [0, 1]: VBZ_19->[`] : 5.537875000000001E-6
# Scanning [0, 1]: VBZ_9->[`] : 3.406694530000002E-4
# Scanning [0, 1]: RB_8->[`] : 1.0062539999999992E-5
# Scanning [0, 1]: VBZ_14->[`] : 5.497626999999999E-6
# Scanning [0, 1]: VBZ_10->[`] : 5.499107000000002E-6
# Scanning [0, 1]: VB_21->[`] : 5.19232E-6
# Scanning [0, 1]: VB_23->[`] : 5.142292820000001E-4
# Scanning [0, 1]: RB_12->[`] : 6.728980230000002E-4
# Scanning [0, 1]: NNP_20->[`] : 4.835155999999998E-6
# Scanning [0, 1]: RB_6->[`] : 9.980036999999997E-6
# Scanning [0, 1]: VBZ_16->[`] : 1.5810531400000006E-4
# Scanning [0, 1]: NNP_19->[`] : 8.087981799999993E-5
# Scanning [0, 1]: NNP_17->[`] : 2.798365999999999E-6
# Scanning [0, 1]: RB_2->[`] : 9.978083999999993E-6
# Scanning [0, 1]: RB_7->[`] : 9.996573999999994E-6
# Scanning [0, 1]: NNP_21->[`] : 2.7984229999999993E-6
# Scanning [0, 1]: NNP_27->[`] : 2.4664241299999996E-4
# Scanning [0, 1]: NNP_16->[`] : 2.799867000000002E-6
# Scanning [0, 1]: NNP_29->[`] : 2.8197190000000015E-6
# Scanning [0, 1]: RB_9->[`] : 1.0016963999999999E-5
# Scanning [0, 1]: VBZ_18->[`] : 5.592454999999999E-6
# Scanning [0, 1]: NNP_28->[`] : 3.5828129999999995E-6
# Scanning [0, 1]: NNP_25->[`] : 2.795469000000001E-6
# Scanning [0, 1]: RB_5->[`] : 9.978228999999995E-6
# Scanning [0, 1]: TICK_0->[`] : 0.672100545302
# Scanning [0, 1]: NNP_23->[`] : 2.800132000000001E-6
# 1	You,  numTags=32
# Scanning [0, 1]: JJ_24->[You] : 4.3536299999999987E-7
# Scanning [0, 1]: VB_27->[You] : 1.7312679999999996E-6
# Scanning [0, 1]: JJ_25->[You] : 4.354560000000003E-7
# Scanning [0, 1]: VB_16->[You] : 1.729902000000001E-6
# Scanning [0, 1]: JJ_31->[You] : 4.3818599999999977E-7
# Scanning [0, 1]: VB_20->[You] : 1.7299939999999987E-6
# Scanning [0, 1]: JJ_18->[You] : 4.350550000000001E-7
# Scanning [0, 1]: JJ_23->[You] : 4.34848E-7
# Scanning [0, 1]: VB_22->[You] : 1.7996739999999994E-6
# Scanning [0, 1]: JJ_19->[You] : 4.349929999999997E-7
# Scanning [0, 1]: VB_19->[You] : 1.74635E-6
# Scanning [0, 1]: PRP_1->[You] : 1.708020000000001E-7
# Scanning [0, 1]: JJ_28->[You] : 4.370680000000002E-7
# Scanning [0, 1]: JJ_16->[You] : 4.353859999999999E-7
# Scanning [0, 1]: PRP_0->[You] : 0.083861798993
# Scanning [0, 1]: VB_18->[You] : 1.7320049999999994E-6
# Scanning [0, 1]: VB_17->[You] : 1.7299649999999998E-6
# Scanning [0, 1]: JJ_27->[You] : 4.355429999999999E-7
# Scanning [0, 1]: VB_25->[You] : 1.7301580000000016E-6
# Scanning [0, 1]: JJ_22->[You] : 4.3482300000000005E-7
# Scanning [0, 1]: JJ_30->[You] : 5.872161099999997E-5
# Scanning [0, 1]: VB_26->[You] : 1.7301920000000002E-6
# Scanning [0, 1]: PRP_2->[You] : 1.113550000000001E-7
# Scanning [0, 1]: VB_21->[You] : 1.73006E-6
# Scanning [0, 1]: JJ_20->[You] : 4.351180000000003E-7
# Scanning [0, 1]: JJ_26->[You] : 4.3628700000000034E-7
# Scanning [0, 1]: VB_23->[You] : 1.7146688199999997E-4
# Scanning [0, 1]: UH_1->[You] : 2.816628380000001E-4
# Scanning [0, 1]: JJ_29->[You] : 4.3799299999999984E-7
# Scanning [0, 1]: JJ_17->[You] : 4.368670000000003E-7
# Scanning [0, 1]: VB_24->[You] : 1.731147E-6
# Scanning [0, 1]: JJ_21->[You] : 4.3615699999999987E-7
# 1	Any,  numTags=72
# Scanning [0, 1]: NNP_23->[Any] : 1.5159203999999998E-5
# Scanning [0, 1]: VBG_20->[Any] : 2.0881999999999985E-6
# Scanning [0, 1]: DT_0->[Any] : 2.2350954000000004E-5
# Scanning [0, 1]: NNP_28->[Any] : 6.22596875E-4
# Scanning [0, 1]: NNP_25->[Any] : 1.5140575999999993E-5
# Scanning [0, 1]: NNP_29->[Any] : 1.5227257999999997E-5
# Scanning [0, 1]: VBZ_5->[Any] : 5.147148999999998E-6
# Scanning [0, 1]: VBG_23->[Any] : 2.092535999999999E-6
# Scanning [0, 1]: NNP_16->[Any] : 1.5167692000000005E-5
# Scanning [0, 1]: VBG_15->[Any] : 2.0978790000000008E-6
# Scanning [0, 1]: VBD_3->[Any] : 1.0302749999999996E-6
# Scanning [0, 1]: DT_8->[Any] : 2.0993249000000015E-5
# Scanning [0, 1]: NNP_21->[Any] : 1.5307986999999998E-5
# Scanning [0, 1]: NNP_27->[Any] : 2.9893105000000028E-5
# Scanning [0, 1]: DT_12->[Any] : 3.4830816000000036E-5
# Scanning [0, 1]: DT_1->[Any] : 2.5160062999999985E-5
# Scanning [0, 1]: VBD_4->[Any] : 9.069420000000008E-7
# Scanning [0, 1]: VBZ_0->[Any] : 5.816681000000004E-6
# Scanning [0, 1]: VBZ_7->[Any] : 5.196567000000001E-6
# Scanning [0, 1]: NNP_17->[Any] : 1.5156176000000003E-5
# Scanning [0, 1]: VBZ_2->[Any] : 5.2768539999999986E-6
# Scanning [0, 1]: NNP_19->[Any] : 0.0011481960599999997
# Scanning [0, 1]: NNP_20->[Any] : 1.8449286000000015E-5
# Scanning [0, 1]: VB_23->[Any] : 0.004325208401999998
# Scanning [0, 1]: DT_11->[Any] : 2.1550441000000012E-5
# Scanning [0, 1]: DT_2->[Any] : 2.2624078999999988E-5
# Scanning [0, 1]: VBG_17->[Any] : 2.9120059999999996E-6
# Scanning [0, 1]: VBZ_6->[Any] : 5.176319E-6
# Scanning [0, 1]: VB_21->[Any] : 5.620868900000005E-5
# Scanning [0, 1]: DT_10->[Any] : 3.1307464000000014E-4
# Scanning [0, 1]: DT_15->[Any] : 0.036572924952
# Scanning [0, 1]: VBD_2->[Any] : 8.426979999999996E-7
# Scanning [0, 1]: DT_14->[Any] : 0.005014000325000002
# Scanning [0, 1]: DT_6->[Any] : 0.0017240548900000004
# Scanning [0, 1]: DT_17->[Any] : 0.001015159945
# Scanning [0, 1]: VBG_14->[Any] : 1.60332683E-4
# Scanning [0, 1]: DT_7->[Any] : 2.2021112000000005E-5
# Scanning [0, 1]: VBZ_1->[Any] : 5.2491600000000045E-6
# Scanning [0, 1]: DT_16->[Any] : 0.001067920089
# Scanning [0, 1]: VB_19->[Any] : 5.6696514E-5
# Scanning [0, 1]: VBG_22->[Any] : 2.0897959999999993E-6
# Scanning [0, 1]: VBD_5->[Any] : 8.52388E-7
# Scanning [0, 1]: VB_22->[Any] : 6.088931499999996E-5
# Scanning [0, 1]: NNP_22->[Any] : 1.6242492999999997E-5
# Scanning [0, 1]: DT_13->[Any] : 0.0029284198940000014
# Scanning [0, 1]: VB_20->[Any] : 5.619932300000004E-5
# Scanning [0, 1]: VB_16->[Any] : 5.6188048000000016E-5
# Scanning [0, 1]: VBZ_3->[Any] : 3.6803290700000013E-4
# Scanning [0, 1]: DT_18->[Any] : 9.85642741E-4
# Scanning [0, 1]: NNP_18->[Any] : 1.519011200000001E-5
# Scanning [0, 1]: VBG_21->[Any] : 2.089762E-6
# Scanning [0, 1]: VB_27->[Any] : 0.0010446316569999996
# Scanning [0, 1]: VB_24->[Any] : 5.621532499999996E-5
# Scanning [0, 1]: DT_3->[Any] : 2.1635750999999996E-5
# Scanning [0, 1]: VBG_18->[Any] : 2.236301000000001E-6
# Scanning [0, 1]: VBD_6->[Any] : 4.5046883000000025E-5
# Scanning [0, 1]: VBZ_8->[Any] : 5.279839000000003E-6
# Scanning [0, 1]: DT_5->[Any] : 2.0598273999999994E-5
# Scanning [0, 1]: NNP_26->[Any] : 1.5162089999999991E-5
# Scanning [0, 1]: VBG_13->[Any] : 2.155601E-6
# Scanning [0, 1]: VBG_16->[Any] : 2.3027149999999998E-6
# Scanning [0, 1]: VB_26->[Any] : 5.6223618999999993E-5
# Scanning [0, 1]: NNP_24->[Any] : 1.5203106000000012E-5
# Scanning [0, 1]: VBD_0->[Any] : 9.643899999999995E-7
# Scanning [0, 1]: VB_25->[Any] : 5.620241200000005E-5
# Scanning [0, 1]: VB_17->[Any] : 5.6191978E-5
# Scanning [0, 1]: DT_9->[Any] : 7.215571199999998E-5
# Scanning [0, 1]: VB_18->[Any] : 3.083563109999999E-4
# Scanning [0, 1]: VBG_19->[Any] : 2.8663003999999977E-5
# Scanning [0, 1]: VBZ_4->[Any] : 5.136311999999999E-6
# Scanning [0, 1]: DT_4->[Any] : 2.6531266999999984E-5
# Scanning [0, 1]: VBD_1->[Any] : 8.414200000000003E-7
# 1	I,  numTags=97
# Scanning [0, 1]: NNP_14->[I] : 9.369643639999998E-4
# Scanning [0, 1]: VBG_22->[I] : 1.0495499999999998E-6
# Scanning [0, 1]: JJ_28->[I] : 6.55589E-7
# Scanning [0, 1]: NNP_22->[I] : 1.0411935000000007E-5
# Scanning [0, 1]: NN_4->[I] : 5.552279500000003E-5
# Scanning [0, 1]: NN_9->[I] : 6.340956999999997E-5
# Scanning [0, 1]: CD_6->[I] : 9.901715109999999E-4
# Scanning [0, 1]: NN_0->[I] : 1.988646860000001E-4
# Scanning [0, 1]: NN_10->[I] : 6.559865899999996E-5
# Scanning [0, 1]: NNP_26->[I] : 1.0297680000000007E-5
# Scanning [0, 1]: NN_15->[I] : 0.002061808657000001
# Scanning [0, 1]: VBG_16->[I] : 1.0500389999999997E-6
# Scanning [0, 1]: VBG_13->[I] : 1.0501739999999998E-6
# Scanning [0, 1]: NNP_6->[I] : 0.001365649648
# Scanning [0, 1]: NNP_3->[I] : 0.11395695874899998
# Scanning [0, 1]: NN_13->[I] : 7.659071179999997E-4
# Scanning [0, 1]: CD_3->[I] : 2.3741722000000007E-5
# Scanning [0, 1]: NNP_4->[I] : 0.0010214878849999997
# Scanning [0, 1]: VBG_20->[I] : 1.0487389999999994E-6
# Scanning [0, 1]: PRP_1->[I] : 0.195492935114
# Scanning [0, 1]: NNP_23->[I] : 2.279946400000001E-5
# Scanning [0, 1]: NNP_2->[I] : 0.0023311286429999996
# Scanning [0, 1]: NNP_25->[I] : 1.0304358000000004E-5
# Scanning [0, 1]: NN_16->[I] : 9.804850299999999E-5
# Scanning [0, 1]: JJ_23->[I] : 6.522689999999999E-7
# Scanning [0, 1]: NNP_16->[I] : 1.0310478000000004E-5
# Scanning [0, 1]: NN_5->[I] : 9.772917799999992E-5
# Scanning [0, 1]: NNP_7->[I] : 0.0028065616699999994
# Scanning [0, 1]: NN_17->[I] : 0.002364818081000001
# Scanning [0, 1]: JJ_29->[I] : 6.569809999999997E-7
# Scanning [0, 1]: CD_4->[I] : 1.6534049000000002E-5
# Scanning [0, 1]: NN_7->[I] : 0.0018963468520000006
# Scanning [0, 1]: JJ_26->[I] : 6.54406E-7
# Scanning [0, 1]: NNP_19->[I] : 1.0318277E-5
# Scanning [0, 1]: NNP_11->[I] : 9.433029389999999E-4
# Scanning [0, 1]: CD_5->[I] : 7.059323570000001E-4
# Scanning [0, 1]: NNP_13->[I] : 9.121395469999999E-4
# Scanning [0, 1]: JJ_16->[I] : 6.530760000000004E-7
# Scanning [0, 1]: VBG_14->[I] : 1.0502080000000006E-6
# Scanning [0, 1]: NNP_15->[I] : 9.183726709999999E-4
# Scanning [0, 1]: CD_2->[I] : 2.561963000000002E-5
# Scanning [0, 1]: JJ_19->[I] : 6.524820000000001E-7
# Scanning [0, 1]: NNP_1->[I] : 0.0011737126740000005
# Scanning [0, 1]: JJ_18->[I] : 6.525800000000005E-7
# Scanning [0, 1]: NNP_8->[I] : 0.0030515425459999987
# Scanning [0, 1]: NN_12->[I] : 9.615123000000005E-5
# Scanning [0, 1]: NN_26->[I] : 8.881459299999997E-5
# Scanning [0, 1]: NNP_10->[I] : 9.369935120000003E-4
# Scanning [0, 1]: NN_23->[I] : 1.0621604299999991E-4
# Scanning [0, 1]: JJ_25->[I] : 6.531629999999997E-7
# Scanning [0, 1]: NN_6->[I] : 4.573653300000001E-5
# Scanning [0, 1]: CD_7->[I] : 0.002826946071000001
# Scanning [0, 1]: NN_1->[I] : 5.209865399999996E-5
# Scanning [0, 1]: NNP_18->[I] : 1.032511900000001E-5
# Scanning [0, 1]: VBG_21->[I] : 1.0495320000000003E-6
# Scanning [0, 1]: NN_22->[I] : 2.313693430000002E-4
# Scanning [0, 1]: NN_2->[I] : 4.989508569999999E-4
# Scanning [0, 1]: VBG_18->[I] : 9.443437999999996E-5
# Scanning [0, 1]: NN_28->[I] : 1.1092350599999994E-4
# Scanning [0, 1]: JJ_21->[I] : 6.542260000000001E-7
# Scanning [0, 1]: NNP_9->[I] : 0.001748035241
# Scanning [0, 1]: NNP_5->[I] : 0.0025444234250000006
# Scanning [0, 1]: NN_14->[I] : 6.152191549999999E-4
# Scanning [0, 1]: NNP_24->[I] : 2.0676007600000008E-4
# Scanning [0, 1]: JJ_22->[I] : 6.522309999999999E-7
# Scanning [0, 1]: JJ_30->[I] : 8.808240499999993E-5
# Scanning [0, 1]: PRP_2->[I] : 0.024947588318
# Scanning [0, 1]: JJ_20->[I] : 6.526710000000003E-7
# Scanning [0, 1]: PRP_0->[I] : 0.3188829413989999
# Scanning [0, 1]: CD_0->[I] : 2.0706872999999986E-5
# Scanning [0, 1]: VBG_19->[I] : 1.064818E-6
# Scanning [0, 1]: NN_25->[I] : 9.548208600000001E-5
# Scanning [0, 1]: JJ_27->[I] : 6.532950000000005E-7
# Scanning [0, 1]: NN_18->[I] : 1.0114894999999996E-4
# Scanning [0, 1]: NN_11->[I] : 4.107565599999996E-5
# Scanning [0, 1]: NNP_28->[I] : 1.0312262999999993E-5
# Scanning [0, 1]: NNP_12->[I] : 9.098952010000003E-4
# Scanning [0, 1]: JJ_31->[I] : 6.572619999999995E-7
# Scanning [0, 1]: VBG_23->[I] : 1.0509460000000008E-6
# Scanning [0, 1]: VBG_15->[I] : 1.0494790000000001E-6
# Scanning [0, 1]: NNP_29->[I] : 1.0343612999999996E-5
# Scanning [0, 1]: NN_19->[I] : 0.0033056429329999986
# Scanning [0, 1]: NN_20->[I] : 1.29142229E-4
# Scanning [0, 1]: JJ_24->[I] : 6.530240000000004E-7
# Scanning [0, 1]: NNP_0->[I] : 9.842585119999997E-4
# Scanning [0, 1]: NNP_21->[I] : 1.0304574999999993E-5
# Scanning [0, 1]: NNP_27->[I] : 1.0308526999999998E-5
# Scanning [0, 1]: NN_21->[I] : 0.0023091871359999998
# Scanning [0, 1]: NN_24->[I] : 8.982808700000004E-5
# Scanning [0, 1]: JJ_17->[I] : 6.552970000000001E-7
# Scanning [0, 1]: NNP_20->[I] : 9.947619409999997E-4
# Scanning [0, 1]: NNP_17->[I] : 1.2276215999999997E-5
# Scanning [0, 1]: NN_27->[I] : 9.074720000000002E-5
# Scanning [0, 1]: NN_3->[I] : 9.362804760000004E-4
# Scanning [0, 1]: VBG_17->[I] : 1.0498579999999998E-6
# Scanning [0, 1]: CD_1->[I] : 2.6941049999999978E-5
# Scanning [0, 1]: NN_8->[I] : 4.090515300000001E-5
# 1	Lights,  numTags=29
# Scanning [0, 1]: VBG_4->[Lights] : 9.543359999999996E-7
# Scanning [0, 1]: VBG_10->[Lights] : 9.586960000000001E-7
# Scanning [0, 1]: VBG_2->[Lights] : 9.448780000000002E-7
# Scanning [0, 1]: NNS_21->[Lights] : 2.504082E-4
# Scanning [0, 1]: NNS_13->[Lights] : 5.223156500000001E-5
# Scanning [0, 1]: VBG_8->[Lights] : 9.534220000000006E-7
# Scanning [0, 1]: VBG_1->[Lights] : 9.399620000000008E-7
# Scanning [0, 1]: VBG_9->[Lights] : 9.554380000000002E-7
# Scanning [0, 1]: NNS_26->[Lights] : 1.5478249600000012E-4
# Scanning [0, 1]: VBG_12->[Lights] : 9.514550000000006E-7
# Scanning [0, 1]: VBG_7->[Lights] : 9.699059999999996E-7
# Scanning [0, 1]: VBG_0->[Lights] : 9.644230000000002E-7
# Scanning [0, 1]: NNS_12->[Lights] : 0.0010023673439999996
# Scanning [0, 1]: NNS_23->[Lights] : 2.036554229999999E-4
# Scanning [0, 1]: NNS_16->[Lights] : 5.4584756000000006E-5
# Scanning [0, 1]: VBG_5->[Lights] : 9.814510000000002E-7
# Scanning [0, 1]: NNS_25->[Lights] : 5.467899800000004E-5
# Scanning [0, 1]: VBG_11->[Lights] : 9.40417E-7
# Scanning [0, 1]: VBG_3->[Lights] : 9.601909999999997E-7
# Scanning [0, 1]: NNS_15->[Lights] : 1.0028659199999997E-4
# Scanning [0, 1]: VBG_6->[Lights] : 1.0129576499999999E-4
# Scanning [0, 1]: NNS_24->[Lights] : 5.608622799999997E-5
# Scanning [0, 1]: NNS_22->[Lights] : 7.102533400000004E-5
# Scanning [0, 1]: NNS_18->[Lights] : 0.0047990972399999995
# Scanning [0, 1]: NNS_19->[Lights] : 6.757084999999997E-5
# Scanning [0, 1]: NNS_11->[Lights] : 4.9318497999999987E-5
# Scanning [0, 1]: NNS_17->[Lights] : 2.810074869999998E-4
# Scanning [0, 1]: NNS_20->[Lights] : 1.0919346100000001E-4
# Scanning [0, 1]: NNS_14->[Lights] : 5.628100599999998E-5
# 1	Katherine,  numTags=173
# Scanning [0, 1]: NNS_22->[Katherine] : 6.483875E-6
# Scanning [0, 1]: RB_2->[Katherine] : 3.5913247999999985E-5
# Scanning [0, 1]: JJ_29->[Katherine] : 2.7204970000000023E-6
# Scanning [0, 1]: UH_1->[Katherine] : 2.816631929999998E-4
# Scanning [0, 1]: NNP_19->[Katherine] : 0.0012992675849999996
# Scanning [0, 1]: VBZ_16->[Katherine] : 0.0010061692700000001
# Scanning [0, 1]: NNS_19->[Katherine] : 6.410048000000003E-6
# Scanning [0, 1]: RB_12->[Katherine] : 5.364871999999997E-6
# Scanning [0, 1]: JJ_26->[Katherine] : 2.1925989999999993E-6
# Scanning [0, 1]: NNS_18->[Katherine] : 6.501665999999996E-6
# Scanning [0, 1]: NN_7->[Katherine] : 6.748150000000004E-7
# Scanning [0, 1]: NNP_13->[Katherine] : 8.729767799999993E-5
# Scanning [0, 1]: VBD_14->[Katherine] : 6.870639999999997E-7
# Scanning [0, 1]: NNP_11->[Katherine] : 1.0063702400000002E-4
# Scanning [0, 1]: NNP_15->[Katherine] : 9.108661900000006E-5
# Scanning [0, 1]: VBD_18->[Katherine] : 6.863249999999996E-7
# Scanning [0, 1]: VBG_14->[Katherine] : 1.6479260000000009E-6
# Scanning [0, 1]: VBG_5->[Katherine] : 1.7603935E-5
# Scanning [0, 1]: JJ_16->[Katherine] : 2.2933200000000007E-6
# Scanning [0, 1]: NNP_23->[Katherine] : 0.006410118067999998
# Scanning [0, 1]: VBD_11->[Katherine] : 6.868380000000003E-7
# Scanning [0, 1]: NNP_4->[Katherine] : 1.1776249100000009E-4
# Scanning [0, 1]: VBG_20->[Katherine] : 1.056390000000001E-6
# Scanning [0, 1]: VBG_7->[Katherine] : 1.7451689300000003E-4
# Scanning [0, 1]: VBN_12->[Katherine] : 9.177060000000001E-7
# Scanning [0, 1]: NN_13->[Katherine] : 6.737359999999997E-7
# Scanning [0, 1]: VBN_14->[Katherine] : 9.206439999999993E-7
# Scanning [0, 1]: JJ_23->[Katherine] : 2.1767160000000016E-6
# Scanning [0, 1]: NN_16->[Katherine] : 4.834929999999998E-7
# Scanning [0, 1]: VBN_3->[Katherine] : 9.152460000000001E-7
# Scanning [0, 1]: NNP_2->[Katherine] : 0.005459841931999998
# Scanning [0, 1]: NNP_25->[Katherine] : 3.150981550000001E-4
# Scanning [0, 1]: VBN_4->[Katherine] : 9.157540000000005E-7
# Scanning [0, 1]: VBN_0->[Katherine] : 9.145569999999994E-7
# Scanning [0, 1]: NN_5->[Katherine] : 6.754569999999998E-7
# Scanning [0, 1]: NNP_16->[Katherine] : 0.0024025070319999998
# Scanning [0, 1]: NN_17->[Katherine] : 4.83839E-7
# Scanning [0, 1]: NNS_26->[Katherine] : 1.0528666E-5
# Scanning [0, 1]: NNP_7->[Katherine] : 4.0286711800000013E-4
# Scanning [0, 1]: NNS_13->[Katherine] : 6.050307999999996E-6
# Scanning [0, 1]: VBG_2->[Katherine] : 2.321400999999998E-5
# Scanning [0, 1]: VBG_4->[Katherine] : 1.5117209000000005E-5
# Scanning [0, 1]: VBZ_12->[Katherine] : 1.1180893999999999E-5
# Scanning [0, 1]: NNS_24->[Katherine] : 5.39284373E-4
# Scanning [0, 1]: RB_4->[Katherine] : 3.886935999999998E-6
# Scanning [0, 1]: NN_15->[Katherine] : 4.83787E-7
# Scanning [0, 1]: NNS_17->[Katherine] : 8.478479000000003E-6
# Scanning [0, 1]: VBD_9->[Katherine] : 8.885498499999998E-5
# Scanning [0, 1]: NNS_11->[Katherine] : 6.031354E-6
# Scanning [0, 1]: NNP_26->[Katherine] : 0.005020846051
# Scanning [0, 1]: NN_10->[Katherine] : 6.808320000000005E-7
# Scanning [0, 1]: RB_13->[Katherine] : 7.125821200000005E-5
# Scanning [0, 1]: NNS_16->[Katherine] : 6.0755780000000006E-6
# Scanning [0, 1]: NNP_6->[Katherine] : 0.0014480370700000003
# Scanning [0, 1]: VBG_13->[Katherine] : 1.0347520000000002E-6
# Scanning [0, 1]: VBG_16->[Katherine] : 9.582300000000008E-7
# Scanning [0, 1]: VBN_8->[Katherine] : 9.145220000000006E-7
# Scanning [0, 1]: NNP_3->[Katherine] : 0.0025145832450000002
# Scanning [0, 1]: VBG_11->[Katherine] : 1.4244188000000002E-5
# Scanning [0, 1]: VBN_7->[Katherine] : 1.1516120800000004E-4
# Scanning [0, 1]: JJ_28->[Katherine] : 2.554324999999998E-6
# Scanning [0, 1]: VBZ_19->[Katherine] : 1.1174700999999993E-5
# Scanning [0, 1]: VBD_17->[Katherine] : 6.859959999999998E-7
# Scanning [0, 1]: VBG_12->[Katherine] : 1.4017084999999996E-5
# Scanning [0, 1]: VBG_22->[Katherine] : 9.135359999999992E-7
# Scanning [0, 1]: NNP_14->[Katherine] : 3.6598048899999996E-4
# Scanning [0, 1]: NNP_22->[Katherine] : 3.4034132000000016E-4
# Scanning [0, 1]: VBN_1->[Katherine] : 9.14497E-7
# Scanning [0, 1]: VBZ_17->[Katherine] : 1.140137899999999E-5
# Scanning [0, 1]: VBD_13->[Katherine] : 6.863400000000004E-7
# Scanning [0, 1]: VBD_16->[Katherine] : 6.86179E-7
# Scanning [0, 1]: VBZ_15->[Katherine] : 1.1180181000000008E-5
# Scanning [0, 1]: NN_9->[Katherine] : 7.915510000000005E-7
# Scanning [0, 1]: NN_4->[Katherine] : 6.872140000000005E-7
# Scanning [0, 1]: VBN_13->[Katherine] : 9.143080000000003E-7
# Scanning [0, 1]: VBG_1->[Katherine] : 2.297851800000001E-5
# Scanning [0, 1]: NN_0->[Katherine] : 6.936830000000003E-7
# Scanning [0, 1]: VBD_7->[Katherine] : 6.894769999999995E-7
# Scanning [0, 1]: RB_7->[Katherine] : 5.905317000000003E-6
# Scanning [0, 1]: JJ_17->[Katherine] : 1.3857811699999995E-4
# Scanning [0, 1]: VBD_20->[Katherine] : 6.860510000000001E-7
# Scanning [0, 1]: VBN_11->[Katherine] : 9.162539999999998E-7
# Scanning [0, 1]: NN_24->[Katherine] : 4.836210000000004E-7
# Scanning [0, 1]: NNP_17->[Katherine] : 0.0013170066279999998
# Scanning [0, 1]: NNP_20->[Katherine] : 3.862795729999999E-4
# Scanning [0, 1]: RB_6->[Katherine] : 9.439726999999993E-6
# Scanning [0, 1]: VBG_17->[Katherine] : 9.136420000000003E-7
# Scanning [0, 1]: NN_3->[Katherine] : 1.3144399999999995E-6
# Scanning [0, 1]: VBZ_10->[Katherine] : 1.1189432999999992E-5
# Scanning [0, 1]: NN_27->[Katherine] : 5.027970000000003E-7
# Scanning [0, 1]: VBZ_14->[Katherine] : 1.1176453000000007E-5
# Scanning [0, 1]: VBN_10->[Katherine] : 9.147680000000003E-7
# Scanning [0, 1]: NNS_23->[Katherine] : 1.3666183900000012E-4
# Scanning [0, 1]: VBN_9->[Katherine] : 9.218849999999998E-7
# Scanning [0, 1]: NNS_25->[Katherine] : 6.453275000000005E-6
# Scanning [0, 1]: RB_8->[Katherine] : 9.391170000000004E-6
# Scanning [0, 1]: NN_8->[Katherine] : 6.736329999999995E-7
# Scanning [0, 1]: VBD_22->[Katherine] : 6.861160000000003E-7
# Scanning [0, 1]: JJ_31->[Katherine] : 2.663889000000001E-6
# Scanning [0, 1]: VBD_15->[Katherine] : 6.8608E-7
# Scanning [0, 1]: NNS_12->[Katherine] : 1.0867714299999996E-4
# Scanning [0, 1]: RB_5->[Katherine] : 9.538726000000004E-6
# Scanning [0, 1]: NNP_12->[Katherine] : 8.710522100000005E-5
# Scanning [0, 1]: VBZ_18->[Katherine] : 1.1170075000000002E-5
# Scanning [0, 1]: NNP_28->[Katherine] : 8.985693260000002E-4
# Scanning [0, 1]: VBD_10->[Katherine] : 4.448823000000003E-6
# Scanning [0, 1]: NN_20->[Katherine] : 6.425699999999997E-7
# Scanning [0, 1]: RB_9->[Katherine] : 1.64191953E-4
# Scanning [0, 1]: NN_19->[Katherine] : 5.6287818000000016E-5
# Scanning [0, 1]: NNP_29->[Katherine] : 0.004802806142999999
# Scanning [0, 1]: VBG_23->[Katherine] : 9.147659999999997E-7
# Scanning [0, 1]: VBG_15->[Katherine] : 9.204709999999992E-7
# Scanning [0, 1]: NN_21->[Katherine] : 5.017710000000002E-7
# Scanning [0, 1]: NNP_21->[Katherine] : 0.006760989733000001
# Scanning [0, 1]: NNP_27->[Katherine] : 0.0016225477370000005
# Scanning [0, 1]: NNS_21->[Katherine] : 3.7260808E-5
# Scanning [0, 1]: NNP_0->[Katherine] : 9.198944499999993E-5
# Scanning [0, 1]: JJ_24->[Katherine] : 2.1567390000000017E-6
# Scanning [0, 1]: JJ_21->[Katherine] : 7.758692000000006E-6
# Scanning [0, 1]: NNP_9->[Katherine] : 9.318816500000001E-5
# Scanning [0, 1]: VBD_12->[Katherine] : 6.869279999999997E-7
# Scanning [0, 1]: NN_28->[Katherine] : 4.894309999999997E-7
# Scanning [0, 1]: VBG_6->[Katherine] : 1.4119999000000008E-5
# Scanning [0, 1]: NNS_15->[Katherine] : 6.026286000000005E-6
# Scanning [0, 1]: VBG_18->[Katherine] : 9.134859999999993E-7
# Scanning [0, 1]: VBD_8->[Katherine] : 6.864459999999999E-7
# Scanning [0, 1]: VBG_3->[Katherine] : 1.1870376900000004E-4
# Scanning [0, 1]: NN_22->[Katherine] : 5.501789999999998E-7
# Scanning [0, 1]: NN_2->[Katherine] : 8.381433899999997E-5
# Scanning [0, 1]: NNS_20->[Katherine] : 6.851066999999999E-6
# Scanning [0, 1]: NNS_14->[Katherine] : 6.111213000000005E-6
# Scanning [0, 1]: VBZ_11->[Katherine] : 1.118097999999999E-5
# Scanning [0, 1]: RB_3->[Katherine] : 4.4858620000000025E-6
# Scanning [0, 1]: NN_14->[Katherine] : 6.916639999999999E-7
# Scanning [0, 1]: RB_10->[Katherine] : 3.6656859999999987E-6
# Scanning [0, 1]: NNP_5->[Katherine] : 6.531693489999998E-4
# Scanning [0, 1]: RB_0->[Katherine] : 1.45234683E-4
# Scanning [0, 1]: JJ_20->[Katherine] : 4.177340999999998E-6
# Scanning [0, 1]: UH_0->[Katherine] : 1.0528128000000003E-4
# Scanning [0, 1]: VBZ_13->[Katherine] : 1.1188682E-5
# Scanning [0, 1]: JJ_30->[Katherine] : 9.876269000000008E-6
# Scanning [0, 1]: JJ_22->[Katherine] : 2.2487310000000004E-6
# Scanning [0, 1]: NNP_24->[Katherine] : 0.007970473905000003
# Scanning [0, 1]: VBN_5->[Katherine] : 9.457909999999999E-7
# Scanning [0, 1]: NN_11->[Katherine] : 6.727760000000005E-7
# Scanning [0, 1]: NN_25->[Katherine] : 4.87559E-7
# Scanning [0, 1]: JJ_27->[Katherine] : 2.1735089999999996E-6
# Scanning [0, 1]: NN_18->[Katherine] : 4.83504E-7
# Scanning [0, 1]: VBD_19->[Katherine] : 6.860860000000003E-7
# Scanning [0, 1]: VBG_19->[Katherine] : 8.113878899999993E-5
# Scanning [0, 1]: VBZ_9->[Katherine] : 1.1173880999999993E-5
# Scanning [0, 1]: VBG_0->[Katherine] : 0.001219582772
# Scanning [0, 1]: VBN_2->[Katherine] : 9.191939999999998E-7
# Scanning [0, 1]: JJ_19->[Katherine] : 2.124028E-6
# Scanning [0, 1]: JJ_18->[Katherine] : 2.167272999999998E-6
# Scanning [0, 1]: NNP_1->[Katherine] : 9.513963100000001E-5
# Scanning [0, 1]: VBN_6->[Katherine] : 9.589089999999997E-7
# Scanning [0, 1]: JJ_25->[Katherine] : 1.3281087499999994E-4
# Scanning [0, 1]: NN_6->[Katherine] : 7.257839999999996E-7
# Scanning [0, 1]: NN_23->[Katherine] : 4.840859999999999E-7
# Scanning [0, 1]: VBD_21->[Katherine] : 6.860420000000004E-7
# Scanning [0, 1]: NNP_10->[Katherine] : 1.0707494299999998E-4
# Scanning [0, 1]: NN_26->[Katherine] : 4.89293E-7
# Scanning [0, 1]: NNP_8->[Katherine] : 0.0013339187580000003
# Scanning [0, 1]: NN_12->[Katherine] : 6.724799999999998E-7
# Scanning [0, 1]: NNP_18->[Katherine] : 8.427209099999998E-4
# Scanning [0, 1]: VBG_21->[Katherine] : 9.203509999999997E-7
# Scanning [0, 1]: VBG_9->[Katherine] : 1.4243556999999987E-5
# Scanning [0, 1]: NN_1->[Katherine] : 7.019249999999994E-7
# Scanning [0, 1]: VBG_8->[Katherine] : 1.4137743999999992E-5
# Scanning [0, 1]: RB_1->[Katherine] : 4.651357999999998E-6
# Scanning [0, 1]: VBG_10->[Katherine] : 1.4614883000000001E-5
# Scanning [0, 1]: RB_11->[Katherine] : 3.699284999999998E-6
# 1	He,  numTags=1
# Scanning [0, 1]: PRP_0->[He] : 0.21707455390900002
# 1	She,  numTags=31
# Scanning [0, 1]: NN_5->[She] : 3.606984999999997E-6
# Scanning [0, 1]: NN_26->[She] : 1.2664516999999995E-5
# Scanning [0, 1]: NN_12->[She] : 3.5895380000000003E-6
# Scanning [0, 1]: NN_9->[She] : 3.5985589999999997E-6
# Scanning [0, 1]: NN_4->[She] : 3.588333E-6
# Scanning [0, 1]: NN_19->[She] : 1.0378160000000003E-6
# Scanning [0, 1]: NN_23->[She] : 7.37677E-7
# Scanning [0, 1]: NN_20->[She] : 8.752569999999997E-7
# Scanning [0, 1]: NN_6->[She] : 6.602114999999998E-6
# Scanning [0, 1]: NN_0->[She] : 3.5989590000000005E-6
# Scanning [0, 1]: NN_1->[She] : 3.597420999999998E-6
# Scanning [0, 1]: NN_17->[She] : 7.283185400000001E-5
# Scanning [0, 1]: NN_21->[She] : 8.291340000000001E-7
# Scanning [0, 1]: NN_13->[She] : 3.6699299999999972E-6
# Scanning [0, 1]: NN_16->[She] : 7.355339999999994E-7
# Scanning [0, 1]: NN_27->[She] : 7.390299999999994E-7
# Scanning [0, 1]: NN_3->[She] : 4.980266000000001E-6
# Scanning [0, 1]: NN_8->[She] : 2.3034312999999987E-4
# Scanning [0, 1]: PRP_0->[She] : 0.125084034785
# Scanning [0, 1]: NN_25->[She] : 7.762629999999998E-7
# Scanning [0, 1]: NN_18->[She] : 7.663709999999998E-7
# Scanning [0, 1]: NN_11->[She] : 3.596770000000001E-6
# Scanning [0, 1]: NN_22->[She] : 1.2629319999999992E-6
# Scanning [0, 1]: NN_24->[She] : 7.407149999999997E-7
# Scanning [0, 1]: NN_2->[She] : 3.710679999999998E-6
# Scanning [0, 1]: NN_28->[She] : 7.442099999999996E-7
# Scanning [0, 1]: NN_10->[She] : 3.642553000000001E-6
# Scanning [0, 1]: NN_7->[She] : 2.1840170699999992E-4
# Scanning [0, 1]: NN_14->[She] : 5.423887999999997E-6
# Scanning [0, 1]: UH_1->[She] : 5.63325667E-4
# Scanning [0, 1]: NN_15->[She] : 8.431550000000005E-7
# 1	She,  numTags=31
# Scanning [0, 1]: NN_5->[She] : 3.606984999999997E-6
# Scanning [0, 1]: NN_26->[She] : 1.2664516999999995E-5
# Scanning [0, 1]: NN_12->[She] : 3.5895380000000003E-6
# Scanning [0, 1]: NN_9->[She] : 3.5985589999999997E-6
# Scanning [0, 1]: NN_4->[She] : 3.588333E-6
# Scanning [0, 1]: NN_19->[She] : 1.0378160000000003E-6
# Scanning [0, 1]: NN_23->[She] : 7.37677E-7
# Scanning [0, 1]: NN_20->[She] : 8.752569999999997E-7
# Scanning [0, 1]: NN_6->[She] : 6.602114999999998E-6
# Scanning [0, 1]: NN_0->[She] : 3.5989590000000005E-6
# Scanning [0, 1]: NN_1->[She] : 3.597420999999998E-6
# Scanning [0, 1]: NN_17->[She] : 7.283185400000001E-5
# Scanning [0, 1]: NN_21->[She] : 8.291340000000001E-7
# Scanning [0, 1]: NN_13->[She] : 3.6699299999999972E-6
# Scanning [0, 1]: NN_16->[She] : 7.355339999999994E-7
# Scanning [0, 1]: NN_27->[She] : 7.390299999999994E-7
# Scanning [0, 1]: NN_3->[She] : 4.980266000000001E-6
# Scanning [0, 1]: NN_8->[She] : 2.3034312999999987E-4
# Scanning [0, 1]: PRP_0->[She] : 0.125084034785
# Scanning [0, 1]: NN_25->[She] : 7.762629999999998E-7
# Scanning [0, 1]: NN_18->[She] : 7.663709999999998E-7
# Scanning [0, 1]: NN_11->[She] : 3.596770000000001E-6
# Scanning [0, 1]: NN_22->[She] : 1.2629319999999992E-6
# Scanning [0, 1]: NN_24->[She] : 7.407149999999997E-7
# Scanning [0, 1]: NN_2->[She] : 3.710679999999998E-6
# Scanning [0, 1]: NN_28->[She] : 7.442099999999996E-7
# Scanning [0, 1]: NN_10->[She] : 3.642553000000001E-6
# Scanning [0, 1]: NN_7->[She] : 2.1840170699999992E-4
# Scanning [0, 1]: NN_14->[She] : 5.423887999999997E-6
# Scanning [0, 1]: UH_1->[She] : 5.63325667E-4
# Scanning [0, 1]: NN_15->[She] : 8.431550000000005E-7
# 1	``,  numTags=79
# Scanning [0, 1]: VBG_10->[``] : 1.2144360000000005E-6
# Scanning [0, 1]: RB_11->[``] : 4.248254000000003E-6
# Scanning [0, 1]: RB_1->[``] : 4.248255999999997E-6
# Scanning [0, 1]: VBG_1->[``] : 1.2135570000000008E-6
# Scanning [0, 1]: VBG_9->[``] : 1.214355999999999E-6
# Scanning [0, 1]: JJ_8->[``] : 2.3467999999999998E-7
# Scanning [0, 1]: VBG_8->[``] : 1.3000871900000006E-4
# Scanning [0, 1]: NNP_18->[``] : 9.676526000000004E-6
# Scanning [0, 1]: JJ_13->[``] : 2.3465800000000006E-7
# Scanning [0, 1]: JJ_6->[``] : 2.3468899999999989E-7
# Scanning [0, 1]: JJ_5->[``] : 2.3497199999999992E-7
# Scanning [0, 1]: VBZ_15->[``] : 2.6215180000000016E-6
# Scanning [0, 1]: VBZ_17->[``] : 2.3513867899999983E-4
# Scanning [0, 1]: VBZ_3->[``] : 3.480008019999999E-4
# Scanning [0, 1]: NNP_22->[``] : 9.680674000000008E-6
# Scanning [0, 1]: JJ_15->[``] : 2.3468399999999983E-7
# Scanning [0, 1]: VBG_0->[``] : 1.214728999999999E-6
# Scanning [0, 1]: VBG_12->[``] : 1.2142349999999992E-6
# Scanning [0, 1]: VBZ_19->[``] : 2.612248999999999E-6
# Scanning [0, 1]: VBZ_9->[``] : 2.6117910000000014E-6
# Scanning [0, 1]: VBZ_1->[``] : 9.457583999999997E-6
# Scanning [0, 1]: JJ_4->[``] : 3.173604499999999E-5
# Scanning [0, 1]: VBZ_4->[``] : 5.313311E-6
# Scanning [0, 1]: VBG_11->[``] : 1.2176190000000003E-6
# Scanning [0, 1]: NNP_24->[``] : 9.972551599999991E-5
# Scanning [0, 1]: VBZ_13->[``] : 2.6147459999999984E-6
# Scanning [0, 1]: JJ_12->[``] : 2.347830000000001E-7
# Scanning [0, 1]: RB_10->[``] : 4.969871399999999E-4
# Scanning [0, 1]: RB_13->[``] : 4.270529999999998E-6
# Scanning [0, 1]: RB_0->[``] : 4.248323000000001E-6
# Scanning [0, 1]: RB_3->[``] : 4.248312E-6
# Scanning [0, 1]: NNP_26->[``] : 9.853626999999994E-6
# Scanning [0, 1]: VBZ_11->[``] : 2.622570999999998E-6
# Scanning [0, 1]: VBZ_8->[``] : 5.149288000000001E-6
# Scanning [0, 1]: VBG_3->[``] : 1.2145909999999995E-6
# Scanning [0, 1]: RB_4->[``] : 4.250563000000002E-6
# Scanning [0, 1]: VBG_6->[``] : 1.2145889999999993E-6
# Scanning [0, 1]: VBZ_12->[``] : 2.6129930000000002E-6
# Scanning [0, 1]: TICK_1->[``] : 0.998035216278
# Scanning [0, 1]: VBG_2->[``] : 1.2137900000000003E-6
# Scanning [0, 1]: VBG_4->[``] : 1.214699000000001E-6
# Scanning [0, 1]: NNP_21->[``] : 9.808736000000003E-6
# Scanning [0, 1]: NNP_27->[``] : 1.4239564000000012E-5
# Scanning [0, 1]: NNP_29->[``] : 1.5238280000000001E-5
# Scanning [0, 1]: VBZ_5->[``] : 5.050252000000003E-6
# Scanning [0, 1]: NNP_16->[``] : 9.674785999999998E-6
# Scanning [0, 1]: RB_9->[``] : 4.250010000000002E-6
# Scanning [0, 1]: JJ_1->[``] : 2.347409999999999E-7
# Scanning [0, 1]: JJ_3->[``] : 2.348249999999998E-7
# Scanning [0, 1]: RB_5->[``] : 4.248368000000001E-6
# Scanning [0, 1]: VBZ_18->[``] : 2.6120310000000016E-6
# Scanning [0, 1]: NNP_28->[``] : 1.0912231999999994E-5
# Scanning [0, 1]: NNP_25->[``] : 9.647013E-6
# Scanning [0, 1]: TICK_0->[``] : 0.31986610378900004
# Scanning [0, 1]: JJ_10->[``] : 2.3481299999999984E-7
# Scanning [0, 1]: VBG_7->[``] : 2.333120999999999E-6
# Scanning [0, 1]: JJ_9->[``] : 2.3460600000000008E-7
# Scanning [0, 1]: NNP_23->[``] : 3.065372799999998E-5
# Scanning [0, 1]: JJ_11->[``] : 2.3485099999999988E-7
# Scanning [0, 1]: RB_8->[``] : 4.248631000000002E-6
# Scanning [0, 1]: VBG_5->[``] : 1.2160079999999997E-6
# Scanning [0, 1]: JJ_7->[``] : 2.3470799999999993E-7
# Scanning [0, 1]: VBZ_14->[``] : 2.6150619999999983E-6
# Scanning [0, 1]: VBZ_10->[``] : 2.6153059999999995E-6
# Scanning [0, 1]: JJ_2->[``] : 2.3479199999999992E-7
# Scanning [0, 1]: JJ_0->[``] : 2.3940300000000023E-7
# Scanning [0, 1]: JJ_14->[``] : 2.345979999999999E-7
# Scanning [0, 1]: VBZ_6->[``] : 5.231800000000002E-6
# Scanning [0, 1]: NNP_20->[``] : 5.539567180000001E-4
# Scanning [0, 1]: RB_6->[``] : 4.249140999999999E-6
# Scanning [0, 1]: RB_12->[``] : 4.325001000000003E-6
# Scanning [0, 1]: VBZ_16->[``] : 2.6492079999999994E-6
# Scanning [0, 1]: VBZ_7->[``] : 5.032778E-6
# Scanning [0, 1]: NNP_17->[``] : 1.0665997999999995E-5
# Scanning [0, 1]: VBZ_2->[``] : 1.353401100000001E-5
# Scanning [0, 1]: NNP_19->[``] : 4.6224809700000006E-4
# Scanning [0, 1]: RB_2->[``] : 4.248306000000003E-6
# Scanning [0, 1]: VBZ_0->[``] : 5.209895999999997E-6
# Scanning [0, 1]: RB_7->[``] : 4.248617999999999E-6
# Scanning [0, 1]: PRP_0->[He] : 0.21707455390900002
# 1	but,  numTags=82
# Scanning [0, 1]: NNP_26->[but] : 6.310729999999998E-7
# Scanning [0, 1]: IN_13->[but] : 0.007557448997000003
# Scanning [0, 1]: RB_3->[but] : 3.396405810000001E-4
# Scanning [0, 1]: RB_13->[but] : 9.043161499999993E-5
# Scanning [0, 1]: RB_0->[but] : 0.0014269636250000002
# Scanning [0, 1]: RB_10->[but] : 5.41334238E-4
# Scanning [0, 1]: RB_20->[but] : 5.4653250000000034E-6
# Scanning [0, 1]: VBZ_11->[but] : 3.440106999999999E-6
# Scanning [0, 1]: RB_15->[but] : 6.041265999999999E-6
# Scanning [0, 1]: RB_4->[but] : 8.968198400000004E-5
# Scanning [0, 1]: RB_25->[but] : 1.0605291999999996E-5
# Scanning [0, 1]: VBZ_12->[but] : 3.4400929999999974E-6
# Scanning [0, 1]: CC_5->[but] : 0.019068524203999997
# Scanning [0, 1]: IN_6->[but] : 1.4689884000000006E-5
# Scanning [0, 1]: RB_17->[but] : 5.262521E-6
# Scanning [0, 1]: CC_4->[but] : 0.002818620143
# Scanning [0, 1]: RB_16->[but] : 5.616935000000005E-6
# Scanning [0, 1]: IN_12->[but] : 5.528840649999998E-4
# Scanning [0, 1]: NNP_24->[but] : 6.314709999999998E-7
# Scanning [0, 1]: IN_5->[but] : 1.3391437000000003E-5
# Scanning [0, 1]: IN_7->[but] : 8.756215549999998E-4
# Scanning [0, 1]: IN_24->[but] : 6.526039709999999E-4
# Scanning [0, 1]: IN_21->[but] : 7.017863019999999E-4
# Scanning [0, 1]: VBZ_13->[but] : 3.442452999999999E-6
# Scanning [0, 1]: IN_18->[but] : 9.315828929999998E-4
# Scanning [0, 1]: RB_14->[but] : 5.421648000000001E-6
# Scanning [0, 1]: NNP_22->[but] : 6.334210000000005E-7
# Scanning [0, 1]: RB_22->[but] : 4.5197785800000004E-4
# Scanning [0, 1]: RB_18->[but] : 5.441688999999996E-6
# Scanning [0, 1]: IN_16->[but] : 6.749305390000001E-4
# Scanning [0, 1]: VBZ_19->[but] : 3.438156E-6
# Scanning [0, 1]: VBZ_9->[but] : 3.4378880000000028E-6
# Scanning [0, 1]: RB_24->[but] : 5.708943999999996E-6
# Scanning [0, 1]: RB_1->[but] : 0.004340125911999999
# Scanning [0, 1]: RB_11->[but] : 9.096795800000003E-5
# Scanning [0, 1]: IN_17->[but] : 7.351492530000002E-4
# Scanning [0, 1]: CC_2->[but] : 0.061266133749
# Scanning [0, 1]: CC_1->[but] : 0.050015117102999995
# Scanning [0, 1]: NNP_18->[but] : 6.328939999999997E-7
# Scanning [0, 1]: IN_1->[but] : 1.4870119999999995E-5
# Scanning [0, 1]: IN_23->[but] : 0.0020063167470000007
# Scanning [0, 1]: IN_4->[but] : 1.840694999999998E-5
# Scanning [0, 1]: IN_22->[but] : 5.56516846E-4
# Scanning [0, 1]: VBZ_17->[but] : 3.454139999999997E-6
# Scanning [0, 1]: IN_3->[but] : 1.876022099999999E-5
# Scanning [0, 1]: VBZ_15->[but] : 3.4398719999999987E-6
# Scanning [0, 1]: RB_12->[but] : 9.300500599999996E-5
# Scanning [0, 1]: NNP_20->[but] : 7.082849999999999E-7
# Scanning [0, 1]: RB_6->[but] : 9.850333400000004E-5
# Scanning [0, 1]: NNP_19->[but] : 7.349548200000005E-5
# Scanning [0, 1]: NNP_17->[but] : 6.314210000000003E-7
# Scanning [0, 1]: VBZ_16->[but] : 3.0962584400000005E-4
# Scanning [0, 1]: IN_15->[but] : 6.053785459999999E-4
# Scanning [0, 1]: RB_2->[but] : 0.003988070888999999
# Scanning [0, 1]: IN_14->[but] : 7.21097959E-4
# Scanning [0, 1]: RB_7->[but] : 9.325043099999995E-5
# Scanning [0, 1]: IN_0->[but] : 4.197049100000003E-5
# Scanning [0, 1]: RB_8->[but] : 1.092690410000001E-4
# Scanning [0, 1]: RB_21->[but] : 8.027032000000002E-6
# Scanning [0, 1]: VBZ_14->[but] : 3.4387200000000025E-6
# Scanning [0, 1]: IN_2->[but] : 2.3586220399999982E-4
# Scanning [0, 1]: VBZ_10->[but] : 3.4427349999999975E-6
# Scanning [0, 1]: VBZ_18->[but] : 3.436736999999999E-6
# Scanning [0, 1]: NNP_28->[but] : 6.418149999999996E-7
# Scanning [0, 1]: NNP_25->[but] : 6.306570000000002E-7
# Scanning [0, 1]: RB_5->[but] : 1.3701626199999988E-4
# Scanning [0, 1]: IN_9->[but] : 1.3558348999999989E-5
# Scanning [0, 1]: CC_0->[but] : 0.854146154344
# Scanning [0, 1]: IN_19->[but] : 5.81119679E-4
# Scanning [0, 1]: NNP_23->[but] : 6.310529999999996E-7
# Scanning [0, 1]: RB_19->[but] : 4.536522599999999E-5
# Scanning [0, 1]: RB_23->[but] : 2.3955572999999998E-5
# Scanning [0, 1]: IN_10->[but] : 1.7057440000000013E-5
# Scanning [0, 1]: NNP_21->[but] : 6.360190000000003E-7
# Scanning [0, 1]: CC_3->[but] : 0.003679262975
# Scanning [0, 1]: NNP_27->[but] : 7.914480000000001E-7
# Scanning [0, 1]: IN_11->[but] : 0.054889406690999995
# Scanning [0, 1]: NNP_16->[but] : 8.26424E-7
# Scanning [0, 1]: NNP_29->[but] : 6.331170000000005E-7
# Scanning [0, 1]: IN_8->[but] : 1.363563200000001E-5
# Scanning [0, 1]: IN_20->[but] : 6.69772941E-4
# Scanning [0, 1]: RB_9->[but] : 9.284508900000005E-5
Uncaught exception from thread: main
java.lang.RuntimeException: java.util.concurrent.ExecutionException: java.lang.OutOfMemoryError: Java heap space
	at edu.stanford.nlp.util.concurrent.MulticoreWrapper.blockingGetResult(MulticoreWrapper.java:165)
	at edu.stanford.nlp.util.concurrent.MulticoreWrapper.put(MulticoreWrapper.java:132)
	at parser.Main.main(Main.java:397)
Caused by: java.util.concurrent.ExecutionException: java.lang.OutOfMemoryError: Java heap space
	at java.base/java.util.concurrent.FutureTask.report(FutureTask.java:122)
	at java.base/java.util.concurrent.FutureTask.get(FutureTask.java:191)
	at edu.stanford.nlp.util.concurrent.MulticoreWrapper.blockingGetResult(MulticoreWrapper.java:153)
	... 2 more
Caused by: java.lang.OutOfMemoryError: Java heap space
	at parser.EarleyParserDense.sentInit(EarleyParserDense.java:71)
	at parser.EarleyParser.parse(EarleyParser.java:387)
	at parser.EarleyParser.parseSentence(EarleyParser.java:368)
	at parser.Main$ThreadedParser.process(Main.java:496)
	at parser.Main$ThreadedParser.process(Main.java:484)
	at edu.stanford.nlp.util.concurrent.MulticoreWrapper$CallableJob.call(MulticoreWrapper.java:268)
	at edu.stanford.nlp.util.concurrent.MulticoreWrapper$CallableJob.call(MulticoreWrapper.java:1)
	at java.base/java.util.concurrent.FutureTask.run(FutureTask.java:264)
	at java.base/java.util.concurrent.Executors$RunnableAdapter.call(Executors.java:515)
	at java.base/java.util.concurrent.FutureTask.run(FutureTask.java:264)
	at java.base/java.util.concurrent.ThreadPoolExecutor.runWorker(ThreadPoolExecutor.java:1128)
	at java.base/java.util.concurrent.ThreadPoolExecutor$Worker.run(ThreadPoolExecutor.java:628)
	at java.base/java.lang.Thread.run(Thread.java:829)
# 1	She,  numTags=31
# Scanning [0, 1]: NN_5->[She] : 3.606984999999997E-6
# Scanning [0, 1]: NN_26->[She] : 1.2664516999999995E-5
# Scanning [0, 1]: NN_12->[She] : 3.5895380000000003E-6
# Scanning [0, 1]: NN_9->[She] : 3.5985589999999997E-6
# Scanning [0, 1]: NN_4->[She] : 3.588333E-6
# Scanning [0, 1]: NN_19->[She] : 1.0378160000000003E-6
# Scanning [0, 1]: NN_23->[She] : 7.37677E-7
# Scanning [0, 1]: NN_20->[She] : 8.752569999999997E-7
# Scanning [0, 1]: NN_6->[She] : 6.602114999999998E-6
# Scanning [0, 1]: NN_0->[She] : 3.5989590000000005E-6
# Scanning [0, 1]: NN_1->[She] : 3.597420999999998E-6
# Scanning [0, 1]: NN_17->[She] : 7.283185400000001E-5
# Scanning [0, 1]: NN_21->[She] : 8.291340000000001E-7
# Scanning [0, 1]: NN_13->[She] : 3.6699299999999972E-6
# Scanning [0, 1]: NN_16->[She] : 7.355339999999994E-7
# Scanning [0, 1]: NN_27->[She] : 7.390299999999994E-7
# Scanning [0, 1]: NN_3->[She] : 4.980266000000001E-6
# Scanning [0, 1]: NN_8->[She] : 2.3034312999999987E-4
# Scanning [0, 1]: PRP_0->[She] : 0.125084034785
# Scanning [0, 1]: NN_25->[She] : 7.762629999999998E-7
# Scanning [0, 1]: NN_18->[She] : 7.663709999999998E-7
# Scanning [0, 1]: NN_11->[She] : 3.596770000000001E-6
# Scanning [0, 1]: NN_22->[She] : 1.2629319999999992E-6
# Scanning [0, 1]: NN_24->[She] : 7.407149999999997E-7
# Scanning [0, 1]: NN_2->[She] : 3.710679999999998E-6
# Scanning [0, 1]: NN_28->[She] : 7.442099999999996E-7
# Scanning [0, 1]: NN_10->[She] : 3.642553000000001E-6
# Scanning [0, 1]: NN_7->[She] : 2.1840170699999992E-4
# Scanning [0, 1]: NN_14->[She] : 5.423887999999997E-6
# Scanning [0, 1]: UH_1->[She] : 5.63325667E-4
# Scanning [0, 1]: NN_15->[She] : 8.431550000000005E-7
# Scanning [0, 1]: NNP_14->[I] : 9.369643639999998E-4
# Scanning [0, 1]: VBG_22->[I] : 1.0495499999999998E-6
# Scanning [0, 1]: JJ_28->[I] : 6.55589E-7
# Scanning [0, 1]: NNP_22->[I] : 1.0411935000000007E-5
# Scanning [0, 1]: NN_4->[I] : 5.552279500000003E-5
# Scanning [0, 1]: NN_9->[I] : 6.340956999999997E-5
# Scanning [0, 1]: CD_6->[I] : 9.901715109999999E-4
# Scanning [0, 1]: NN_0->[I] : 1.988646860000001E-4
# Scanning [0, 1]: NN_10->[I] : 6.559865899999996E-5
# Scanning [0, 1]: NNP_26->[I] : 1.0297680000000007E-5
# Scanning [0, 1]: NN_15->[I] : 0.002061808657000001
# Scanning [0, 1]: VBG_16->[I] : 1.0500389999999997E-6
# Scanning [0, 1]: VBG_13->[I] : 1.0501739999999998E-6
# Scanning [0, 1]: NNP_6->[I] : 0.001365649648
# Scanning [0, 1]: NNP_3->[I] : 0.11395695874899998
# Scanning [0, 1]: NN_13->[I] : 7.659071179999997E-4
# Scanning [0, 1]: CD_3->[I] : 2.3741722000000007E-5
# Scanning [0, 1]: NNP_4->[I] : 0.0010214878849999997
# Scanning [0, 1]: VBG_20->[I] : 1.0487389999999994E-6
# Scanning [0, 1]: PRP_1->[I] : 0.195492935114
# Scanning [0, 1]: NNP_23->[I] : 2.279946400000001E-5
# Scanning [0, 1]: NNP_2->[I] : 0.0023311286429999996
# Scanning [0, 1]: NNP_25->[I] : 1.0304358000000004E-5
# Scanning [0, 1]: NN_16->[I] : 9.804850299999999E-5
# Scanning [0, 1]: JJ_23->[I] : 6.522689999999999E-7
# Scanning [0, 1]: NNP_16->[I] : 1.0310478000000004E-5
# Scanning [0, 1]: NN_5->[I] : 9.772917799999992E-5
# Scanning [0, 1]: NNP_7->[I] : 0.0028065616699999994
# Scanning [0, 1]: NN_17->[I] : 0.002364818081000001
# Scanning [0, 1]: JJ_29->[I] : 6.569809999999997E-7
# Scanning [0, 1]: CD_4->[I] : 1.6534049000000002E-5
# Scanning [0, 1]: NN_7->[I] : 0.0018963468520000006
# Scanning [0, 1]: JJ_26->[I] : 6.54406E-7
# Scanning [0, 1]: NNP_19->[I] : 1.0318277E-5
# Scanning [0, 1]: NNP_11->[I] : 9.433029389999999E-4
# Scanning [0, 1]: CD_5->[I] : 7.059323570000001E-4
# Scanning [0, 1]: NNP_13->[I] : 9.121395469999999E-4
# Scanning [0, 1]: JJ_16->[I] : 6.530760000000004E-7
# Scanning [0, 1]: VBG_14->[I] : 1.0502080000000006E-6
# Scanning [0, 1]: NNP_15->[I] : 9.183726709999999E-4
# Scanning [0, 1]: CD_2->[I] : 2.561963000000002E-5
# Scanning [0, 1]: JJ_19->[I] : 6.524820000000001E-7
# Scanning [0, 1]: NNP_1->[I] : 0.0011737126740000005
# Scanning [0, 1]: JJ_18->[I] : 6.525800000000005E-7
# Scanning [0, 1]: NNP_8->[I] : 0.0030515425459999987
# Scanning [0, 1]: NN_12->[I] : 9.615123000000005E-5
# Scanning [0, 1]: NN_26->[I] : 8.881459299999997E-5
# Scanning [0, 1]: NNP_10->[I] : 9.369935120000003E-4
# Scanning [0, 1]: NN_23->[I] : 1.0621604299999991E-4
# Scanning [0, 1]: JJ_25->[I] : 6.531629999999997E-7
# Scanning [0, 1]: NN_6->[I] : 4.573653300000001E-5
# Scanning [0, 1]: CD_7->[I] : 0.002826946071000001
# Scanning [0, 1]: NN_1->[I] : 5.209865399999996E-5
# Scanning [0, 1]: NNP_18->[I] : 1.032511900000001E-5
# Scanning [0, 1]: VBG_21->[I] : 1.0495320000000003E-6
# Scanning [0, 1]: NN_22->[I] : 2.313693430000002E-4
# Scanning [0, 1]: NN_2->[I] : 4.989508569999999E-4
# Scanning [0, 1]: VBG_18->[I] : 9.443437999999996E-5
# Scanning [0, 1]: NN_28->[I] : 1.1092350599999994E-4
# Scanning [0, 1]: JJ_21->[I] : 6.542260000000001E-7
# Scanning [0, 1]: NNP_9->[I] : 0.001748035241
# Scanning [0, 1]: NNP_5->[I] : 0.0025444234250000006
# Scanning [0, 1]: NN_14->[I] : 6.152191549999999E-4
# Scanning [0, 1]: NNP_24->[I] : 2.0676007600000008E-4
# Scanning [0, 1]: JJ_22->[I] : 6.522309999999999E-7
# Scanning [0, 1]: JJ_30->[I] : 8.808240499999993E-5
# Scanning [0, 1]: PRP_2->[I] : 0.024947588318
# Scanning [0, 1]: JJ_20->[I] : 6.526710000000003E-7
# Scanning [0, 1]: PRP_0->[I] : 0.3188829413989999
# Scanning [0, 1]: CD_0->[I] : 2.0706872999999986E-5
# Scanning [0, 1]: VBG_19->[I] : 1.064818E-6
# Scanning [0, 1]: NN_25->[I] : 9.548208600000001E-5
# Scanning [0, 1]: JJ_27->[I] : 6.532950000000005E-7
# Scanning [0, 1]: NN_18->[I] : 1.0114894999999996E-4
# Scanning [0, 1]: NN_11->[I] : 4.107565599999996E-5
# Scanning [0, 1]: NNP_28->[I] : 1.0312262999999993E-5
# Scanning [0, 1]: NNP_12->[I] : 9.098952010000003E-4
# Scanning [0, 1]: JJ_31->[I] : 6.572619999999995E-7
# Scanning [0, 1]: VBG_23->[I] : 1.0509460000000008E-6
# Scanning [0, 1]: VBG_15->[I] : 1.0494790000000001E-6
# Scanning [0, 1]: NNP_29->[I] : 1.0343612999999996E-5
# Scanning [0, 1]: NN_19->[I] : 0.0033056429329999986
# Scanning [0, 1]: NN_20->[I] : 1.29142229E-4
# Scanning [0, 1]: JJ_24->[I] : 6.530240000000004E-7
# Scanning [0, 1]: NNP_0->[I] : 9.842585119999997E-4
# Scanning [0, 1]: NNP_21->[I] : 1.0304574999999993E-5
# Scanning [0, 1]: NNP_27->[I] : 1.0308526999999998E-5
# Scanning [0, 1]: NN_21->[I] : 0.0023091871359999998
# Scanning [0, 1]: NN_24->[I] : 8.982808700000004E-5
# Scanning [0, 1]: JJ_17->[I] : 6.552970000000001E-7
# Scanning [0, 1]: NNP_20->[I] : 9.947619409999997E-4
# Scanning [0, 1]: NNP_17->[I] : 1.2276215999999997E-5
# Scanning [0, 1]: NN_27->[I] : 9.074720000000002E-5
# Scanning [0, 1]: NN_3->[I] : 9.362804760000004E-4
# Scanning [0, 1]: VBG_17->[I] : 1.0498579999999998E-6
# Scanning [0, 1]: CD_1->[I] : 2.6941049999999978E-5
# Scanning [0, 1]: NN_8->[I] : 4.090515300000001E-5
# Scanning [0, 1]: VB_18->[And] : 1.462432760000001E-4
# Scanning [0, 1]: VB_17->[And] : 6.6206209999999955E-6
# Scanning [0, 1]: VB_25->[And] : 6.620866999999995E-6
# Scanning [0, 1]: VB_26->[And] : 6.621410999999998E-6
# Scanning [0, 1]: NNP_24->[And] : 4.242462000000002E-6
# Scanning [0, 1]: VB_21->[And] : 6.620737999999998E-6
# Scanning [0, 1]: NNP_26->[And] : 4.242389E-6
# Scanning [0, 1]: VB_23->[And] : 5.158018160000001E-4
# Scanning [0, 1]: NNP_20->[And] : 4.969136950000001E-4
# Scanning [0, 1]: NNP_19->[And] : 4.252475000000002E-6
# Scanning [0, 1]: NNP_17->[And] : 4.2455779999999995E-6
# Scanning [0, 1]: VB_24->[And] : 6.621450999999994E-6
# Scanning [0, 1]: VB_27->[And] : 7.324153999999998E-6
# Scanning [0, 1]: NNP_21->[And] : 4.245559E-6
# Scanning [0, 1]: NNP_27->[And] : 4.247221999999999E-6
# Scanning [0, 1]: CC_2->[And] : 0.36100632908800007
# Scanning [0, 1]: CC_1->[And] : 0.384048037543
# Scanning [0, 1]: NNP_18->[And] : 4.254079000000001E-6
# Scanning [0, 1]: NNP_16->[And] : 4.245846000000001E-6
# Scanning [0, 1]: NNP_29->[And] : 4.241251000000003E-6
# Scanning [0, 1]: NNP_28->[And] : 4.248654999999997E-6
# Scanning [0, 1]: NNP_25->[And] : 4.241193000000002E-6
# Scanning [0, 1]: CC_0->[And] : 0.043706654722
# Scanning [0, 1]: VB_20->[And] : 6.620455999999999E-6
# Scanning [0, 1]: NNP_22->[And] : 4.255609999999999E-6
# Scanning [0, 1]: VB_16->[And] : 6.620257999999994E-6
# Scanning [0, 1]: VB_19->[And] : 6.7061440000000055E-6
# Scanning [0, 1]: VB_22->[And] : 6.8361070000000005E-6
# Scanning [0, 1]: NNP_23->[And] : 4.242212000000001E-6
# Scanning [0, 1]: VBZ_9->[Every] : 1.0975817000000002E-5
# Scanning [0, 1]: VB_22->[Every] : 1.8391855999999995E-5
# Scanning [0, 1]: VBG_0->[Every] : 0.004234284190999998
# Scanning [0, 1]: VB_19->[Every] : 1.8439072999999987E-5
# Scanning [0, 1]: DT_13->[Every] : 0.003980399476
# Scanning [0, 1]: NNP_1->[Every] : 3.62493371E-4
# Scanning [0, 1]: NN_23->[Every] : 1.6188499999999994E-7
# Scanning [0, 1]: NNP_8->[Every] : 6.324927000000001E-6
# Scanning [0, 1]: NN_26->[Every] : 1.6256900000000008E-7
# Scanning [0, 1]: NNP_10->[Every] : 6.311627999999997E-6
# Scanning [0, 1]: VBG_8->[Every] : 5.097940499999999E-5
# Scanning [0, 1]: VBG_9->[Every] : 4.5486680000000025E-5
# Scanning [0, 1]: NNP_18->[Every] : 1.3756638000000002E-5
# Scanning [0, 1]: VBG_21->[Every] : 1.0850820000000001E-6
# Scanning [0, 1]: RB_11->[Every] : 4.225280000000001E-6
# Scanning [0, 1]: CD_7->[Every] : 5.245369420000002E-4
# Scanning [0, 1]: VBG_10->[Every] : 4.2698170999999964E-5
# Scanning [0, 1]: RB_1->[Every] : 4.218048999999998E-6
# Scanning [0, 1]: VBG_6->[Every] : 9.713441700000008E-5
# Scanning [0, 1]: NN_28->[Every] : 1.6190099999999986E-7
# Scanning [0, 1]: VB_24->[Every] : 1.833317899999999E-5
# Scanning [0, 1]: NNP_9->[Every] : 6.318532000000005E-6
# Scanning [0, 1]: VBG_3->[Every] : 4.800765399999998E-5
# Scanning [0, 1]: NN_22->[Every] : 1.8123900000000013E-7
# Scanning [0, 1]: VBG_18->[Every] : 1.088195000000001E-6
# Scanning [0, 1]: NNS_15->[Every] : 9.93875E-7
# Scanning [0, 1]: VBZ_11->[Every] : 1.0506664E-5
# Scanning [0, 1]: NNS_20->[Every] : 1.0180619999999998E-6
# Scanning [0, 1]: NNS_14->[Every] : 9.937769999999993E-7
# Scanning [0, 1]: NNP_5->[Every] : 6.560795999999996E-6
# Scanning [0, 1]: RB_0->[Every] : 3.3722222E-5
# Scanning [0, 1]: RB_10->[Every] : 4.208484000000001E-6
# Scanning [0, 1]: RB_3->[Every] : 7.805612000000005E-6
# Scanning [0, 1]: VBZ_13->[Every] : 3.34479527E-4
# Scanning [0, 1]: NNP_24->[Every] : 1.4735156800000014E-4
# Scanning [0, 1]: VB_26->[Every] : 1.8343530000000014E-5
# Scanning [0, 1]: VB_17->[Every] : 1.8333841999999985E-5
# Scanning [0, 1]: NN_25->[Every] : 1.6295900000000008E-7
# Scanning [0, 1]: NN_18->[Every] : 1.61721E-7
# Scanning [0, 1]: VBG_19->[Every] : 9.648875000000008E-5
# Scanning [0, 1]: VB_18->[Every] : 1.8371488999999985E-5
# Scanning [0, 1]: NNS_12->[Every] : 1.1270820000000003E-6
# Scanning [0, 1]: VBZ_18->[Every] : 1.0495619000000007E-5
# Scanning [0, 1]: NNP_28->[Every] : 7.3095692E-5
# Scanning [0, 1]: RB_5->[Every] : 4.265751000000002E-6
# Scanning [0, 1]: NNP_12->[Every] : 6.319978999999995E-6
# Scanning [0, 1]: RB_9->[Every] : 4.624281000000004E-6
# Scanning [0, 1]: NN_20->[Every] : 2.0216999999999983E-7
# Scanning [0, 1]: VBG_23->[Every] : 1.0866270000000006E-6
# Scanning [0, 1]: VBG_15->[Every] : 1.0944380000000005E-6
# Scanning [0, 1]: NNP_29->[Every] : 9.3109898E-5
# Scanning [0, 1]: NN_19->[Every] : 1.884387799999999E-5
# Scanning [0, 1]: NN_21->[Every] : 1.6418399999999988E-7
# Scanning [0, 1]: NNS_21->[Every] : 1.3492859999999991E-6
# Scanning [0, 1]: NNP_0->[Every] : 4.93813307E-4
# Scanning [0, 1]: NNP_21->[Every] : 1.3987630999999998E-5
# Scanning [0, 1]: NNP_27->[Every] : 2.6005069999999987E-5
# Scanning [0, 1]: RB_7->[Every] : 4.254249999999998E-6
# Scanning [0, 1]: NN_24->[Every] : 1.6177800000000003E-7
# Scanning [0, 1]: NNP_17->[Every] : 1.3657373000000002E-5
# Scanning [0, 1]: NNP_20->[Every] : 0.0010899738859999999
# Scanning [0, 1]: RB_6->[Every] : 4.238837000000001E-6
# Scanning [0, 1]: NN_27->[Every] : 1.7022500000000008E-7
# Scanning [0, 1]: VBZ_10->[Every] : 1.0519474999999991E-5
# Scanning [0, 1]: VBG_17->[Every] : 1.2931789999999998E-6
# Scanning [0, 1]: NNS_23->[Every] : 1.0099590000000004E-6
# Scanning [0, 1]: VBZ_14->[Every] : 4.6111212699999983E-4
# Scanning [0, 1]: NNS_25->[Every] : 1.32728764E-4
# Scanning [0, 1]: RB_8->[Every] : 4.403954999999997E-6
# Scanning [0, 1]: DT_17->[Every] : 0.002213572746
# Scanning [0, 1]: VBZ_19->[Every] : 1.0505245000000009E-5
# Scanning [0, 1]: NNP_14->[Every] : 6.336342000000003E-6
# Scanning [0, 1]: VBG_12->[Every] : 4.1447122000000026E-5
# Scanning [0, 1]: VBG_22->[Every] : 1.1225160000000007E-6
# Scanning [0, 1]: DT_16->[Every] : 0.00222941264
# Scanning [0, 1]: VB_16->[Every] : 1.833323699999999E-5
# Scanning [0, 1]: VB_20->[Every] : 1.833305100000001E-5
# Scanning [0, 1]: NNP_22->[Every] : 1.3665385E-5
# Scanning [0, 1]: VBZ_15->[Every] : 1.6388649300000006E-4
# Scanning [0, 1]: VBZ_17->[Every] : 1.0507212000000001E-5
# Scanning [0, 1]: DT_18->[Every] : 0.0021703882610000003
# Scanning [0, 1]: VBG_1->[Every] : 5.0975327999999996E-5
# Scanning [0, 1]: CD_6->[Every] : 6.482724000000002E-5
# Scanning [0, 1]: VB_27->[Every] : 0.0013919422639999998
# Scanning [0, 1]: NNS_24->[Every] : 1.0065569999999997E-6
# Scanning [0, 1]: VBZ_12->[Every] : 1.7089842000000012E-5
# Scanning [0, 1]: RB_4->[Every] : 3.183553100000002E-5
# Scanning [0, 1]: NNS_11->[Every] : 9.922619999999998E-7
# Scanning [0, 1]: NN_15->[Every] : 1.6181799999999995E-7
# Scanning [0, 1]: NNS_17->[Every] : 9.921740000000003E-7
# Scanning [0, 1]: RB_13->[Every] : 4.350163999999997E-6
# Scanning [0, 1]: NNP_26->[Every] : 2.2271967500000017E-4
# Scanning [0, 1]: VBG_16->[Every] : 1.1518180000000008E-6
# Scanning [0, 1]: VBG_13->[Every] : 1.6334709999999993E-6
# Scanning [0, 1]: NNP_6->[Every] : 7.414674000000001E-6
# Scanning [0, 1]: NNS_16->[Every] : 1.5303590000000001E-6
# Scanning [0, 1]: VB_25->[Every] : 1.8335286E-5
# Scanning [0, 1]: NNP_3->[Every] : 7.705602999999994E-6
# Scanning [0, 1]: VBG_11->[Every] : 4.180802200000003E-5
# Scanning [0, 1]: NNP_4->[Every] : 6.336969000000002E-6
# Scanning [0, 1]: VBG_20->[Every] : 1.1063580000000002E-6
# Scanning [0, 1]: NNP_23->[Every] : 1.8662686999999998E-5
# Scanning [0, 1]: VBG_7->[Every] : 4.3325928000000015E-5
# Scanning [0, 1]: NN_16->[Every] : 1.61703E-7
# Scanning [0, 1]: NNP_2->[Every] : 7.005680999999997E-6
# Scanning [0, 1]: NNP_25->[Every] : 1.3611165000000004E-5
# Scanning [0, 1]: NNP_16->[Every] : 1.3740998999999997E-5
# Scanning [0, 1]: NNP_7->[Every] : 6.347274999999999E-6
# Scanning [0, 1]: NNS_26->[Every] : 9.945660000000003E-7
# Scanning [0, 1]: NN_17->[Every] : 1.619540000000001E-7
# Scanning [0, 1]: VBG_4->[Every] : 4.483765600000001E-5
# Scanning [0, 1]: VBG_2->[Every] : 4.7805946999999984E-5
# Scanning [0, 1]: NNS_13->[Every] : 9.92669E-7
# Scanning [0, 1]: NNS_22->[Every] : 1.0577859999999995E-6
# Scanning [0, 1]: RB_2->[Every] : 4.307304640000001E-4
# Scanning [0, 1]: VBZ_16->[Every] : 1.0506997999999992E-5
# Scanning [0, 1]: NNP_19->[Every] : 1.712089700000001E-5
# Scanning [0, 1]: NNS_18->[Every] : 9.968940000000008E-7
# Scanning [0, 1]: VB_23->[Every] : 4.4302348899999996E-4
# Scanning [0, 1]: RB_12->[Every] : 4.2140330000000035E-6
# Scanning [0, 1]: NNS_19->[Every] : 1.1604620000000002E-6
# Scanning [0, 1]: VB_21->[Every] : 1.8334863999999994E-5
# Scanning [0, 1]: NNP_13->[Every] : 6.335408000000005E-6
# Scanning [0, 1]: DT_15->[Every] : 0.078722140837
# Scanning [0, 1]: NNP_11->[Every] : 6.312619000000003E-6
# Scanning [0, 1]: DT_14->[Every] : 0.017470671870999998
# Scanning [0, 1]: VBG_14->[Every] : 1.335022E-6
# Scanning [0, 1]: VBG_5->[Every] : 1.3159371200000005E-4
# Scanning [0, 1]: NNP_15->[Every] : 6.329701000000002E-6
# Scanning [0, 1]: VBG_10->[``] : 1.2144360000000005E-6
# Scanning [0, 1]: RB_11->[``] : 4.248254000000003E-6
# Scanning [0, 1]: RB_1->[``] : 4.248255999999997E-6
# Scanning [0, 1]: VBG_1->[``] : 1.2135570000000008E-6
# Scanning [0, 1]: VBG_9->[``] : 1.214355999999999E-6
# Scanning [0, 1]: JJ_8->[``] : 2.3467999999999998E-7
# Scanning [0, 1]: VBG_8->[``] : 1.3000871900000006E-4
# Scanning [0, 1]: NNP_18->[``] : 9.676526000000004E-6
# Scanning [0, 1]: JJ_13->[``] : 2.3465800000000006E-7
# Scanning [0, 1]: JJ_6->[``] : 2.3468899999999989E-7
# Scanning [0, 1]: JJ_5->[``] : 2.3497199999999992E-7
# Scanning [0, 1]: VBZ_15->[``] : 2.6215180000000016E-6
# Scanning [0, 1]: VBZ_17->[``] : 2.3513867899999983E-4
# Scanning [0, 1]: VBZ_3->[``] : 3.480008019999999E-4
# Scanning [0, 1]: NNP_22->[``] : 9.680674000000008E-6
# Scanning [0, 1]: JJ_15->[``] : 2.3468399999999983E-7
# Scanning [0, 1]: VBG_0->[``] : 1.214728999999999E-6
# Scanning [0, 1]: VBG_12->[``] : 1.2142349999999992E-6
# Scanning [0, 1]: VBZ_19->[``] : 2.612248999999999E-6
# Scanning [0, 1]: VBZ_9->[``] : 2.6117910000000014E-6
# Scanning [0, 1]: VBZ_1->[``] : 9.457583999999997E-6
# Scanning [0, 1]: JJ_4->[``] : 3.173604499999999E-5
# Scanning [0, 1]: VBZ_4->[``] : 5.313311E-6
# Scanning [0, 1]: VBG_11->[``] : 1.2176190000000003E-6
# Scanning [0, 1]: NNP_24->[``] : 9.972551599999991E-5
# Scanning [0, 1]: VBZ_13->[``] : 2.6147459999999984E-6
# Scanning [0, 1]: JJ_12->[``] : 2.347830000000001E-7
# Scanning [0, 1]: RB_10->[``] : 4.969871399999999E-4
# Scanning [0, 1]: RB_13->[``] : 4.270529999999998E-6
# Scanning [0, 1]: RB_0->[``] : 4.248323000000001E-6
# Scanning [0, 1]: RB_3->[``] : 4.248312E-6
# Scanning [0, 1]: NNP_26->[``] : 9.853626999999994E-6
# Scanning [0, 1]: VBZ_11->[``] : 2.622570999999998E-6
# Scanning [0, 1]: VBZ_8->[``] : 5.149288000000001E-6
# Scanning [0, 1]: VBG_3->[``] : 1.2145909999999995E-6
# Scanning [0, 1]: RB_4->[``] : 4.250563000000002E-6
# Scanning [0, 1]: VBG_6->[``] : 1.2145889999999993E-6
# Scanning [0, 1]: VBZ_12->[``] : 2.6129930000000002E-6
# Scanning [0, 1]: TICK_1->[``] : 0.998035216278
# Scanning [0, 1]: VBG_2->[``] : 1.2137900000000003E-6
# Scanning [0, 1]: VBG_4->[``] : 1.214699000000001E-6
# Scanning [0, 1]: NNP_21->[``] : 9.808736000000003E-6
# Scanning [0, 1]: NNP_27->[``] : 1.4239564000000012E-5
# Scanning [0, 1]: NNP_29->[``] : 1.5238280000000001E-5
# Scanning [0, 1]: VBZ_5->[``] : 5.050252000000003E-6
# Scanning [0, 1]: NNP_16->[``] : 9.674785999999998E-6
# Scanning [0, 1]: RB_9->[``] : 4.250010000000002E-6
# Scanning [0, 1]: JJ_1->[``] : 2.347409999999999E-7
# Scanning [0, 1]: JJ_3->[``] : 2.348249999999998E-7
# Scanning [0, 1]: RB_5->[``] : 4.248368000000001E-6
# Scanning [0, 1]: VBZ_18->[``] : 2.6120310000000016E-6
# Scanning [0, 1]: NNP_28->[``] : 1.0912231999999994E-5
# Scanning [0, 1]: NNP_25->[``] : 9.647013E-6
# Scanning [0, 1]: TICK_0->[``] : 0.31986610378900004
# Scanning [0, 1]: JJ_10->[``] : 2.3481299999999984E-7
# Scanning [0, 1]: VBG_7->[``] : 2.333120999999999E-6
# Scanning [0, 1]: JJ_9->[``] : 2.3460600000000008E-7
# Scanning [0, 1]: NNP_23->[``] : 3.065372799999998E-5
# Scanning [0, 1]: JJ_11->[``] : 2.3485099999999988E-7
# Scanning [0, 1]: RB_8->[``] : 4.248631000000002E-6
# Scanning [0, 1]: VBG_5->[``] : 1.2160079999999997E-6
# Scanning [0, 1]: JJ_7->[``] : 2.3470799999999993E-7
# Scanning [0, 1]: VBZ_14->[``] : 2.6150619999999983E-6
# Scanning [0, 1]: VBZ_10->[``] : 2.6153059999999995E-6
# Scanning [0, 1]: JJ_2->[``] : 2.3479199999999992E-7
# Scanning [0, 1]: JJ_0->[``] : 2.3940300000000023E-7
# Scanning [0, 1]: JJ_14->[``] : 2.345979999999999E-7
# Scanning [0, 1]: VBZ_6->[``] : 5.231800000000002E-6
# Scanning [0, 1]: NNP_20->[``] : 5.539567180000001E-4
# Scanning [0, 1]: RB_6->[``] : 4.249140999999999E-6
# Scanning [0, 1]: RB_12->[``] : 4.325001000000003E-6
# Scanning [0, 1]: VBZ_16->[``] : 2.6492079999999994E-6
# Scanning [0, 1]: VBZ_7->[``] : 5.032778E-6
# Scanning [0, 1]: NNP_17->[``] : 1.0665997999999995E-5
# Scanning [0, 1]: VBZ_2->[``] : 1.353401100000001E-5
# Scanning [0, 1]: NNP_19->[``] : 4.6224809700000006E-4
# Scanning [0, 1]: RB_2->[``] : 4.248306000000003E-6
# Scanning [0, 1]: VBZ_0->[``] : 5.209895999999997E-6
# Scanning [0, 1]: RB_7->[``] : 4.248617999999999E-6
# Scanning [0, 1]: DT_5->[The] : 3.952124E-6
# Scanning [0, 1]: NNP_5->[The] : 0.002174581294000001
# Scanning [0, 1]: NNP_26->[The] : 1.6673522399999989E-4
# Scanning [0, 1]: NNP_9->[The] : 5.221964759999998E-4
# Scanning [0, 1]: DT_3->[The] : 4.005901000000001E-6
# Scanning [0, 1]: DT_9->[The] : 1.1482156800000001E-4
# Scanning [0, 1]: NNP_3->[The] : 1.0150274399999999E-4
# Scanning [0, 1]: DT_4->[The] : 2.8713839600000014E-4
# Scanning [0, 1]: NNP_6->[The] : 1.2111703899999997E-4
# Scanning [0, 1]: NNP_24->[The] : 1.9042617100000004E-4
# Scanning [0, 1]: NNP_22->[The] : 1.66640191E-4
# Scanning [0, 1]: DT_13->[The] : 0.843640728193
# Scanning [0, 1]: NNP_1->[The] : 9.338700600000001E-5
# Scanning [0, 1]: DT_7->[The] : 4.147118000000001E-6
# Scanning [0, 1]: NNP_14->[The] : 1.0080699399999996E-4
# Scanning [0, 1]: DT_16->[The] : 0.023319705455000003
# Scanning [0, 1]: NNP_18->[The] : 1.8341763999999992E-4
# Scanning [0, 1]: DT_18->[The] : 0.024638123331999995
# Scanning [0, 1]: NNP_8->[The] : 2.37250295E-4
# Scanning [0, 1]: NNP_10->[The] : 9.458939099999991E-5
# Scanning [0, 1]: NNP_17->[The] : 1.6451909299999997E-4
# Scanning [0, 1]: NNP_19->[The] : 0.012404901373999999
# Scanning [0, 1]: DT_2->[The] : 4.025821000000002E-6
# Scanning [0, 1]: NNP_20->[The] : 0.0013008336319999996
# Scanning [0, 1]: DT_11->[The] : 4.158391000000001E-6
# Scanning [0, 1]: DT_1->[The] : 4.193332000000004E-6
# Scanning [0, 1]: DT_14->[The] : 0.11958823111099998
# Scanning [0, 1]: DT_6->[The] : 2.0298849999999993E-5
# Scanning [0, 1]: NNP_15->[The] : 5.208351840000002E-4
# Scanning [0, 1]: DT_17->[The] : 0.026193006066999997
# Scanning [0, 1]: NNP_13->[The] : 9.209932499999998E-5
# Scanning [0, 1]: DT_15->[The] : 0.07689045753700001
# Scanning [0, 1]: DT_10->[The] : 4.081842000000001E-6
# Scanning [0, 1]: NNP_11->[The] : 9.656030000000003E-5
# Scanning [0, 1]: NNP_12->[The] : 9.2311193E-5
# Scanning [0, 1]: DT_0->[The] : 4.863757999999998E-6
# Scanning [0, 1]: NNP_2->[The] : 8.15751313E-4
# Scanning [0, 1]: NNP_28->[The] : 4.6520491300000013E-4
# Scanning [0, 1]: NNP_25->[The] : 1.6428680000000003E-4
# Scanning [0, 1]: NNP_4->[The] : 9.925881900000007E-5
# Scanning [0, 1]: NNP_23->[The] : 2.44048318E-4
# Scanning [0, 1]: DT_8->[The] : 3.932041000000004E-6
# Scanning [0, 1]: NNP_7->[The] : 0.008494910361
# Scanning [0, 1]: DT_12->[The] : 4.066701999999998E-6
# Scanning [0, 1]: NNP_21->[The] : 4.350949690000001E-4
# Scanning [0, 1]: NNP_27->[The] : 0.005065327969999998
# Scanning [0, 1]: NNP_0->[The] : 9.297938600000001E-5
# Scanning [0, 1]: NNP_29->[The] : 2.7375765399999995E-4
# Scanning [0, 1]: NNP_16->[The] : 1.6971394299999994E-4
# 1	Although,  numTags=57
# Scanning [0, 1]: IN_19->[Although] : 6.12516101E-4
# Scanning [0, 1]: VBG_7->[Although] : 1.0757885000000001E-5
# Scanning [0, 1]: NNP_4->[Although] : 8.670040000000007E-7
# Scanning [0, 1]: NNP_2->[Although] : 8.659680000000007E-7
# Scanning [0, 1]: RB_5->[Although] : 7.777800000000006E-7
# Scanning [0, 1]: NNP_12->[Although] : 8.650929999999993E-7
# Scanning [0, 1]: IN_11->[Although] : 6.076886910000001E-4
# Scanning [0, 1]: IN_20->[Although] : 6.093422290000001E-4
# Scanning [0, 1]: RB_9->[Although] : 7.800280000000005E-7
# Scanning [0, 1]: VBG_4->[Although] : 1.0749415000000007E-5
# Scanning [0, 1]: VBG_2->[Although] : 1.0744903000000006E-5
# Scanning [0, 1]: NNP_0->[Although] : 8.647909999999995E-7
# Scanning [0, 1]: NNP_7->[Although] : 8.671800000000006E-7
# Scanning [0, 1]: IN_14->[Although] : 6.076894470000002E-4
# Scanning [0, 1]: RB_2->[Although] : 7.773610000000007E-7
# Scanning [0, 1]: RB_7->[Although] : 7.78483E-7
# Scanning [0, 1]: RB_12->[Although] : 1.1516450000000007E-6
# Scanning [0, 1]: RB_6->[Although] : 7.835979999999994E-7
# Scanning [0, 1]: IN_15->[Although] : 6.076774939999998E-4
# Scanning [0, 1]: NNP_11->[Although] : 8.734580000000001E-7
# Scanning [0, 1]: NNP_13->[Although] : 8.672709999999995E-7
# Scanning [0, 1]: VBG_5->[Although] : 1.0753957999999997E-5
# Scanning [0, 1]: NNP_15->[Although] : 8.664750000000006E-7
# Scanning [0, 1]: RB_8->[Although] : 7.836870000000003E-7
# Scanning [0, 1]: NNP_14->[Although] : 8.679750000000006E-7
# Scanning [0, 1]: VBG_12->[Although] : 1.0747565000000001E-5
# Scanning [0, 1]: VBG_0->[Although] : 0.0011612935240000004
# Scanning [0, 1]: IN_16->[Although] : 6.076836189999999E-4
# Scanning [0, 1]: NNP_1->[Although] : 8.659460000000004E-7
# Scanning [0, 1]: IN_18->[Although] : 6.224303739999998E-4
# Scanning [0, 1]: NNP_8->[Although] : 1.1685904699999995E-4
# Scanning [0, 1]: IN_22->[Although] : 0.041876067194
# Scanning [0, 1]: NNP_10->[Although] : 8.653929999999997E-7
# Scanning [0, 1]: RB_11->[Although] : 7.773389999999994E-7
# Scanning [0, 1]: IN_17->[Although] : 6.231409939999998E-4
# Scanning [0, 1]: VBG_10->[Although] : 1.0750514999999994E-5
# Scanning [0, 1]: RB_1->[Although] : 7.773050000000006E-7
# Scanning [0, 1]: VBG_8->[Although] : 1.0748962000000003E-5
# Scanning [0, 1]: VBG_1->[Although] : 1.0742873000000005E-5
# Scanning [0, 1]: VBG_9->[Although] : 1.0749832000000006E-5
# Scanning [0, 1]: IN_23->[Although] : 6.081074890000002E-4
# Scanning [0, 1]: VBG_3->[Although] : 1.0751468000000006E-5
# Scanning [0, 1]: RB_4->[Although] : 7.778130000000007E-7
# Scanning [0, 1]: VBG_6->[Although] : 1.0751802000000005E-5
# Scanning [0, 1]: NNP_9->[Although] : 8.656850000000004E-7
# Scanning [0, 1]: RB_13->[Although] : 9.060739900000004E-5
# Scanning [0, 1]: NNP_5->[Although] : 8.664259999999994E-7
# Scanning [0, 1]: RB_0->[Although] : 7.773259999999996E-7
# Scanning [0, 1]: RB_10->[Although] : 7.773619999999994E-7
# Scanning [0, 1]: IN_13->[Although] : 6.076775450000003E-4
# Scanning [0, 1]: RB_3->[Although] : 7.77316E-7
# Scanning [0, 1]: IN_12->[Although] : 6.076743389999998E-4
# Scanning [0, 1]: IN_21->[Although] : 0.029793078626000002
# Scanning [0, 1]: NNP_6->[Although] : 8.674469999999999E-7
# Scanning [0, 1]: IN_24->[Although] : 6.077155549999999E-4
# Scanning [0, 1]: NNP_3->[Although] : 8.654000000000005E-7
# Scanning [0, 1]: VBG_11->[Although] : 1.0774254000000005E-5
srun: error: tcn49: task 0: Exited with exit code 255
srun: launch/slurm: _step_signal: Terminating StepId=2926383.0
Fri Jun 16 12:09:15 CEST 2023

JOB STATISTICS
==============
Job ID: 2926383
Cluster: snellius
User/Group: jumelet/jumelet
State: COMPLETED (exit code 0)
Nodes: 1
Cores per node: 128
CPU Utilized: 00:07:41
CPU Efficiency: 0.76% of 16:46:56 core-walltime
Job Wall-clock time: 00:07:52
Memory Utilized: 16.13 GB
Memory Efficiency: 50.40% of 32.00 GB
