mkdir: cannot create directory 'new_results': File exists
Thu Jun 15 14:58:31 CEST 2023
EarleyParser invoked with arguments [-in, data/petrov_mini.txt, -grammar, grammars/1.0_petrov.grammar, -out, new_results/petrov_mini, -verbose, 1, -thread, 32]
In grammar file = grammars/1.0_petrov.grammar
# Root symbol = ROOT
# Objectives = surprisal,stringprob
# isSparse = false
# isLogProb = true
# isScaling = false
# decodeOpt = 
# verbose opt = 1
# Num threads = 32
# Filter length = 0
# ioOpt = 
# maxIteration = 0
# Input file =data/petrov_mini.txt
# Need to parse 1
[walks, He, .]
# LeftWildcard Edge Space

## Parsing rule data ...  (10000)  (20000)  (30000)  (40000)  (50000)  (60000)  (70000)  (80000)  (90000)  (100000)  (110000)  (120000)  (130000)  (140000)  (150000)  (170000)  (180000)  (190000)  (210000)  (220000)  (240000)  (250000)  (260000)  (270000)  (280000)  (290000)  (300000)  (310000)  (320000)  (330000)  (360000)  (370000)  (380000)  (390000)  (400000)  (410000)  (420000)  (430000)  (440000)  (450000)  (460000)  (470000)  (480000)  (490000)  (500000)  (520000) slurmstepd: error: Detected 1 oom-kill event(s) in StepId=2920127.0. Some of your processes may have been killed by the cgroup out-of-memory handler.
srun: error: tcn352: task 0: Out Of Memory
srun: launch/slurm: _step_signal: Terminating StepId=2920127.0
Thu Jun 15 14:58:37 CEST 2023
cp: cannot stat '/scratch-local/jumelet.2920127/earleyx/new_results/*': No such file or directory

JOB STATISTICS
==============
Job ID: 2920127
Cluster: snellius
User/Group: jumelet/jumelet
State: RUNNING
Nodes: 1
Cores per node: 128
CPU Utilized: 00:00:00
CPU Efficiency: 0.00% of 00:36:16 core-walltime
Job Wall-clock time: 00:00:17
Memory Utilized: 0.00 MB (estimated maximum)
Memory Efficiency: 0.00% of 128.00 GB (1.00 GB/core)
WARNING: Efficiency statistics may be misleading for RUNNING jobs.
