Lmod has detected the following error: These module(s) or extension(s) exist
but cannot be loaded as requested: "Java/11.0.16"
   Try: "module spider Java/11.0.16" to see how to load the module(s).



Thu Jun 15 14:20:13 CEST 2023
Error: A JNI error has occurred, please check your installation and try again
srun: error: tcn447: task 0: Exited with exit code 1
srun: launch/slurm: _step_signal: Terminating StepId=2919828.0
Exception in thread "main" java.lang.UnsupportedClassVersionError: parser/Main has been compiled by a more recent version of the Java Runtime (class file version 55.0), this version of the Java Runtime only recognizes class file versions up to 52.0
	at java.lang.ClassLoader.defineClass1(Native Method)
	at java.lang.ClassLoader.defineClass(ClassLoader.java:756)
	at java.security.SecureClassLoader.defineClass(SecureClassLoader.java:142)
	at java.net.URLClassLoader.defineClass(URLClassLoader.java:473)
	at java.net.URLClassLoader.access$100(URLClassLoader.java:74)
	at java.net.URLClassLoader$1.run(URLClassLoader.java:369)
	at java.net.URLClassLoader$1.run(URLClassLoader.java:363)
	at java.security.AccessController.doPrivileged(Native Method)
	at java.net.URLClassLoader.findClass(URLClassLoader.java:362)
	at java.lang.ClassLoader.loadClass(ClassLoader.java:418)
	at sun.misc.Launcher$AppClassLoader.loadClass(Launcher.java:352)
	at java.lang.ClassLoader.loadClass(ClassLoader.java:351)
	at sun.launcher.LauncherHelper.checkAndLoadMain(LauncherHelper.java:621)
Thu Jun 15 14:20:14 CEST 2023
cp: cannot stat '/scratch-local/jumelet.2919828/earleyx/new_results/*': No such file or directory

JOB STATISTICS
==============
Job ID: 2919828
Cluster: snellius
User/Group: jumelet/jumelet
State: FAILED (exit code 1)
Nodes: 1
Cores per node: 128
CPU Utilized: 00:00:02
CPU Efficiency: 0.12% of 00:27:44 core-walltime
Job Wall-clock time: 00:00:13
Memory Utilized: 1.66 MB
Memory Efficiency: 0.00% of 224.00 GB
