mkdir: cannot create directory 'new_results': File exists
Fri Jun 16 11:10:45 CEST 2023
EarleyParser invoked with arguments [-in, data/eval_subset_100.txt, -grammar, grammars/1.0_petrov.grammar, -out, new_results/eval_subset_100, -verbose, 1, -thread, 32]
In grammar file = grammars/1.0_petrov.grammar
# Root symbol = ROOT
# Objectives = surprisal,stringprob
# isSparse = false
# isLogProb = true
# isScaling = false
# decodeOpt = 
# verbose opt = 1
# Num threads = 32
# Filter length = 0
# ioOpt = 
# maxIteration = 0
# Input file =data/eval_subset_100.txt
[``, been, Easy, year, Katherine, Much, Samantha, boys, your, without, building, shrugged, these, path, blacksmith, would, Simon, poor, because, ablaze, you, safely, sister, !, Maybe, sure, younger, impact, opportunity, *, ,, am, easy, ., Ruth, Here, B4, as, smiled, at, size, ;, much, pony, ?, wind, sweetly, deal, be, vantage, least, I, turn, Paul, eyes, The, rolling, As, At, extinction, grass, blocking, by, after, aggressive, close, hand, `, a, flanked, words, eating, the, tells, weird, touches, descent, lips, calling, unprecedented, Your, Yeah, eyed, returned, yours, freely, did, citizens, Again, ensconced, do, girls, down, She, leave, rare, tall, others, Circle, fantasy, need, finally, For, muttered, its, Do, upwards, onto, gone, she, never, ex, aside, Luis, acres, stared, some, tears, respecting, for, back, ride, watching, cheering, sheets, Scarlett, Stolz, duel, Rick, passed, just, live, responded, notice, over, six, go, agencies, Although, toyed, kept, room, taunted, with, there, sweat, Joey, he, very, slightly, smaller, focus, hope, bit, attempt, soon, relish, thanks, myth, heroes, grinned, struck, beside, spatial, He, if, similar, Everyone, shape, in, made, is, it, gravel, Some, driver, etc., contents, even, Aria, gave, Miriam, If, women, become, Finally, engaged, other, woman, brought, In, painted, payments, It, air, thinking, <apostrophe>ll, stream, too, have, climbed, everything, together, elegant, side, James, seemed, could, forward, knew, off, Considering, scaffold, disable, witch, Trinity, use, several, smile, that, earlier, Lights, find, Doors, me, intense, all, already, everyone, However, less, Amy, my, heart, friends, And, were, no, kissed, Any, around, running, head, and, of, troubled, met, heard, fight, direction, on, freaking, No, or, any, followed, suggested, Let, <apostrophe><apostrophe>, On, reason, silently, thought, about, Beth, buried, stood, danger, decided, beautiful, worked, extremely, Knightly, pounds, Then, let, boil, they, sandbar, Spartan, night, them, then, pack, each, horse, pointed, eye, waved, gently, Pox, Mess, circle, Bethany, shower, maybe, collapsed, another, killing, two, long, moment, serving, into, are, managed, taken, Under, where, stirred, demonstrating, situation, surprised, kids, But, necessary, slang, one, noticed, black, team, services, many, people, ..., closer, They, detectable, such, Calvin, Kitsune, dealer, closed, to, knelt, thing, Actually, Duncan, story, but, till, swung, had, gleaming, inside, mother, shook, late, There, This, has, up, Look, us, demeanor, smiling, suitcase, last, might, felt, this, whisk, look, Amanda, These, Now, know, Up, loudly, doing, away, figures, needed, amphibious, nearly, apron, banish, surroundings, house, we, life, shot, anything, sorceress, weapon, not, Michel, summoned, now, themselves, throughout, every, early, hours, green, wan, center, again, was, start, yet, We, Tuck, pair, mouth, what, Her, Every, ones, step, risk, time, Come, Blake, palm, fable, when, beyond, S??, humor, her, enter, case, softness, still, shuttled, overhead, bewildered, Captain, light, anyone, among, following, ladies, boss, artist, guard, our, confirmed, out, throwing, uniform, confess, fall, get, sentenced, <apostrophe>, dark, theme, protect, <apostrophe>s, grin, barrel, desire, spat, bigger, <apostrophe>m, continued, Doctor, <apostrophe>d, kill, clicked, lead, nice, lots, help, shirt, His, gasping, facility, uselessly, first, voice, small, <apostrophe>ve, door, before, sound, tell, Central, used, him, Cobras, his, only, should, few, goodnight, from, like, failed, towards, water, most, toilets, person, ample, n<apostrophe>t, job, here, their, radiant, relaxed, holding, can, alone, Gracie, said, unbelievable, rest, mocked, will, studied, ink, saw, groups, also, leans, really, spread, grimace, Convention, round, build, mean, edged, lectured, front, hurry, You]
# Need to parse 100
# LeftWildcard Edge Space

## Parsing rule data ...  (10000)  (20000)  (30000)  (40000)  (50000)  (60000)  (70000)  (80000)  (90000)  (100000)  (110000)  (120000)  (130000)  (140000)  (150000)  (170000)  (180000)  (190000)  (210000)  (220000)  (240000)  (250000)  (260000)  (270000)  (280000)  (290000)  (300000)  (310000)  (320000)  (330000)  (360000)  (370000)  (380000)  (390000)  (400000)  (410000)  (420000)  (430000)  (440000)  (450000)  (460000)  (470000)  (480000)  (490000)  (500000)  (520000)  (530000)  (540000)  (560000)  (570000)  (580000)  (590000)  (600000)  (610000)  (620000)  (630000)  (640000)  (650000)  (660000)  (680000)  (690000)  (710000)  (720000)  (730000)  (740000)  (750000)  (760000)  (770000)  (780000)  (790000)  (800000)  (810000)  (820000)  (830000)  (840000)  (850000)  (860000)  (870000)  (880000)  (900000)  (910000)  (920000)  (930000)  (940000)  (950000)  (960000)  (970000)  (990000)  (1000000)  (1010000)  (1020000)  (1030000)  (1040000)  (1060000)  (1070000)  (1080000)  (1090000)  (1100000)  (1140000)  (1150000)  (1160000)  (1170000)  (1180000)  (1190000)  (1200000)  (1210000)  (1220000)  (1230000)  (1240000)  (1260000)  (1280000)  (1290000)  (1300000)  (1320000)  (1330000)  (1340000)  (1350000)  (1360000)  (1370000)  (1380000)  (1390000)  (1400000)  (1410000)  (1420000)  (1430000)  (1440000)  (1450000)  (1460000)  (1470000)  (1480000)  (1490000)  (1510000)  (1520000)  (1530000)  (1540000)  (1550000)  (1560000)  (1570000)  (1590000)  (1600000)  (1610000)  (1620000)  (1630000)  (1640000)  (1650000)  (1660000)  (1670000)  (1680000)  (1690000)  (1700000)  (1710000)  (1720000)  (1730000)  (1740000)  (1750000)  (1760000)  (1770000)  (1780000)  (1790000)  (1800000)  (1810000)  (1830000)  (1840000)  (1870000)  (1880000)  (1890000)  (1900000)  (1910000)  (1920000)  (1940000)  (1950000)  (1960000)  (1970000)  (1980000)  (1990000)  (2010000)  (2020000)  (2030000)  (2040000)  (2050000)  (2060000)  (2070000)  (2080000)  (2090000)  (2100000)  (2110000)  (2120000)  (2140000)  (2150000)  (2170000)  (2180000)  (2190000)  (2200000)  (2210000)  (2220000)  (2230000)  (2240000)  (2250000)  (2270000)  (2290000)  (2300000)  (2310000)  (2320000)  (2330000)  (2340000)  (2350000)  (2360000)  (2370000)  (2380000)  (2390000)  (2400000)  (2410000)  (2420000)  (2430000)  (2440000)  (2450000)  (2480000)  (2490000)  (2500000)  (2510000)  (160000)  (200000)  (230000)  (340000)  (350000)  (510000)  (550000)  (670000)  (700000)  (890000)  (980000)  (1050000)  (1110000)  (1120000)  (1130000)  (1250000)  (1270000)  (1310000)  (1500000)  (1580000)  (1820000)  (1850000)  (1860000)  (1930000)  (2000000)  (2130000)  (2160000)  (2260000)  (2280000)  (2460000)  (2470000) 
# ruleSet 318763
Num rules = 0, num fragment rules = 0 (num multiple terminal rules = 0). Tag index size = 720, word index size = 54493. done [14.2 sec].

## Setting up edge space ...  (10000)  (20000)  (30000)  (40000)  (50000)  (60000)  (70000)  (80000)  (90000)  (100000)  (110000)  (120000)  (130000)  (140000)  (150000)  (160000)  (170000)  (180000)  (190000)  (200000)  (210000)  (220000)  (230000)  (240000)  (250000)  (260000)  (270000)  (280000) Num rules=284707, state space size=319812. done [0.5 sec].

### Learning grammar ... 

# Construct left-corner relation matrix 311 x 311
 (10000)  (20000)  (30000)  (40000)  (50000)  (60000)  (70000)  (80000)  (90000)  (100000)  (110000)  (120000)  (130000) Done! Num rules processed =131684 Time elapsed: 146 ms

# Building left-corner closure matrix...
  num rows=311, num non-zero rows=306
 (10)  (20)  (30)  (40)  (50)  (60)  (70)  (80)  (90)  (100)  (110)  (120)  (130)  (140)  (150)  (160)  (170)  (180)  (190)  (200)  (210)  (220)  (230)  (240)  (250)  (260)  (270)  (280)  (290)  (300) Done=! Time elapsed: 1545 ms

# Construct unit-production relation matrix 720 x 720
 (100)  (200)  (300)  (400)  (500)  (600)  (700)  (800)  (900)  (1000)  (1100)  (1200)  (1300)  (1400)  (1500)  (1600)  (1700)  (1800)  (1900)  (2000)  (2100)  (2200)  (2300)  (2400)  (2500)  (2600)  (2700)  (2800)  (2900)  (3000)  (3100)  (3200)  (3300)  (3400)  (3500)  (3600)  (3700)  (3800)  (3900)  (4000)  (4100)  (4200)  (4300)  (4400)  (4500)  (4600)  (4700)  (4800)  (4900)  (5000)  (5100)  (5200)  (5300)  (5400)  (5500)  (5600)  (5700)  (5800)  (5900)  (6000)  (6100)  (6200)  (6300)  (6400)  (6500)  (6600)  (6700)  (6800)  (6900)  (7000)  (7100)  (7200)  (7300)  (7400)  (7500)  (7600)  (7700)  (7800)  (7900)  (8000)  (8100)  (8200)  (8300)  (8400)  (8500)  (8600)  (8700)  (8800)  (8900)  (9000)  (9100)  (9200)  (9300)  (9400)  (9500)  (9600)  (9700)  (9800)  (9900)  (10000)  (10100)  (10200)  (10300)  (10400)  (10500)  (10600)  (10700)  (10800)  (10900)  (11000)  (11100)  (11200)  (11300)  (11400)  (11500)  (11600)  (11700)  (11800)  (11900)  (12000)  (12100)  (12200)  (12300)  (12400)  (12500)  (12600)  (12700)  (12800)  (12900)  (13000)  (13100)  (13200) Done! Num unary rules=13295 Time elapsed: 43 ms

# Building unary closure matrix...
  num rows=720, num non-zero rows=159
 (10)  (20)  (30)  (40)  (50)  (60)  (70)  (80)  (90)  (100)  (110)  (120)  (130)  (140)  (150) Done=! Time elapsed: 1587 ms

# Processing extended rules ... ... Num extended rules=0, tag index size =720, word index size = 54493 done [0.0 sec].

## Constructing predictions ... 284707 ...  (10000)  (20000)  (30000)  (40000)  (50000)  (60000)  (70000)  (80000)  (90000)  (100000)  (110000)  (120000)  (130000)  (140000)  (150000)  (160000)  (170000)  (180000)  (190000)  (200000)  (210000)  (220000)  (230000)  (240000)  (250000)  (260000)  (270000)  (280000) # Constructing complete predictions ...
319092
 (0)  (10000)  (20000)  (30000)  (40000)  (50000)  (60000)  (70000)  (80000)  (90000)  (100000)  (110000)  (120000)  (130000)  (140000)  (150000)  (160000)  (170000)  (180000)  (190000)  (200000)  (210000)  (220000)  (230000)  (240000)  (250000)  (260000)  (270000)  (280000)  (290000)  (300000)  (310000) Done! Total predictions=80582555, num nonterminals with predictions=309 done [11.2 sec].

## Constructing completions ...  (0)  (10000)  (20000)  (30000)  (40000)  (50000)  (60000)  (70000)  (80000)  (90000)  (100000)  (110000)  (120000)  (130000)  (140000)  (150000)  (160000)  (170000)  (180000)  (190000)  (200000)  (210000)  (220000)  (230000)  (240000)  (250000)  (260000)  (270000)  (280000)  (290000)  (300000)  (310000) Done with completion Time elapsed: 260254 ms
! Done building grammar. Time elapsed: 0 ms
# EarleyParserDense
# EarleyParserDense
# EarleyParserDense
# EarleyParserDense
# EarleyParserDense
# EarleyParserDense
# EarleyParserDense
# EarleyParserDense
# EarleyParserDense
# EarleyParserDense
# EarleyParserDense
# EarleyParserDense
# EarleyParserDense
# EarleyParserDense
# EarleyParserDense
# EarleyParserDense
# EarleyParserDense
# EarleyParserDense
# EarleyParserDense
# EarleyParserDense
# EarleyParserDense
# EarleyParserDense
# EarleyParserDense
# EarleyParserDense
# EarleyParserDense
# EarleyParserDense
# EarleyParserDense
# EarleyParserDense
# EarleyParserDense
# EarleyParserDense
# EarleyParserDense
# EarleyParserDense
## Parsing sent 1: [The, horse, had, taken, in, weird, .]
## Parsing sent 2: [The, others, she, decided, to, do, that, person, stared, At, his, ample, of, James, edged, rolling, .]
## Parsing sent 0: [She, <apostrophe>d, get, to, whisk, earlier, at, the, back, .]
## Parsing sent 31: [Then, it, was, then, be, ., <apostrophe>]
## Parsing sent 3: [I, taunted, them, ;, I, seemed, .]
## Parsing sent 4: [Although, I, was, a, thanks, closer, ,, running, gently, clicked, with, humor, .]
## Parsing sent 5: [The, overhead, of, any, impact, eyed, Blake, ,, troubled, by, danger, .]
## Parsing sent 6: [You, do, n<apostrophe>t, like, the, smaller, team, ablaze, .]
## Parsing sent 7: [He, pointed, her, pack, in, the, driver, or, felt, her, heart, .]
## Parsing sent 8: [``, He, to, deal, of, them, ,, has, failed, to, leave, yours, focus, !]
## Parsing sent 9: [but, we, hope, the, Kitsune, Central, ,, Doctor, tells, doing, .]
## Parsing sent 10: [``, However, ,, the, boss, mocked, .]
## Parsing sent 11: [She, returned, or, swung, heroes, over, the, only, night, .]
## Parsing sent 12: [``, They, do, n<apostrophe>t, last, just, soon, .]
## Parsing sent 13: [Lights, <apostrophe>ve, been, surprised, to, do, !, <apostrophe><apostrophe>]
## Parsing sent 14: [I, made, the, sound, all, said, ,, ``, Actually, .]
## Parsing sent 15: [``, Again, now, ,, <apostrophe><apostrophe>, another, tears, grinned, ,, and, responded, in, Amy, of, boil, .]
## Parsing sent 16: [him, followed, ..., and, waved, my, apron, for, women, .]
## Parsing sent 17: [Michel, had, such, a, scaffold, throughout, Let, <apostrophe>s, uniform, and, this, did, n<apostrophe>t, notice, .]
## Parsing sent 18: [She, would, not, tell, when, to, deal, at, two, .]
## Parsing sent 19: [And, he, <apostrophe>s, because, she, were, the, artist, .]
## Parsing sent 20: [I, has, a, path, of, the, shape, of, gravel, ., <apostrophe><apostrophe>]
## Parsing sent 21: [Any, toilets, would, build, you, to, lead, I, inside, us, .]
## Parsing sent 22: [``, He, might, hurry, up, in, no, story, we, was, all, about, life, ,, Beth, !]
## Parsing sent 23: [He, <apostrophe>ll, be, gleaming, agencies, by, everything, here, .]
## Parsing sent 24: [`, Trinity, is, my, anyone, ,, Your, kids, ?, <apostrophe><apostrophe>]
## Parsing sent 25: [``, several, calling, in, me, ,, she, said, .]
## Parsing sent 26: [when, he, has, a, moment, from, the, Luis, Circle, ,, Bethany, has, a, similar, shot, <apostrophe><apostrophe>]
## Parsing sent 27: [Katherine, continued, ,, smiling, in, etc., or, holding, my, need, .]
## Parsing sent 28: [He, <apostrophe>m, uselessly, that, anything, around, the, late, barrel, was, maybe, killing, his, palm, the, door, away, .]
## Parsing sent 29: [Every, following, woman, was, in, a, moment, eating, .]
## Parsing sent 30: [Aria, spread, her, hand, out, their, contents, ,, like, the, sentenced, shirt, from, the, moment, .]
Uncaught exception from thread: main
java.lang.RuntimeException: java.util.concurrent.ExecutionException: java.lang.OutOfMemoryError: Java heap space
	at edu.stanford.nlp.util.concurrent.MulticoreWrapper.blockingGetResult(MulticoreWrapper.java:165)
	at edu.stanford.nlp.util.concurrent.MulticoreWrapper.put(MulticoreWrapper.java:132)
	at parser.Main.main(Main.java:397)
Caused by: java.util.concurrent.ExecutionException: java.lang.OutOfMemoryError: Java heap space
	at java.base/java.util.concurrent.FutureTask.report(FutureTask.java:122)
	at java.base/java.util.concurrent.FutureTask.get(FutureTask.java:191)
	at edu.stanford.nlp.util.concurrent.MulticoreWrapper.blockingGetResult(MulticoreWrapper.java:153)
	... 2 more
Caused by: java.lang.OutOfMemoryError: Java heap space
	at parser.EarleyParserDense.sentInit(EarleyParserDense.java:70)
	at parser.EarleyParser.parse(EarleyParser.java:387)
	at parser.EarleyParser.parseSentence(EarleyParser.java:368)
	at parser.Main$ThreadedParser.process(Main.java:496)
	at parser.Main$ThreadedParser.process(Main.java:484)
	at edu.stanford.nlp.util.concurrent.MulticoreWrapper$CallableJob.call(MulticoreWrapper.java:268)
	at edu.stanford.nlp.util.concurrent.MulticoreWrapper$CallableJob.call(MulticoreWrapper.java:1)
	at java.base/java.util.concurrent.FutureTask.run(FutureTask.java:264)
	at java.base/java.util.concurrent.Executors$RunnableAdapter.call(Executors.java:515)
	at java.base/java.util.concurrent.FutureTask.run(FutureTask.java:264)
	at java.base/java.util.concurrent.ThreadPoolExecutor.runWorker(ThreadPoolExecutor.java:1128)
	at java.base/java.util.concurrent.ThreadPoolExecutor$Worker.run(ThreadPoolExecutor.java:628)
	at java.base/java.lang.Thread.run(Thread.java:829)
srun: error: tcn21: task 0: Exited with exit code 255
srun: launch/slurm: _step_signal: Terminating StepId=2925622.0
Fri Jun 16 11:21:47 CEST 2023

JOB STATISTICS
==============
Job ID: 2925622
Cluster: snellius
User/Group: jumelet/jumelet
State: COMPLETED (exit code 0)
Nodes: 1
Cores per node: 128
CPU Utilized: 00:11:00
CPU Efficiency: 0.77% of 23:51:28 core-walltime
Job Wall-clock time: 00:11:11
Memory Utilized: 8.31 GB
Memory Efficiency: 25.96% of 32.00 GB
