mkdir: cannot create directory 'new_results': File exists
Thu Jun 15 16:43:33 CEST 2023
EarleyParser invoked with arguments [-in, data/petrov_mini.txt, -grammar, grammars/1.0_petrov.grammar, -out, new_results/petrov_mini, -verbose, 1, -thread, 32]
In grammar file = grammars/1.0_petrov.grammar
# Root symbol = ROOT
# Objectives = surprisal,stringprob
# isSparse = false
# isLogProb = true
# isScaling = false
# decodeOpt = 
# verbose opt = 1
# Num threads = 32
# Filter length = 0
# ioOpt = 
# maxIteration = 0
# Input file =data/petrov_mini.txt
[walks, the, street, work, to, He, ., on]
# Need to parse 1
# LeftWildcard Edge Space

## Parsing rule data ...  (10000)  (20000)  (30000)  (40000)  (50000)  (60000)  (70000)  (80000)  (90000)  (100000)  (110000)  (120000)  (130000)  (140000)  (150000)  (170000)  (180000)  (190000)  (210000)  (220000)  (240000)  (250000)  (260000)  (270000)  (280000)  (290000)  (300000)  (310000)  (320000)  (330000)  (360000)  (370000)  (380000)  (390000)  (400000)  (410000)  (420000)  (430000)  (440000)  (450000)  (460000)  (470000)  (480000)  (490000)  (500000)  (520000)  (530000)  (540000)  (560000)  (570000)  (580000)  (590000)  (600000)  (610000)  (620000)  (630000)  (640000)  (650000)  (660000)  (680000)  (690000)  (710000)  (720000)  (730000)  (740000)  (750000)  (760000)  (770000)  (780000)  (790000)  (800000)  (810000)  (820000)  (830000)  (840000)  (850000)  (860000)  (870000)  (880000)  (900000)  (910000)  (920000)  (930000)  (940000)  (950000)  (960000)  (970000)  (990000)  (1000000)  (1010000)  (1020000)  (1030000)  (1040000)  (1060000)  (1070000)  (1080000)  (1090000)  (1100000)  (1140000)  (1150000)  (1160000)  (1170000)  (1180000)  (1190000)  (1200000)  (1210000)  (1220000)  (1230000)  (1240000)  (1260000)  (1280000)  (1290000)  (1300000)  (1320000)  (1330000)  (1340000)  (1350000)  (1360000)  (1370000)  (1380000)  (1390000)  (1400000)  (1410000)  (1420000)  (1430000)  (1440000)  (1450000)  (1460000)  (1470000)  (1480000)  (1490000)  (1510000)  (1520000)  (1530000)  (1540000)  (1550000)  (1560000)  (1570000)  (1590000)  (1600000)  (1610000)  (1620000)  (1630000)  (1640000)  (1650000)  (1660000)  (1670000)  (1680000)  (1690000)  (1700000)  (1710000)  (1720000)  (1730000)  (1740000)  (1750000)  (1760000)  (1770000)  (1780000)  (1790000)  (1800000)  (1810000)  (1830000)  (1840000)  (1870000)  (1880000)  (1890000)  (1900000)  (1910000)  (1920000)  (1940000)  (1950000)  (1960000)  (1970000)  (1980000)  (1990000)  (2010000)  (2020000)  (2030000)  (2040000)  (2050000)  (2060000)  (2070000)  (2080000)  (2090000)  (2100000)  (2110000)  (2120000)  (2140000)  (2150000)  (2170000)  (2180000)  (2190000)  (2200000)  (2210000)  (2220000)  (2230000)  (2240000)  (2250000)  (2270000)  (2290000)  (2300000)  (2310000)  (2320000)  (2330000)  (2340000)  (2350000)  (2360000)  (2370000)  (2380000)  (2390000)  (2400000)  (2410000)  (2420000)  (2430000)  (2440000)  (2450000)  (2480000)  (2490000)  (2500000)  (2510000)  (160000)  (340000)  (510000)  (550000)  (670000)  (980000)  (1050000)  (1110000)  (1270000)  (1310000)  (1500000)  (1580000)  (1820000)  (1850000)  (1860000)  (1930000)  (2160000)  (2260000)  (2280000)  (2470000) 
# ruleSet 181428
Num rules = 0, num fragment rules = 0 (num multiple terminal rules = 0). Tag index size = 720, word index size = 54493. done [13.4 sec].

## Setting up edge space ...  (10000)  (20000)  (30000)  (40000)  (50000)  (60000)  (70000)  (80000)  (90000)  (100000)  (110000)  (120000)  (130000)  (140000)  (150000)  (160000)  (170000)  (180000) Num rules=180988, state space size=208476. done [0.4 sec].

### Learning grammar ... 

# Construct left-corner relation matrix 311 x 311
 (10000)  (20000)  (30000)  (40000)  (50000)  (60000)  (70000)  (80000)  (90000)  (100000) Done! Num rules processed =104437 Time elapsed: 99 ms

# Building left-corner closure matrix...
  num rows=311, num non-zero rows=303
 (10)  (20)  (30)  (40)  (50)  (60)  (70)  (80)  (90)  (100)  (110)  (120)  (130)  (140)  (150)  (160)  (170)  (180)  (190)  (200)  (210)  (220)  (230)  (240)  (250)  (260)  (270)  (280)  (290)  (300) Done=! Time elapsed: 1497 ms

# Construct unit-production relation matrix 720 x 720
 (100)  (200)  (300)  (400)  (500)  (600)  (700)  (800)  (900)  (1000)  (1100)  (1200)  (1300)  (1400)  (1500)  (1600)  (1700)  (1800)  (1900)  (2000)  (2100)  (2200)  (2300)  (2400)  (2500)  (2600)  (2700)  (2800)  (2900)  (3000)  (3100)  (3200)  (3300)  (3400)  (3500)  (3600)  (3700)  (3800)  (3900)  (4000)  (4100)  (4200)  (4300)  (4400)  (4500)  (4600)  (4700)  (4800)  (4900)  (5000)  (5100)  (5200)  (5300)  (5400)  (5500)  (5600)  (5700)  (5800)  (5900)  (6000)  (6100)  (6200)  (6300)  (6400)  (6500)  (6600)  (6700)  (6800)  (6900)  (7000)  (7100)  (7200)  (7300)  (7400)  (7500)  (7600)  (7700)  (7800)  (7900)  (8000)  (8100)  (8200)  (8300)  (8400)  (8500)  (8600)  (8700)  (8800)  (8900)  (9000)  (9100) Done! Num unary rules=9102 Time elapsed: 38 ms

# Building unary closure matrix...
  num rows=720, num non-zero rows=158
 (10)  (20)  (30)  (40)  (50)  (60)  (70)  (80)  (90)  (100)  (110)  (120)  (130)  (140)  (150) Done=! Time elapsed: 1353 ms

# Processing extended rules ... ... Num extended rules=0, tag index size =720, word index size = 54493 done [0.0 sec].

## Constructing predictions ... 180988 ...  (10000)  (20000)  (30000)  (40000)  (50000)  (60000)  (70000)  (80000)  (90000)  (100000)  (110000)  (120000)  (130000)  (140000)  (150000)  (160000)  (170000)  (180000) # Constructing complete predictions ...
207756
 (0)  (10000)  (20000)  (30000)  (40000)  (50000)  (60000)  (70000)  (80000)  (90000)  (100000)  (110000)  (120000)  (130000)  (140000)  (150000)  (160000)  (170000)  (180000)  (190000)  (200000) Done! Total predictions=49403836, num nonterminals with predictions=305 done [5.1 sec].

## Constructing completions ...  (0)  (10000)  (20000)  (30000)  (40000)  (50000)  (60000)  (70000)  (80000)  (90000)  (100000)  (110000)  (120000)  (130000)  (140000)  (150000)  (160000)  (170000)  (180000)  (190000)  (200000) Done with completion Time elapsed: 150128 ms
! Done building grammar. Time elapsed: 0 ms
# EarleyParserDense
# EarleyParserDense
# EarleyParserDense
# EarleyParserDense
# EarleyParserDense
# EarleyParserDense
# EarleyParserDense
# EarleyParserDense
# EarleyParserDense
# EarleyParserDense
# EarleyParserDense
# EarleyParserDense
# EarleyParserDense
# EarleyParserDense
# EarleyParserDense
# EarleyParserDense
# EarleyParserDense
# EarleyParserDense
# EarleyParserDense
# EarleyParserDense
# EarleyParserDense
# EarleyParserDense
# EarleyParserDense
# EarleyParserDense
# EarleyParserDense
# EarleyParserDense
# EarleyParserDense
# EarleyParserDense
# EarleyParserDense
# EarleyParserDense
# EarleyParserDense
# EarleyParserDense
## Parsing sent 0: [He, walks, on, the, street, to, work, .]
# 1	He,  numTags=1
# Scanning [0, 1]: PRP_0->[He] : 0.21707455390900002
# He, finished chartComplete Time elapsed: 114 ms
# He, finished chartPredict Time elapsed: 16719 ms
[He]
prefix: 0.04175489604576414
surprisal: 3.175938564003702
stringprob: 6.433713188160877E-10
# 2	walks,  numTags=118
# Scanning [1, 2]: VBZ_16->[walks] : 0.0011984287199999998
# Scanning [1, 2]: VB_2->[walks] : 1.4032249999999992E-6
# Scanning [1, 2]: NNS_19->[walks] : 4.8026660000000035E-6
# Scanning [1, 2]: RB_12->[walks] : 2.44589E-7
# Scanning [1, 2]: JJ_26->[walks] : 6.475509999999999E-7
# Scanning [1, 2]: NNS_18->[walks] : 4.758836E-6
# Scanning [1, 2]: NN_7->[walks] : 5.875999999999998E-7
# Scanning [1, 2]: NNS_22->[walks] : 5.054689E-6
# Scanning [1, 2]: RB_2->[walks] : 2.456389999999999E-7
# Scanning [1, 2]: JJ_29->[walks] : 6.309559999999999E-7
# Scanning [1, 2]: NNP_15->[walks] : 2.817156000000001E-6
# Scanning [1, 2]: JJ_16->[walks] : 6.218160000000001E-7
# Scanning [1, 2]: NNP_13->[walks] : 2.8189650000000014E-6
# Scanning [1, 2]: VB_4->[walks] : 1.3979639999999994E-6
# Scanning [1, 2]: NNP_11->[walks] : 3.78841605E-4
# Scanning [1, 2]: VB_1->[walks] : 1.4143769999999997E-6
# Scanning [1, 2]: JJ_23->[walks] : 6.205510000000004E-7
# Scanning [1, 2]: NN_16->[walks] : 3.0541650000000017E-6
# Scanning [1, 2]: NNP_2->[walks] : 2.8148200000000015E-6
# Scanning [1, 2]: VB_15->[walks] : 1.3938030000000008E-6
# Scanning [1, 2]: NNP_4->[walks] : 2.8181139999999984E-6
# Scanning [1, 2]: NN_13->[walks] : 6.036590000000003E-7
# Scanning [1, 2]: NN_17->[walks] : 3.0648889999999974E-6
# Scanning [1, 2]: NNS_26->[walks] : 7.287555999999999E-6
# Scanning [1, 2]: NNP_7->[walks] : 2.8186630000000007E-6
# Scanning [1, 2]: NNS_13->[walks] : 1.695875739999999E-4
# Scanning [1, 2]: NN_5->[walks] : 5.828890000000005E-6
# Scanning [1, 2]: NN_15->[walks] : 3.055894E-6
# Scanning [1, 2]: NNS_17->[walks] : 4.7399850000000035E-6
# Scanning [1, 2]: NNS_11->[walks] : 4.8398519999999995E-6
# Scanning [1, 2]: NN_10->[walks] : 6.187800000000002E-7
# Scanning [1, 2]: RB_13->[walks] : 2.443239999999999E-7
# Scanning [1, 2]: VBZ_12->[walks] : 0.050423242178000004
# Scanning [1, 2]: NNS_24->[walks] : 4.750490000000002E-6
# Scanning [1, 2]: RB_4->[walks] : 2.7998903999999985E-5
# Scanning [1, 2]: NNP_3->[walks] : 2.8130139999999995E-6
# Scanning [1, 2]: NNS_16->[walks] : 5.058065000000003E-6
# Scanning [1, 2]: NNP_6->[walks] : 2.8195069999999986E-6
# Scanning [1, 2]: VB_14->[walks] : 1.3936929999999993E-6
# Scanning [1, 2]: VB_7->[walks] : 1.4004569999999994E-6
# Scanning [1, 2]: JJ_28->[walks] : 6.208949999999997E-7
# Scanning [1, 2]: VBZ_19->[walks] : 6.645917969999999E-4
# Scanning [1, 2]: NNP_14->[walks] : 3.111548E-6
# Scanning [1, 2]: NN_0->[walks] : 6.346130000000002E-7
# Scanning [1, 2]: VBZ_17->[walks] : 0.0017425885990000004
# Scanning [1, 2]: VBZ_15->[walks] : 0.0010282717400000002
# Scanning [1, 2]: VB_11->[walks] : 1.3946280000000007E-6
# Scanning [1, 2]: VB_0->[walks] : 1.4012019999999999E-6
# Scanning [1, 2]: NN_9->[walks] : 5.898089999999996E-7
# Scanning [1, 2]: NN_4->[walks] : 3.7907091E-5
# Scanning [1, 2]: VB_10->[walks] : 1.39383E-6
# Scanning [1, 2]: RB_6->[walks] : 3.651429999999998E-7
# Scanning [1, 2]: RB_7->[walks] : 2.547000000000001E-7
# Scanning [1, 2]: JJ_17->[walks] : 6.196979999999998E-7
# Scanning [1, 2]: NN_24->[walks] : 3.5333130000000024E-6
# Scanning [1, 2]: VB_12->[walks] : 1.4001430000000007E-6
# Scanning [1, 2]: VB_13->[walks] : 1.3935639999999989E-6
# Scanning [1, 2]: NNS_25->[walks] : 4.712763039999998E-4
# Scanning [1, 2]: RB_8->[walks] : 2.49094E-7
# Scanning [1, 2]: NN_8->[walks] : 5.873500000000005E-7
# Scanning [1, 2]: NN_3->[walks] : 6.10932E-7
# Scanning [1, 2]: VBZ_10->[walks] : 0.002022495642
# Scanning [1, 2]: NN_27->[walks] : 3.0569639999999974E-6
# Scanning [1, 2]: VBZ_14->[walks] : 0.001050230289
# Scanning [1, 2]: NNS_23->[walks] : 4.765018999999998E-6
# Scanning [1, 2]: JJ_31->[walks] : 6.291219999999996E-7
# Scanning [1, 2]: NNS_12->[walks] : 4.952755999999999E-6
# Scanning [1, 2]: RB_5->[walks] : 4.949219999999996E-7
# Scanning [1, 2]: NNP_12->[walks] : 2.812051999999998E-6
# Scanning [1, 2]: VBZ_18->[walks] : 0.001074290623
# Scanning [1, 2]: NN_21->[walks] : 3.214993000000002E-6
# Scanning [1, 2]: NNS_21->[walks] : 5.800746000000003E-6
# Scanning [1, 2]: NNP_0->[walks] : 2.811103999999999E-6
# Scanning [1, 2]: JJ_24->[walks] : 8.349705999999995E-5
# Scanning [1, 2]: NN_20->[walks] : 3.3780180000000027E-6
# Scanning [1, 2]: RB_9->[walks] : 2.480569999999999E-7
# Scanning [1, 2]: NN_19->[walks] : 3.0738540000000025E-6
# Scanning [1, 2]: NNS_20->[walks] : 4.809739000000003E-6
# Scanning [1, 2]: NNS_14->[walks] : 4.761627000000003E-6
# Scanning [1, 2]: VBZ_11->[walks] : 6.369463899999997E-4
# Scanning [1, 2]: RB_3->[walks] : 2.4404699999999983E-7
# Scanning [1, 2]: NN_14->[walks] : 3.060037499999999E-5
# Scanning [1, 2]: RB_10->[walks] : 2.440610000000001E-7
# Scanning [1, 2]: NNP_5->[walks] : 2.816279000000001E-6
# Scanning [1, 2]: RB_0->[walks] : 3.142699999999998E-7
# Scanning [1, 2]: JJ_21->[walks] : 6.200429999999998E-7
# Scanning [1, 2]: NNP_9->[walks] : 2.8205479999999987E-6
# Scanning [1, 2]: NN_28->[walks] : 3.0858730000000003E-6
# Scanning [1, 2]: NNS_15->[walks] : 4.757490000000002E-6
# Scanning [1, 2]: NN_22->[walks] : 3.2142129999999973E-6
# Scanning [1, 2]: NN_2->[walks] : 1.1257429999999994E-6
# Scanning [1, 2]: NN_11->[walks] : 5.887270000000004E-7
# Scanning [1, 2]: NN_25->[walks] : 3.6679659999999998E-6
# Scanning [1, 2]: JJ_27->[walks] : 7.182860000000002E-7
# Scanning [1, 2]: NN_18->[walks] : 3.055209000000001E-6
# Scanning [1, 2]: JJ_20->[walks] : 6.299220000000005E-7
# Scanning [1, 2]: VBZ_13->[walks] : 0.0011705404219999997
# Scanning [1, 2]: JJ_30->[walks] : 6.209689999999995E-7
# Scanning [1, 2]: JJ_22->[walks] : 6.194839999999997E-7
# Scanning [1, 2]: VB_3->[walks] : 1.2490311899999995E-4
# Scanning [1, 2]: VB_6->[walks] : 6.455436400000004E-5
# Scanning [1, 2]: JJ_18->[walks] : 6.232689999999996E-7
# Scanning [1, 2]: VB_5->[walks] : 1.3939859999999997E-6
# Scanning [1, 2]: NNP_1->[walks] : 2.8147689999999974E-6
# Scanning [1, 2]: VBZ_9->[walks] : 6.49382173E-4
# Scanning [1, 2]: VB_9->[walks] : 1.3941600000000011E-6
# Scanning [1, 2]: JJ_19->[walks] : 6.195929999999996E-7
# Scanning [1, 2]: VB_8->[walks] : 1.3938439999999998E-6
# Scanning [1, 2]: NN_1->[walks] : 7.763129999999994E-7
# Scanning [1, 2]: RB_1->[walks] : 2.4404499999999993E-7
# Scanning [1, 2]: RB_11->[walks] : 3.4928599999999997E-7
# Scanning [1, 2]: JJ_25->[walks] : 6.302159999999996E-7
# Scanning [1, 2]: NN_6->[walks] : 5.906769999999995E-7
# Scanning [1, 2]: NN_23->[walks] : 3.5542590200000006E-4
# Scanning [1, 2]: NNP_10->[walks] : 2.8354570000000014E-6
# Scanning [1, 2]: NN_26->[walks] : 3.059041000000001E-6
# Scanning [1, 2]: NNP_8->[walks] : 2.8196769999999986E-6
# Scanning [1, 2]: NN_12->[walks] : 5.921569999999995E-7
# walks, finished chartComplete Time elapsed: 1686 ms
# walks, finished chartPredict Time elapsed: 53379 ms
[He, walks]
prefix: 8.501578839744623E-6
surprisal: 8.499320101860619
stringprob: 5.541142649033529E-11
# 3	on,  numTags=52
# Scanning [2, 3]: IN_2->[on] : 0.029289280524
# Scanning [2, 3]: RB_21->[on] : 5.145540000000005E-6
# Scanning [2, 3]: RB_8->[on] : 4.276869329999999E-4
# Scanning [2, 3]: RB_7->[on] : 1.7925932399999984E-4
# Scanning [2, 3]: RP_0->[on] : 0.03883506177599999
# Scanning [2, 3]: IN_0->[on] : 0.120003519352
# Scanning [2, 3]: RB_2->[on] : 0.005518884834999999
# Scanning [2, 3]: IN_14->[on] : 0.004999310112999997
# Scanning [2, 3]: IN_15->[on] : 6.465619600000002E-5
# Scanning [2, 3]: RB_12->[on] : 1.3343237300000006E-4
# Scanning [2, 3]: RB_6->[on] : 2.2593635100000018E-4
# Scanning [2, 3]: IN_8->[on] : 0.006380609229000003
# Scanning [2, 3]: IN_20->[on] : 5.546424399999995E-5
# Scanning [2, 3]: RB_9->[on] : 3.4677445299999987E-4
# Scanning [2, 3]: IN_11->[on] : 5.7255138000000024E-5
# Scanning [2, 3]: RB_19->[on] : 5.580828000000002E-6
# Scanning [2, 3]: RB_23->[on] : 1.8701468999999992E-5
# Scanning [2, 3]: IN_10->[on] : 0.013866587938
# Scanning [2, 3]: IN_19->[on] : 6.295821900000005E-5
# Scanning [2, 3]: IN_9->[on] : 0.006006219717000001
# Scanning [2, 3]: RB_5->[on] : 0.004557977310999999
# Scanning [2, 3]: IN_24->[on] : 1.4550675500000002E-4
# Scanning [2, 3]: IN_21->[on] : 5.502234000000001E-5
# Scanning [2, 3]: IN_12->[on] : 5.439871100000005E-5
# Scanning [2, 3]: IN_5->[on] : 0.053177026679999996
# Scanning [2, 3]: IN_7->[on] : 0.005678175915000001
# Scanning [2, 3]: RB_16->[on] : 4.7499749999999985E-6
# Scanning [2, 3]: RB_17->[on] : 4.15088E-6
# Scanning [2, 3]: IN_6->[on] : 0.006855368571000001
# Scanning [2, 3]: RB_15->[on] : 4.285262000000002E-6
# Scanning [2, 3]: RB_4->[on] : 1.6244599700000005E-4
# Scanning [2, 3]: RB_25->[on] : 3.545344500000002E-5
# Scanning [2, 3]: RB_20->[on] : 4.221896000000002E-6
# Scanning [2, 3]: IN_13->[on] : 5.8101318000000035E-5
# Scanning [2, 3]: RB_3->[on] : 0.0013378839560000003
# Scanning [2, 3]: RB_13->[on] : 2.231425399999999E-4
# Scanning [2, 3]: RB_0->[on] : 1.950372239999999E-4
# Scanning [2, 3]: RB_10->[on] : 1.6523053300000005E-4
# Scanning [2, 3]: IN_3->[on] : 0.022057564188999998
# Scanning [2, 3]: IN_4->[on] : 0.08830375449900002
# Scanning [2, 3]: IN_22->[on] : 5.4406183E-5
# Scanning [2, 3]: IN_1->[on] : 0.16421089935800004
# Scanning [2, 3]: IN_23->[on] : 7.315095199999997E-5
# Scanning [2, 3]: RB_24->[on] : 4.513789999999999E-6
# Scanning [2, 3]: RB_1->[on] : 5.986440040000003E-4
# Scanning [2, 3]: RB_11->[on] : 1.3459123700000004E-4
# Scanning [2, 3]: IN_17->[on] : 2.0272824800000018E-4
# Scanning [2, 3]: IN_16->[on] : 0.0011087524399999997
# Scanning [2, 3]: RB_22->[on] : 3.60961199E-4
# Scanning [2, 3]: RB_18->[on] : 4.164669000000003E-6
# Scanning [2, 3]: IN_18->[on] : 5.860514500000005E-5
# Scanning [2, 3]: RB_14->[on] : 4.218398999999997E-6
# on, finished chartComplete Time elapsed: 5039 ms
# on, finished chartPredict Time elapsed: 71340 ms
[He, walks, on]
prefix: 5.775039486466967E-7
surprisal: 2.689291891226061
stringprob: 8.049425926511008E-12
# 4	the,  numTags=106
# Scanning [3, 4]: DT_7->[the] : 0.005714083838000003
# Scanning [3, 4]: DT_16->[the] : 0.10913516401400002
# Scanning [3, 4]: NNP_14->[the] : 9.516246899999994E-5
# Scanning [3, 4]: NNP_22->[the] : 5.3569940000000025E-6
# Scanning [3, 4]: VBP_14->[the] : 1.1625738E-5
# Scanning [3, 4]: NN_9->[the] : 6.186935E-6
# Scanning [3, 4]: NN_4->[the] : 6.040957999999999E-6
# Scanning [3, 4]: DT_18->[the] : 0.887372311932
# Scanning [3, 4]: VBP_15->[the] : 1.1623440999999995E-5
# Scanning [3, 4]: JJ_13->[the] : 3.6979730000000007E-6
# Scanning [3, 4]: NN_0->[the] : 1.157011280000001E-4
# Scanning [3, 4]: JJ_8->[the] : 3.707441000000002E-6
# Scanning [3, 4]: NN_15->[the] : 4.510572399999998E-5
# Scanning [3, 4]: NNP_26->[the] : 5.345768000000002E-6
# Scanning [3, 4]: NN_10->[the] : 6.3153049999999964E-6
# Scanning [3, 4]: NNP_6->[the] : 6.8248506E-5
# Scanning [3, 4]: NNP_3->[the] : 0.0055346937300000025
# Scanning [3, 4]: DT_4->[the] : 0.007349926888000001
# Scanning [3, 4]: NNP_23->[the] : 7.070993999999998E-6
# Scanning [3, 4]: NNP_4->[the] : 5.814992800000003E-5
# Scanning [3, 4]: NN_13->[the] : 7.787228199999996E-5
# Scanning [3, 4]: JJ_10->[the] : 6.665629199999995E-5
# Scanning [3, 4]: VBP_10->[the] : 1.1625628000000006E-5
# Scanning [3, 4]: NN_16->[the] : 3.9605600000000017E-7
# Scanning [3, 4]: DT_0->[the] : 5.855501270000001E-4
# Scanning [3, 4]: NNP_2->[the] : 1.1683793300000006E-4
# Scanning [3, 4]: NNP_25->[the] : 5.341407999999996E-6
# Scanning [3, 4]: JJ_3->[the] : 5.335050000000003E-6
# Scanning [3, 4]: VBP_18->[the] : 1.1628916000000002E-5
# Scanning [3, 4]: JJ_1->[the] : 4.2494900000000016E-6
# Scanning [3, 4]: NN_5->[the] : 6.037062999999999E-6
# Scanning [3, 4]: VBP_13->[the] : 1.1627508999999996E-5
# Scanning [3, 4]: NNP_16->[the] : 5.368762999999997E-6
# Scanning [3, 4]: NN_17->[the] : 3.8643299999999977E-7
# Scanning [3, 4]: NNP_7->[the] : 7.60545406E-4
# Scanning [3, 4]: VBP_17->[the] : 1.1627276999999993E-5
# Scanning [3, 4]: DT_1->[the] : 5.335478369999998E-4
# Scanning [3, 4]: NNP_19->[the] : 5.350607000000002E-6
# Scanning [3, 4]: VBP_16->[the] : 0.0011510602429999997
# Scanning [3, 4]: NN_7->[the] : 5.764039119999998E-4
# Scanning [3, 4]: NNP_13->[the] : 5.4762028999999974E-5
# Scanning [3, 4]: JJ_14->[the] : 3.7031649999999996E-6
# Scanning [3, 4]: DT_10->[the] : 0.0026502804519999987
# Scanning [3, 4]: NNP_11->[the] : 5.8111756000000035E-5
# Scanning [3, 4]: JJ_7->[the] : 3.74000178E-4
# Scanning [3, 4]: DT_15->[the] : 0.047628499054
# Scanning [3, 4]: DT_14->[the] : 0.049645210137999995
# Scanning [3, 4]: DT_6->[the] : 5.557995030000002E-4
# Scanning [3, 4]: NNP_15->[the] : 5.9912780000000026E-5
# Scanning [3, 4]: VBP_8->[the] : 1.163604800000001E-5
# Scanning [3, 4]: JJ_4->[the] : 3.8125239999999976E-6
# Scanning [3, 4]: DT_13->[the] : 0.05096342154300001
# Scanning [3, 4]: JJ_15->[the] : 3.739968999999998E-6
# Scanning [3, 4]: NNP_1->[the] : 6.228231700000005E-5
# Scanning [3, 4]: NN_6->[the] : 6.0829529999999956E-6
# Scanning [3, 4]: NN_23->[the] : 4.011729999999999E-7
# Scanning [3, 4]: JJ_6->[the] : 1.2456492999999994E-5
# Scanning [3, 4]: JJ_5->[the] : 1.0150482000000005E-5
# Scanning [3, 4]: NNP_10->[the] : 2.3873744900000017E-4
# Scanning [3, 4]: NN_26->[the] : 3.857939999999998E-7
# Scanning [3, 4]: NNP_8->[the] : 5.5671889000000035E-5
# Scanning [3, 4]: NN_12->[the] : 6.0367169999999974E-6
# Scanning [3, 4]: NNP_18->[the] : 5.355417999999996E-6
# Scanning [3, 4]: NN_1->[the] : 6.0598230000000055E-6
# Scanning [3, 4]: NNP_9->[the] : 5.460017600000004E-5
# Scanning [3, 4]: NN_28->[the] : 3.85591E-7
# Scanning [3, 4]: DT_3->[the] : 0.010927327751999998
# Scanning [3, 4]: VBP_12->[the] : 1.1624490000000003E-5
# Scanning [3, 4]: NN_22->[the] : 3.875419999999999E-7
# Scanning [3, 4]: NN_2->[the] : 6.085485E-6
# Scanning [3, 4]: DT_5->[the] : 0.0015961957380000002
# Scanning [3, 4]: NN_14->[the] : 6.219560000000004E-6
# Scanning [3, 4]: NNP_5->[the] : 2.956008040000002E-4
# Scanning [3, 4]: JJ_12->[the] : 3.6994520000000015E-6
# Scanning [3, 4]: VBP_19->[the] : 1.162752900000001E-5
# Scanning [3, 4]: NNP_24->[the] : 9.281938000000006E-6
# Scanning [3, 4]: NN_11->[the] : 6.040311999999997E-6
# Scanning [3, 4]: NN_25->[the] : 3.8604899999999975E-7
# Scanning [3, 4]: NN_18->[the] : 3.856270000000003E-7
# Scanning [3, 4]: DT_9->[the] : 0.003511059038000001
# Scanning [3, 4]: JJ_9->[the] : 5.007838999999996E-6
# Scanning [3, 4]: NNP_12->[the] : 5.483515500000003E-5
# Scanning [3, 4]: NNP_28->[the] : 5.3482720000000036E-6
# Scanning [3, 4]: NN_20->[the] : 3.869E-7
# Scanning [3, 4]: VBP_11->[the] : 1.1623725999999996E-5
# Scanning [3, 4]: NN_19->[the] : 3.8684999999999984E-7
# Scanning [3, 4]: NNP_29->[the] : 5.342009999999997E-6
# Scanning [3, 4]: NN_21->[the] : 3.9171099999999993E-7
# Scanning [3, 4]: DT_8->[the] : 0.007707751607
# Scanning [3, 4]: NNP_21->[the] : 5.344361999999999E-6
# Scanning [3, 4]: NNP_27->[the] : 5.3464520000000025E-6
# Scanning [3, 4]: NNP_0->[the] : 5.63007144E-4
# Scanning [3, 4]: DT_12->[the] : 9.292277549999997E-4
# Scanning [3, 4]: VBP_9->[the] : 1.1629036E-5
# Scanning [3, 4]: NN_24->[the] : 3.863140000000003E-7
# Scanning [3, 4]: NNP_17->[the] : 6.195773479999999E-4
# Scanning [3, 4]: NNP_20->[the] : 5.346413000000001E-6
# Scanning [3, 4]: DT_11->[the] : 0.0010003015309999997
# Scanning [3, 4]: DT_2->[the] : 0.011673783914999998
# Scanning [3, 4]: JJ_0->[the] : 3.896855000000002E-6
# Scanning [3, 4]: NN_3->[the] : 6.037348999999995E-6
# Scanning [3, 4]: JJ_2->[the] : 4.692548700000002E-5
# Scanning [3, 4]: NN_27->[the] : 3.855770000000003E-7
# Scanning [3, 4]: DT_17->[the] : 0.818466582926
# Scanning [3, 4]: JJ_11->[the] : 3.795978000000003E-6
# Scanning [3, 4]: NN_8->[the] : 8.161098999999996E-6
# the, finished chartComplete Time elapsed: 6882 ms
# the, finished chartPredict Time elapsed: 110836 ms
[He, walks, on, the]
prefix: 1.777726486772348E-7
surprisal: 1.1782098005711352
stringprob: 2.1535904261362465E-14
# 5	street,  numTags=41
# Scanning [4, 5]: NN_7->[street] : 8.195281E-6
# Scanning [4, 5]: NN_10->[street] : 9.835457000000008E-6
# Scanning [4, 5]: NN_14->[street] : 2.0864996000000003E-5
# Scanning [4, 5]: RB_20->[street] : 7.5117982E-5
# Scanning [4, 5]: NN_15->[street] : 0.002539586868000001
# Scanning [4, 5]: RB_25->[street] : 7.70289E-7
# Scanning [4, 5]: NN_22->[street] : 4.0603403399999986E-4
# Scanning [4, 5]: NN_24->[street] : 4.08141243E-4
# Scanning [4, 5]: NN_2->[street] : 5.1582984000000034E-5
# Scanning [4, 5]: RB_15->[street] : 7.680719999999997E-7
# Scanning [4, 5]: NN_28->[street] : 0.002480270452
# Scanning [4, 5]: NN_8->[street] : 7.967257999999994E-6
# Scanning [4, 5]: RB_17->[street] : 7.680820000000001E-7
# Scanning [4, 5]: RB_16->[street] : 7.680850000000001E-7
# Scanning [4, 5]: NN_25->[street] : 1.9272819499999995E-4
# Scanning [4, 5]: NN_18->[street] : 4.1274151E-4
# Scanning [4, 5]: NN_11->[street] : 5.042233199999997E-5
# Scanning [4, 5]: RB_21->[street] : 1.702041000000001E-6
# Scanning [4, 5]: NN_27->[street] : 0.007946625832
# Scanning [4, 5]: NN_3->[street] : 3.0998529999999987E-5
# Scanning [4, 5]: RB_14->[street] : 7.680820000000001E-7
# Scanning [4, 5]: NN_16->[street] : 0.001515179945
# Scanning [4, 5]: RB_22->[street] : 7.683979999999999E-7
# Scanning [4, 5]: NN_13->[street] : 1.1123467999999997E-5
# Scanning [4, 5]: RB_18->[street] : 7.680829999999999E-7
# Scanning [4, 5]: RB_23->[street] : 8.038499999999995E-7
# Scanning [4, 5]: RB_19->[street] : 7.824980000000004E-7
# Scanning [4, 5]: RB_24->[street] : 7.681109999999997E-7
# Scanning [4, 5]: NN_1->[street] : 2.0178646700000003E-4
# Scanning [4, 5]: NN_0->[street] : 7.683527600000003E-5
# Scanning [4, 5]: NN_21->[street] : 3.9615457200000017E-4
# Scanning [4, 5]: NN_17->[street] : 3.6792994400000015E-4
# Scanning [4, 5]: NN_12->[street] : 2.008054100000001E-5
# Scanning [4, 5]: NN_5->[street] : 4.35046714E-4
# Scanning [4, 5]: NN_26->[street] : 2.3504340400000022E-4
# Scanning [4, 5]: NN_4->[street] : 1.0105310700000003E-4
# Scanning [4, 5]: NN_19->[street] : 5.807868620000002E-4
# Scanning [4, 5]: NN_9->[street] : 1.006881E-5
# Scanning [4, 5]: NN_23->[street] : 2.276872129999999E-4
# Scanning [4, 5]: NN_20->[street] : 0.003108953391999999
# Scanning [4, 5]: NN_6->[street] : 4.671191000000004E-5
# street, finished chartComplete Time elapsed: 11283 ms
# street, finished chartPredict Time elapsed: 94330 ms
[He, walks, on, the, street]
prefix: 7.463393584305203E-10
surprisal: 5.473080357438397
stringprob: 2.5601762854601504E-12
# 6	to,  numTags=26
# Scanning [5, 6]: IN_14->[to] : 1.5321952100000013E-4
# Scanning [5, 6]: IN_6->[to] : 1.0612229999999993E-6
# Scanning [5, 6]: IN_0->[to] : 5.906949599999996E-5
# Scanning [5, 6]: IN_13->[to] : 0.002716216311
# Scanning [5, 6]: IN_15->[to] : 3.8743790999999997E-4
# Scanning [5, 6]: IN_7->[to] : 1.033145E-6
# Scanning [5, 6]: IN_2->[to] : 3.170610499999997E-5
# Scanning [5, 6]: IN_5->[to] : 1.4160159999999993E-6
# Scanning [5, 6]: IN_12->[to] : 9.627647999999998E-5
# Scanning [5, 6]: IN_21->[to] : 9.571508100000007E-5
# Scanning [5, 6]: IN_24->[to] : 9.389096700000001E-5
# Scanning [5, 6]: IN_19->[to] : 1.390484660000001E-4
# Scanning [5, 6]: IN_16->[to] : 6.88081841E-4
# Scanning [5, 6]: IN_10->[to] : 1.4924499999999992E-6
# Scanning [5, 6]: IN_18->[to] : 1.7926970199999987E-4
# Scanning [5, 6]: IN_9->[to] : 1.0439650000000008E-6
# Scanning [5, 6]: IN_22->[to] : 9.505831200000002E-5
# Scanning [5, 6]: IN_4->[to] : 1.178771E-6
# Scanning [5, 6]: IN_11->[to] : 0.0071478212459999985
# Scanning [5, 6]: TO_0->[to] : 0.988559707454
# Scanning [5, 6]: IN_20->[to] : 9.837881399999997E-5
# Scanning [5, 6]: IN_3->[to] : 1.3870270000000008E-6
# Scanning [5, 6]: IN_8->[to] : 1.0539699999999994E-6
# Scanning [5, 6]: IN_17->[to] : 1.165117189999999E-4
# Scanning [5, 6]: IN_23->[to] : 9.971770300000004E-5
# Scanning [5, 6]: IN_1->[to] : 2.709444999999999E-6
# to, finished chartComplete Time elapsed: 15051 ms
# to, finished chartPredict Time elapsed: 126097 ms
[He, walks, on, the, street, to]
prefix: 2.6034835610065217E-11
surprisal: 3.3557449284236363
stringprob: 9.488258744173026E-16
# 7	work,  numTags=69
# Scanning [6, 7]: VB_9->[work] : 0.0013790223280000001
# Scanning [6, 7]: VB_22->[work] : 1.1326392100000005E-4
# Scanning [6, 7]: VB_19->[work] : 1.1213162900000001E-4
# Scanning [6, 7]: VB_16->[work] : 2.1524749699999997E-4
# Scanning [6, 7]: VB_7->[work] : 0.001346640225
# Scanning [6, 7]: VB_20->[work] : 1.7462650699999992E-4
# Scanning [6, 7]: VBP_14->[work] : 4.5405711999999985E-4
# Scanning [6, 7]: VB_5->[work] : 0.022452755108999998
# Scanning [6, 7]: NN_23->[work] : 7.506894970000002E-4
# Scanning [6, 7]: VB_11->[work] : 0.0011695357820000003
# Scanning [6, 7]: VB_0->[work] : 0.0012857003739999999
# Scanning [6, 7]: NN_6->[work] : 4.0865600600000006E-4
# Scanning [6, 7]: NN_26->[work] : 1.2753035099999992E-4
# Scanning [6, 7]: VBP_15->[work] : 7.227400639999997E-4
# Scanning [6, 7]: NN_12->[work] : 0.004583329921000001
# Scanning [6, 7]: NN_9->[work] : 0.0036073387499999995
# Scanning [6, 7]: NN_4->[work] : 0.0016520472309999995
# Scanning [6, 7]: VB_10->[work] : 0.0012572580030000002
# Scanning [6, 7]: VB_8->[work] : 8.991301429999999E-4
# Scanning [6, 7]: NN_0->[work] : 0.008679254096000004
# Scanning [6, 7]: NN_1->[work] : 0.005874504679000002
# Scanning [6, 7]: VB_27->[work] : 3.865953829999998E-4
# Scanning [6, 7]: NN_28->[work] : 3.5494687999999987E-4
# Scanning [6, 7]: VB_24->[work] : 1.4685187600000014E-4
# Scanning [6, 7]: NN_22->[work] : 3.725626660000001E-4
# Scanning [6, 7]: NN_2->[work] : 0.0014126409750000002
# Scanning [6, 7]: VBP_12->[work] : 0.001105736083
# Scanning [6, 7]: NN_15->[work] : 0.0027490302150000004
# Scanning [6, 7]: NN_10->[work] : 0.002282233850999999
# Scanning [6, 7]: NN_14->[work] : 0.006987405725000002
# Scanning [6, 7]: VBP_19->[work] : 0.0034307262050000007
# Scanning [6, 7]: VB_3->[work] : 0.020467518300000005
# Scanning [6, 7]: VB_6->[work] : 0.007159370777000002
# Scanning [6, 7]: VB_26->[work] : 0.004656528447
# Scanning [6, 7]: VB_14->[work] : 6.357804659999998E-4
# Scanning [6, 7]: NN_25->[work] : 0.0040113957879999995
# Scanning [6, 7]: VB_25->[work] : 4.25012406E-4
# Scanning [6, 7]: NN_18->[work] : 8.485650329999997E-4
# Scanning [6, 7]: VB_17->[work] : 7.35701084E-4
# Scanning [6, 7]: NN_11->[work] : 0.0030485057489999987
# Scanning [6, 7]: VB_18->[work] : 1.2886359800000008E-4
# Scanning [6, 7]: NN_13->[work] : 0.005084947310000002
# Scanning [6, 7]: VBP_10->[work] : 0.004364437675
# Scanning [6, 7]: NN_16->[work] : 6.660844059999997E-4
# Scanning [6, 7]: VB_15->[work] : 5.67308125E-4
# Scanning [6, 7]: VBP_18->[work] : 0.0015571103720000007
# Scanning [6, 7]: NN_20->[work] : 2.2663448300000005E-4
# Scanning [6, 7]: NN_5->[work] : 0.0022899998949999995
# Scanning [6, 7]: VBP_13->[work] : 0.0011755626369999996
# Scanning [6, 7]: VBP_11->[work] : 5.735116739999999E-4
# Scanning [6, 7]: NN_19->[work] : 0.0012042843190000004
# Scanning [6, 7]: NN_17->[work] : 2.3991004999999985E-4
# Scanning [6, 7]: NN_21->[work] : 8.680644969999998E-4
# Scanning [6, 7]: VBP_17->[work] : 0.0030450637630000006
# Scanning [6, 7]: VBP_9->[work] : 0.007258611794999997
# Scanning [6, 7]: NN_24->[work] : 0.0012481165709999995
# Scanning [6, 7]: VBP_16->[work] : 0.014853119659000007
# Scanning [6, 7]: NN_7->[work] : 4.77204198E-4
# Scanning [6, 7]: VB_2->[work] : 8.8822406E-4
# Scanning [6, 7]: VB_23->[work] : 1.1493914899999998E-4
# Scanning [6, 7]: VB_4->[work] : 0.0014533956699999996
# Scanning [6, 7]: NN_27->[work] : 2.23487529E-4
# Scanning [6, 7]: VB_21->[work] : 0.005018910266000002
# Scanning [6, 7]: NN_3->[work] : 9.132823799999996E-4
# Scanning [6, 7]: VB_1->[work] : 0.013261349036000002
# Scanning [6, 7]: VB_13->[work] : 0.0015684201009999999
# Scanning [6, 7]: VB_12->[work] : 0.005602771705000002
# Scanning [6, 7]: NN_8->[work] : 7.361514120000002E-4
# Scanning [6, 7]: VBP_8->[work] : 0.0010676739019999998
# work, finished chartComplete Time elapsed: 17793 ms
# work, finished chartPredict Time elapsed: 151092 ms
[He, walks, on, the, street, to, work]
prefix: 8.916642135536838E-14
surprisal: 5.676686224877717
stringprob: 1.5872595491810577E-16
# 8	.,  numTags=27
# Scanning [7, 8]: VB_24->[.] : 4.2781699999999996E-6
# Scanning [7, 8]: VBZ_12->[.] : 1.0403673999999994E-5
# Scanning [7, 8]: VBZ_16->[.] : 9.146565859999996E-4
# Scanning [7, 8]: VBZ_11->[.] : 1.0403714999999994E-5
# Scanning [7, 8]: VB_23->[.] : 4.284670999999996E-6
# Scanning [7, 8]: VB_21->[.] : 4.2779749999999995E-6
# Scanning [7, 8]: VBZ_13->[.] : 1.0411361999999993E-5
# Scanning [7, 8]: VBZ_10->[.] : 1.0411620999999994E-5
# Scanning [7, 8]: VBZ_14->[.] : 1.0399634000000004E-5
# Scanning [7, 8]: VB_26->[.] : 4.277345000000001E-6
# Scanning [7, 8]: VB_17->[.] : 4.2775530000000035E-6
# Scanning [7, 8]: DOT_2->[.] : 0.05644724116600001
# Scanning [7, 8]: VB_25->[.] : 4.282991999999998E-6
# Scanning [7, 8]: VB_18->[.] : 4.23724481E-4
# Scanning [7, 8]: DOT_1->[.] : 0.098198269253
# Scanning [7, 8]: VBZ_19->[.] : 1.0398054999999993E-5
# Scanning [7, 8]: VBZ_9->[.] : 1.0397154000000004E-5
# Scanning [7, 8]: VB_19->[.] : 4.277498999999997E-6
# Scanning [7, 8]: VB_22->[.] : 4.2775749999999994E-6
# Scanning [7, 8]: VB_20->[.] : 4.277191999999998E-6
# Scanning [7, 8]: VB_16->[.] : 4.407467000000001E-6
# Scanning [7, 8]: VBZ_18->[.] : 1.0393573999999995E-5
# Scanning [7, 8]: VBZ_17->[.] : 3.217930599999999E-5
# Scanning [7, 8]: DOT_0->[.] : 0.997964348716
# Scanning [7, 8]: VBZ_15->[.] : 1.0403010999999999E-5
# Scanning [7, 8]: FW_0->[.] : 0.0025937589009999997
# Scanning [7, 8]: VB_27->[.] : 4.2805700000000014E-6
# ., finished chartComplete Time elapsed: 25218 ms
# ., finished chartPredict Time elapsed: 124888 ms
[He, walks, on, the, street, to, work, .]
prefix: 2.9538297624056834E-14
surprisal: 1.1048168805842025
stringprob: 2.9533475161492746E-14
Finished parsing sentence 0. [He, walks, on, the, street, to, work, .]. Num words = 8, negLogProb=31.15325202367141. Time elapsed: 35 ms
Thu Jun 15 17:00:24 CEST 2023

JOB STATISTICS
==============
Job ID: 2921470
Cluster: snellius
User/Group: jumelet/jumelet
State: COMPLETED (exit code 0)
Nodes: 1
Cores per node: 128
CPU Utilized: 00:16:44
CPU Efficiency: 0.77% of 1-12:18:08 core-walltime
Job Wall-clock time: 00:17:01
Memory Utilized: 4.15 GB
Memory Efficiency: 51.88% of 8.00 GB
