mkdir: cannot create directory 'new_results': File exists
Thu Jun 15 14:43:40 CEST 2023
EarleyParser invoked with arguments [-in, data/petrov_mini.txt, -grammar, grammars/1.0_petrov.grammar, -out, new_results/petrov_mini, -verbose, 1, -thread, 32]
In grammar file = grammars/1.0_petrov.grammar
# Root symbol = ROOT
# Objectives = surprisal,stringprob
# isSparse = false
# isLogProb = true
# isScaling = false
# decodeOpt = 
# verbose opt = 1
# Num threads = 32
# Filter length = 0
# ioOpt = 
# maxIteration = 0
# Input file =data/petrov_mini.txt
[walks, He, .]
# Need to parse 1
# LeftWildcard Edge Space

## Parsing rule data ...  (10000)  (20000)  (30000)  (40000)  (50000)  (60000)  (70000)  (80000)  (90000)  (100000)  (110000)  (120000)  (130000)  (140000)  (150000)  (170000)  (180000)  (190000)  (210000)  (220000)  (240000)  (250000)  (260000)  (270000)  (280000)  (290000)  (300000)  (310000)  (320000)  (330000)  (360000)  (370000)  (380000)  (390000)  (400000)  (410000)  (420000)  (430000)  (440000)  (450000)  (460000)  (470000)  (480000)  (490000)  (500000)  (520000)  (530000)  (540000)  (560000)  (570000)  (580000)  (590000)  (600000)  (610000)  (620000)  (630000)  (640000)  (650000)  (660000)  (680000)  (690000)  (710000)  (720000)  (730000)  (740000)  (750000)  (760000)  (770000)  (780000)  (790000)  (800000)  (810000)  (820000)  (830000)  (840000)  (850000)  (860000)  (870000)  (880000)  (900000)  (910000)  (920000)  (930000)  (940000)  (950000)  (960000)  (970000)  (990000)  (1000000)  (1010000)  (1020000)  (1030000)  (1040000)  (1060000)  (1070000)  (1080000)  (1090000)  (1100000)  (1140000)  (1150000)  (1160000)  (1170000)  (1180000)  (1190000)  (1200000)  (1210000)  (1220000)  (1230000)  (1240000)  (1260000)  (1280000)  (1290000)  (1300000)  (1320000)  (1330000)  (1340000)  (1350000)  (1360000)  (1370000)  (1380000)  (1390000)  (1400000)  (1410000)  (1420000)  (1430000)  (1440000)  (1450000)  (1460000)  (1470000)  (1480000)  (1490000)  (1510000)  (1520000)  (1530000)  (1540000)  (1550000)  (1560000)  (1570000)  (1590000)  (1600000)  (1610000)  (1620000)  (1630000)  (1640000)  (1650000)  (1660000)  (1670000)  (1680000)  (1690000)  (1700000)  (1710000)  (1720000)  (1730000)  (1740000)  (1750000)  (1760000)  (1770000)  (1780000)  (1790000)  (1800000)  (1810000)  (1830000)  (1840000)  (1870000)  (1880000)  (1890000)  (1900000)  (1910000)  (1920000)  (1940000)  (1950000)  (1960000)  (1970000)  (1980000)  (1990000)  (2010000)  (2020000)  (2030000)  (2040000)  (2050000)  (2060000)  (2070000)  (2080000)  (2090000)  (2100000)  (2110000)  (2120000)  (2140000)  (2150000)  (2170000)  (2180000)  (2190000)  (2200000)  (2210000)  (2220000)  (2230000)  (2240000)  (2250000)  (2270000)  (2290000)  (2300000)  (2310000)  (2320000)  (2330000)  (2340000)  (2350000)  (2360000)  (2370000)  (2380000)  (2390000)  (2400000)  (2410000)  (2420000)  (2430000)  (2440000)  (2450000)  (2480000)  (2490000)  (2500000)  (2510000)  (160000)  (340000)  (510000)  (670000)  (980000)  (1110000)  (1270000)  (1500000)  (1580000)  (1820000)  (1850000)  (1930000)  (2260000) 
# ruleSet 121728
Num rules = 0, num fragment rules = 0 (num multiple terminal rules = 0). Tag index size = 720, word index size = 54493. done [14.7 sec].

## Setting up edge space ...  (10000)  (20000)  (30000)  (40000)  (50000)  (60000)  (70000)  (80000)  (90000)  (100000)  (110000)  (120000) Num rules=121582, state space size=143115. done [0.3 sec].

### Learning grammar ... 

# Construct left-corner relation matrix 311 x 311
 (10000)  (20000)  (30000)  (40000)  (50000)  (60000)  (70000)  (80000)  (90000) Done! Num rules processed =93773 Time elapsed: 131 ms

# Building left-corner closure matrix...
  num rows=311, num non-zero rows=301
 (10)  (20)  (30)  (40)  (50)  (60)  (70)  (80)  (90)  (100)  (110)  (120)  (130)  (140)  (150)  (160)  (170)  (180)  (190)  (200)  (210)  (220)  (230)  (240)  (250)  (260)  (270)  (280)  (290)  (300) Done=! Time elapsed: 1495 ms

# Construct unit-production relation matrix 720 x 720
 (100)  (200)  (300)  (400)  (500)  (600)  (700)  (800)  (900)  (1000)  (1100)  (1200)  (1300)  (1400)  (1500)  (1600)  (1700)  (1800)  (1900)  (2000)  (2100)  (2200)  (2300)  (2400)  (2500)  (2600)  (2700)  (2800)  (2900)  (3000)  (3100)  (3200)  (3300)  (3400)  (3500)  (3600)  (3700)  (3800)  (3900)  (4000)  (4100)  (4200)  (4300)  (4400)  (4500)  (4600)  (4700)  (4800)  (4900)  (5000)  (5100)  (5200)  (5300)  (5400)  (5500)  (5600)  (5700)  (5800)  (5900)  (6000)  (6100)  (6200)  (6300)  (6400) Done! Num unary rules=6495 Time elapsed: 34 ms

# Building unary closure matrix...
  num rows=720, num non-zero rows=148
 (10)  (20)  (30)  (40)  (50)  (60)  (70)  (80)  (90)  (100)  (110)  (120)  (130)  (140) Done=! Time elapsed: 1188 ms

# Processing extended rules ... ... Num extended rules=0, tag index size =720, word index size = 54493 done [0.0 sec].

## Constructing predictions ... 121582 ...  (10000)  (20000)  (30000)  (40000)  (50000)  (60000)  (70000)  (80000) slurmstepd: error: Detected 1 oom-kill event(s) in StepId=2920034.0. Some of your processes may have been killed by the cgroup out-of-memory handler.
srun: error: tcn447: task 0: Out Of Memory
srun: launch/slurm: _step_signal: Terminating StepId=2920034.0
Thu Jun 15 14:44:05 CEST 2023
cp: cannot stat '/scratch-local/jumelet.2920034/earleyx/new_results/*': No such file or directory

JOB STATISTICS
==============
Job ID: 2920034
Cluster: snellius
User/Group: jumelet/jumelet
State: FAILED (exit code 1)
Nodes: 1
Cores per node: 128
CPU Utilized: 00:00:23
CPU Efficiency: 0.51% of 01:14:40 core-walltime
Job Wall-clock time: 00:00:35
Memory Utilized: 1.66 MB
Memory Efficiency: 0.00% of 224.00 GB
